2019-04-30 17:07:39.289 febs [main] INFO  c.zjucsc.PacketMasterWebApplication - Starting PacketMasterWebApplication on SC-201705181836 with PID 17100 (C:\Users\Administrator\IdeaProjects\packet-master-web\target\classes started by Administrator in C:\Users\Administrator\IdeaProjects\packet-master-web)
2019-04-30 17:07:39.305 febs [main] INFO  c.zjucsc.PacketMasterWebApplication - No active profile set, falling back to default profiles: default
2019-04-30 17:07:41.772 febs [main] INFO  o.s.d.r.c.RepositoryConfigurationDelegate - Multiple Spring Data modules found, entering strict repository configuration mode!
2019-04-30 17:07:41.787 febs [main] INFO  o.s.d.r.c.RepositoryConfigurationDelegate - Bootstrapping Spring Data repositories in DEFAULT mode.
2019-04-30 17:07:41.866 febs [main] INFO  o.s.d.r.c.RepositoryConfigurationDelegate - Finished Spring Data repository scanning in 47ms. Found 0 repository interfaces.
2019-04-30 17:07:42.341 febs [main] INFO  o.s.c.s.PostProcessorRegistrationDelegate$BeanPostProcessorChecker - Bean 'spring.datasource.dynamic-com.baomidou.dynamic.datasource.spring.boot.autoconfigure.DynamicDataSourceProperties' of type [com.baomidou.dynamic.datasource.spring.boot.autoconfigure.DynamicDataSourceProperties] is not eligible for getting processed by all BeanPostProcessors (for example: not eligible for auto-proxying)
2019-04-30 17:07:42.346 febs [main] INFO  o.s.c.s.PostProcessorRegistrationDelegate$BeanPostProcessorChecker - Bean 'com.baomidou.dynamic.datasource.spring.boot.autoconfigure.DynamicDataSourceAutoConfiguration' of type [com.baomidou.dynamic.datasource.spring.boot.autoconfigure.DynamicDataSourceAutoConfiguration$$EnhancerBySpringCGLIB$$e318ff65] is not eligible for getting processed by all BeanPostProcessors (for example: not eligible for auto-proxying)
2019-04-30 17:07:42.354 febs [main] INFO  o.s.c.s.PostProcessorRegistrationDelegate$BeanPostProcessorChecker - Bean 'dsProcessor' of type [com.baomidou.dynamic.datasource.processor.DsHeaderProcessor] is not eligible for getting processed by all BeanPostProcessors (for example: not eligible for auto-proxying)
2019-04-30 17:07:42.358 febs [main] INFO  o.s.c.s.PostProcessorRegistrationDelegate$BeanPostProcessorChecker - Bean 'dynamicDatasourceAnnotationAdvisor' of type [com.baomidou.dynamic.datasource.aop.DynamicDataSourceAnnotationAdvisor] is not eligible for getting processed by all BeanPostProcessors (for example: not eligible for auto-proxying)
2019-04-30 17:07:42.398 febs [main] INFO  o.s.c.s.PostProcessorRegistrationDelegate$BeanPostProcessorChecker - Bean 'org.springframework.transaction.annotation.ProxyTransactionManagementConfiguration' of type [org.springframework.transaction.annotation.ProxyTransactionManagementConfiguration$$EnhancerBySpringCGLIB$$798a8e94] is not eligible for getting processed by all BeanPostProcessors (for example: not eligible for auto-proxying)
2019-04-30 17:07:42.954 febs [main] INFO  o.s.b.w.e.tomcat.TomcatWebServer - Tomcat initialized with port(s): 8080 (http)
2019-04-30 17:07:42.971 febs [main] INFO  o.a.coyote.http11.Http11NioProtocol - Initializing ProtocolHandler ["http-nio-8080"]
2019-04-30 17:07:42.984 febs [main] INFO  o.a.catalina.core.StandardService - Starting service [Tomcat]
2019-04-30 17:07:42.984 febs [main] INFO  o.a.catalina.core.StandardEngine - Starting Servlet engine: [Apache Tomcat/9.0.17]
2019-04-30 17:07:43.157 febs [main] INFO  o.a.c.c.C.[Tomcat].[localhost].[/] - Initializing Spring embedded WebApplicationContext
2019-04-30 17:07:43.157 febs [main] INFO  o.s.web.context.ContextLoader - Root WebApplicationContext: initialization completed in 3743 ms
2019-04-30 17:07:43.693 febs [main] INFO  c.b.d.d.DynamicRoutingDataSource - 动态数据源-检测到并开启了p6spy
2019-04-30 17:07:43.704 febs [main] INFO  com.zaxxer.hikari.HikariDataSource - primary - Starting...
2019-04-30 17:07:44.209 febs [main] INFO  com.zaxxer.hikari.HikariDataSource - primary - Start completed.
2019-04-30 17:07:44.209 febs [main] INFO  c.b.d.d.DynamicRoutingDataSource - 初始共加载 1 个数据源
2019-04-30 17:07:44.209 febs [main] INFO  c.b.d.d.DynamicRoutingDataSource - 动态数据源-加载 primary 成功
2019-04-30 17:07:44.209 febs [main] INFO  c.b.d.d.DynamicRoutingDataSource - 当前的默认数据源是单数据源，数据源名为 primary
2019-04-30 17:07:46.094 febs [main] INFO  o.s.b.a.e.web.EndpointLinksResolver - Exposing 2 endpoint(s) beneath base path '/actuator'
2019-04-30 17:07:46.449 febs [main] INFO  o.s.s.c.ThreadPoolTaskExecutor - Initializing ExecutorService 'applicationTaskExecutor'
2019-04-30 17:07:47.073 febs [main] INFO  org.quartz.impl.StdSchedulerFactory - Using default implementation for ThreadExecutor
2019-04-30 17:07:47.089 febs [main] INFO  o.quartz.core.SchedulerSignalerImpl - Initialized Scheduler Signaller of type: class org.quartz.core.SchedulerSignalerImpl
2019-04-30 17:07:47.089 febs [main] INFO  org.quartz.core.QuartzScheduler - Quartz Scheduler v.2.3.1 created.
2019-04-30 17:07:47.089 febs [main] INFO  org.quartz.simpl.RAMJobStore - RAMJobStore initialized.
2019-04-30 17:07:47.089 febs [main] INFO  org.quartz.core.QuartzScheduler - Scheduler meta-data: Quartz Scheduler (v2.3.1) 'quartzScheduler' with instanceId 'NON_CLUSTERED'
  Scheduler class: 'org.quartz.core.QuartzScheduler' - running locally.
  NOT STARTED.
  Currently in standby mode.
  Number of jobs executed: 0
  Using thread pool 'org.quartz.simpl.SimpleThreadPool' - with 10 threads.
  Using job-store 'org.quartz.simpl.RAMJobStore' - which does not support persistence. and is not clustered.

2019-04-30 17:07:47.089 febs [main] INFO  org.quartz.impl.StdSchedulerFactory - Quartz scheduler 'quartzScheduler' initialized from an externally provided properties instance.
2019-04-30 17:07:47.089 febs [main] INFO  org.quartz.impl.StdSchedulerFactory - Quartz scheduler version: 2.3.1
2019-04-30 17:07:47.089 febs [main] INFO  org.quartz.core.QuartzScheduler - JobFactory set to: org.springframework.scheduling.quartz.SpringBeanJobFactory@376498da
2019-04-30 17:07:47.104 febs [main] INFO  o.s.s.c.ThreadPoolTaskScheduler - Initializing ExecutorService 'taskScheduler'
2019-04-30 17:07:47.167 febs [main] INFO  s.d.s.w.p.DocumentationPluginsBootstrapper - Context refreshed
2019-04-30 17:07:47.198 febs [main] INFO  s.d.s.w.p.DocumentationPluginsBootstrapper - Found 1 custom documentation plugin(s)
2019-04-30 17:07:47.198 febs [main] INFO  s.d.s.w.s.ApiListingReferenceScanner - Scanning for api listing references
2019-04-30 17:07:47.448 febs [main] INFO  o.s.s.quartz.SchedulerFactoryBean - Starting Quartz Scheduler now
2019-04-30 17:07:47.448 febs [main] INFO  org.quartz.core.QuartzScheduler - Scheduler quartzScheduler_$_NON_CLUSTERED started.
2019-04-30 17:07:47.464 febs [main] INFO  o.a.coyote.http11.Http11NioProtocol - Starting ProtocolHandler ["http-nio-8080"]
2019-04-30 17:07:47.495 febs [main] INFO  o.s.b.w.e.tomcat.TomcatWebServer - Tomcat started on port(s): 8080 (http) with context path ''
2019-04-30 17:07:47.495 febs [main] INFO  c.zjucsc.PacketMasterWebApplication - Started PacketMasterWebApplication in 9.463 seconds (JVM running for 11.032)
2019-04-30 17:07:48.185 febs [http-nio-8080-exec-2] INFO  o.a.c.c.C.[Tomcat].[localhost].[/] - Initializing Spring DispatcherServlet 'dispatcherServlet'
2019-04-30 17:07:48.185 febs [http-nio-8080-exec-2] INFO  o.s.web.servlet.DispatcherServlet - Initializing Servlet 'dispatcherServlet'
2019-04-30 17:07:48.201 febs [http-nio-8080-exec-2] INFO  o.s.web.servlet.DispatcherServlet - Completed initialization in 16 ms
2019-04-30 17:07:48.613 febs [RMI TCP Connection(5)-127.0.0.1] INFO  p6spy - 1556615268613|8|statement|connection 3|url jdbc:mysql://localhost:3306/packet_master_web?useUnicode=true&characterEncoding=UTF-8&useJDBCCompliantTimezoneShift=true&useLegacyDatetimeCode=false&serverTimezone=UTC|select 1|select 1
2019-04-30 17:07:48.753 febs [RMI TCP Connection(5)-127.0.0.1] INFO  io.lettuce.core.EpollProvider - Starting without optional epoll library
2019-04-30 17:07:48.753 febs [RMI TCP Connection(5)-127.0.0.1] INFO  io.lettuce.core.KqueueProvider - Starting without optional kqueue library
