2019-05-06 08:43:25.632 febs [main] INFO  c.zjucsc.PacketMasterWebApplication - Starting PacketMasterWebApplication on SC-201705181836 with PID 15088 (C:\Users\Administrator\IdeaProjects\packet-master-web\target\classes started by Administrator in C:\Users\Administrator\IdeaProjects\packet-master-web)
2019-05-06 08:43:25.648 febs [main] INFO  c.zjucsc.PacketMasterWebApplication - No active profile set, falling back to default profiles: default
2019-05-06 08:43:29.351 febs [main] INFO  o.s.c.s.PostProcessorRegistrationDelegate$BeanPostProcessorChecker - Bean 'spring.datasource.dynamic-com.baomidou.dynamic.datasource.spring.boot.autoconfigure.DynamicDataSourceProperties' of type [com.baomidou.dynamic.datasource.spring.boot.autoconfigure.DynamicDataSourceProperties] is not eligible for getting processed by all BeanPostProcessors (for example: not eligible for auto-proxying)
2019-05-06 08:43:29.366 febs [main] INFO  o.s.c.s.PostProcessorRegistrationDelegate$BeanPostProcessorChecker - Bean 'com.baomidou.dynamic.datasource.spring.boot.autoconfigure.DynamicDataSourceAutoConfiguration' of type [com.baomidou.dynamic.datasource.spring.boot.autoconfigure.DynamicDataSourceAutoConfiguration$$EnhancerBySpringCGLIB$$a8c1ba80] is not eligible for getting processed by all BeanPostProcessors (for example: not eligible for auto-proxying)
2019-05-06 08:43:29.366 febs [main] INFO  o.s.c.s.PostProcessorRegistrationDelegate$BeanPostProcessorChecker - Bean 'dsProcessor' of type [com.baomidou.dynamic.datasource.processor.DsHeaderProcessor] is not eligible for getting processed by all BeanPostProcessors (for example: not eligible for auto-proxying)
2019-05-06 08:43:29.382 febs [main] INFO  o.s.c.s.PostProcessorRegistrationDelegate$BeanPostProcessorChecker - Bean 'dynamicDatasourceAnnotationAdvisor' of type [com.baomidou.dynamic.datasource.aop.DynamicDataSourceAnnotationAdvisor] is not eligible for getting processed by all BeanPostProcessors (for example: not eligible for auto-proxying)
2019-05-06 08:43:29.429 febs [main] INFO  o.s.c.s.PostProcessorRegistrationDelegate$BeanPostProcessorChecker - Bean 'org.springframework.transaction.annotation.ProxyTransactionManagementConfiguration' of type [org.springframework.transaction.annotation.ProxyTransactionManagementConfiguration$$EnhancerBySpringCGLIB$$3f3349af] is not eligible for getting processed by all BeanPostProcessors (for example: not eligible for auto-proxying)
2019-05-06 08:43:29.866 febs [main] INFO  o.s.b.w.e.tomcat.TomcatWebServer - Tomcat initialized with port(s): 8080 (http)
2019-05-06 08:43:29.882 febs [main] INFO  o.a.coyote.http11.Http11NioProtocol - Initializing ProtocolHandler ["http-nio-192.168.0.121-8080"]
2019-05-06 08:43:29.898 febs [main] INFO  o.a.catalina.core.StandardService - Starting service [Tomcat]
2019-05-06 08:43:29.898 febs [main] INFO  o.a.catalina.core.StandardEngine - Starting Servlet engine: [Apache Tomcat/9.0.17]
2019-05-06 08:43:30.069 febs [main] INFO  o.a.c.c.C.[Tomcat].[localhost].[/] - Initializing Spring embedded WebApplicationContext
2019-05-06 08:43:30.069 febs [main] INFO  o.s.web.context.ContextLoader - Root WebApplicationContext: initialization completed in 4234 ms
2019-05-06 08:43:30.444 febs [main] INFO  c.b.d.d.DynamicRoutingDataSource - 动态数据源-检测到并开启了p6spy
2019-05-06 08:43:30.460 febs [main] INFO  com.zaxxer.hikari.HikariDataSource - primary - Starting...
2019-05-06 08:43:30.960 febs [main] INFO  com.zaxxer.hikari.HikariDataSource - primary - Start completed.
2019-05-06 08:43:30.960 febs [main] INFO  c.b.d.d.DynamicRoutingDataSource - 初始共加载 1 个数据源
2019-05-06 08:43:30.960 febs [main] INFO  c.b.d.d.DynamicRoutingDataSource - 动态数据源-加载 primary 成功
2019-05-06 08:43:30.960 febs [main] INFO  c.b.d.d.DynamicRoutingDataSource - 当前的默认数据源是单数据源，数据源名为 primary
2019-05-06 08:43:33.054 febs [main] INFO  o.s.b.a.e.web.EndpointLinksResolver - Exposing 2 endpoint(s) beneath base path '/actuator'
2019-05-06 08:43:33.179 febs [main] INFO  o.s.s.c.ThreadPoolTaskExecutor - Initializing ExecutorService
2019-05-06 08:43:33.179 febs [main] INFO  o.s.s.c.ThreadPoolTaskExecutor - Initializing ExecutorService 'global_single_thread_executor'
2019-05-06 08:43:34.085 febs [main] INFO  o.s.s.c.ThreadPoolTaskScheduler - Initializing ExecutorService 'taskScheduler'
2019-05-06 08:43:34.179 febs [main] INFO  s.d.s.w.p.DocumentationPluginsBootstrapper - Context refreshed
2019-05-06 08:43:34.210 febs [main] INFO  s.d.s.w.p.DocumentationPluginsBootstrapper - Found 1 custom documentation plugin(s)
2019-05-06 08:43:34.226 febs [main] INFO  s.d.s.w.s.ApiListingReferenceScanner - Scanning for api listing references
2019-05-06 08:43:34.608 febs [main] INFO  s.d.s.w.r.o.CachingOperationNameGenerator - Generating unique operation named: updateGplotInfoUsingPOST_1
2019-05-06 08:43:34.702 febs [main] INFO  o.a.coyote.http11.Http11NioProtocol - Starting ProtocolHandler ["http-nio-192.168.0.121-8080"]
2019-05-06 08:43:34.748 febs [main] INFO  o.s.b.w.e.tomcat.TomcatWebServer - Tomcat started on port(s): 8080 (http) with context path ''
2019-05-06 08:43:34.748 febs [main] INFO  c.zjucsc.PacketMasterWebApplication - Started PacketMasterWebApplication in 10.194 seconds (JVM running for 11.625)
2019-05-06 08:43:34.780 febs [main] INFO  c.z.a.task.InitConfigurationService - load configuration : s7comm 
 {0=CPU服务, 240=建立通信, 4=读取值, 5=写入值, 40=程序调用服务, 41=关闭PLC, 26=请求下载, 27=下载块, 28=下载结束, 29=开始上传, 30=上传, 31=上传结束} 
2019-05-06 08:43:34.780 febs [main] INFO  c.z.a.task.InitConfigurationService - load configuration : modbus 
 {1=读线圈, 2=读输入离散量, 3=读多个寄存器, 4=读输入寄存器, 5=写单个线圈, 6=写单个寄存器, 43=读设备识别码, 15=写多个线圈, 16=写多个寄存器, 20=读文件记录, 21=写文件记录, 22=屏蔽写寄存器, 23=读/写多个寄存器} 
2019-05-06 08:43:35.327 febs [RMI TCP Connection(2)-127.0.0.1] INFO  o.a.c.c.C.[Tomcat].[localhost].[/] - Initializing Spring DispatcherServlet 'dispatcherServlet'
2019-05-06 08:43:35.327 febs [RMI TCP Connection(2)-127.0.0.1] INFO  o.s.web.servlet.DispatcherServlet - Initializing Servlet 'dispatcherServlet'
2019-05-06 08:43:35.342 febs [RMI TCP Connection(2)-127.0.0.1] INFO  o.s.web.servlet.DispatcherServlet - Completed initialization in 15 ms
2019-05-06 08:43:35.342 febs [RMI TCP Connection(3)-127.0.0.1] INFO  p6spy - 1557103415342|8|statement|connection 2|url jdbc:mysql://localhost:3306/packet_master_web?useUnicode=true&characterEncoding=UTF-8&useJDBCCompliantTimezoneShift=true&useLegacyDatetimeCode=false&serverTimezone=UTC|select 1|select 1
