2019-05-01 00:51:56.501 febs [main] INFO  c.zjucsc.PacketMasterWebApplication - Starting PacketMasterWebApplication on hongqianhuideMacBook-Pro.local with PID 26762 (/Users/hongqianhui/JavaProjects/packet-master-web/target/classes started by hongqianhui in /Users/hongqianhui/JavaProjects/packet-master-web)
2019-05-01 00:51:56.504 febs [main] INFO  c.zjucsc.PacketMasterWebApplication - No active profile set, falling back to default profiles: default
2019-05-01 00:51:57.774 febs [main] INFO  o.s.d.r.c.RepositoryConfigurationDelegate - Multiple Spring Data modules found, entering strict repository configuration mode!
2019-05-01 00:51:57.777 febs [main] INFO  o.s.d.r.c.RepositoryConfigurationDelegate - Bootstrapping Spring Data repositories in DEFAULT mode.
2019-05-01 00:51:57.831 febs [main] INFO  o.s.d.r.c.RepositoryConfigurationDelegate - Finished Spring Data repository scanning in 30ms. Found 0 repository interfaces.
2019-05-01 00:51:58.270 febs [main] INFO  o.s.c.s.PostProcessorRegistrationDelegate$BeanPostProcessorChecker - Bean 'spring.datasource.dynamic-com.baomidou.dynamic.datasource.spring.boot.autoconfigure.DynamicDataSourceProperties' of type [com.baomidou.dynamic.datasource.spring.boot.autoconfigure.DynamicDataSourceProperties] is not eligible for getting processed by all BeanPostProcessors (for example: not eligible for auto-proxying)
2019-05-01 00:51:58.274 febs [main] INFO  o.s.c.s.PostProcessorRegistrationDelegate$BeanPostProcessorChecker - Bean 'com.baomidou.dynamic.datasource.spring.boot.autoconfigure.DynamicDataSourceAutoConfiguration' of type [com.baomidou.dynamic.datasource.spring.boot.autoconfigure.DynamicDataSourceAutoConfiguration$$EnhancerBySpringCGLIB$$914cc483] is not eligible for getting processed by all BeanPostProcessors (for example: not eligible for auto-proxying)
2019-05-01 00:51:58.281 febs [main] INFO  o.s.c.s.PostProcessorRegistrationDelegate$BeanPostProcessorChecker - Bean 'dsProcessor' of type [com.baomidou.dynamic.datasource.processor.DsHeaderProcessor] is not eligible for getting processed by all BeanPostProcessors (for example: not eligible for auto-proxying)
2019-05-01 00:51:58.284 febs [main] INFO  o.s.c.s.PostProcessorRegistrationDelegate$BeanPostProcessorChecker - Bean 'dynamicDatasourceAnnotationAdvisor' of type [com.baomidou.dynamic.datasource.aop.DynamicDataSourceAnnotationAdvisor] is not eligible for getting processed by all BeanPostProcessors (for example: not eligible for auto-proxying)
2019-05-01 00:51:58.329 febs [main] INFO  o.s.c.s.PostProcessorRegistrationDelegate$BeanPostProcessorChecker - Bean 'org.springframework.transaction.annotation.ProxyTransactionManagementConfiguration' of type [org.springframework.transaction.annotation.ProxyTransactionManagementConfiguration$$EnhancerBySpringCGLIB$$27be53b2] is not eligible for getting processed by all BeanPostProcessors (for example: not eligible for auto-proxying)
2019-05-01 00:51:58.817 febs [main] INFO  o.s.b.w.e.tomcat.TomcatWebServer - Tomcat initialized with port(s): 8080 (http)
2019-05-01 00:51:58.836 febs [main] INFO  o.a.coyote.http11.Http11NioProtocol - Initializing ProtocolHandler ["http-nio-8080"]
2019-05-01 00:51:58.846 febs [main] INFO  o.a.catalina.core.StandardService - Starting service [Tomcat]
2019-05-01 00:51:58.846 febs [main] INFO  o.a.catalina.core.StandardEngine - Starting Servlet engine: [Apache Tomcat/9.0.17]
2019-05-01 00:51:58.982 febs [main] INFO  o.a.c.c.C.[Tomcat].[localhost].[/] - Initializing Spring embedded WebApplicationContext
2019-05-01 00:51:58.982 febs [main] INFO  o.s.web.context.ContextLoader - Root WebApplicationContext: initialization completed in 2416 ms
2019-05-01 00:51:59.508 febs [main] INFO  c.b.d.d.DynamicRoutingDataSource - 动态数据源-检测到并开启了p6spy
2019-05-01 00:51:59.523 febs [main] INFO  com.zaxxer.hikari.HikariDataSource - primary - Starting...
2019-05-01 00:51:59.907 febs [main] INFO  com.zaxxer.hikari.HikariDataSource - primary - Start completed.
2019-05-01 00:51:59.907 febs [main] INFO  c.b.d.d.DynamicRoutingDataSource - 初始共加载 1 个数据源
2019-05-01 00:51:59.907 febs [main] INFO  c.b.d.d.DynamicRoutingDataSource - 动态数据源-加载 primary 成功
2019-05-01 00:51:59.907 febs [main] INFO  c.b.d.d.DynamicRoutingDataSource - 当前的默认数据源是单数据源，数据源名为 primary
2019-05-01 00:52:01.126 febs [main] INFO  o.s.b.a.e.web.EndpointLinksResolver - Exposing 2 endpoint(s) beneath base path '/actuator'
2019-05-01 00:52:01.380 febs [main] INFO  o.s.s.c.ThreadPoolTaskExecutor - Initializing ExecutorService 'applicationTaskExecutor'
2019-05-01 00:52:02.029 febs [main] INFO  org.quartz.impl.StdSchedulerFactory - Using default implementation for ThreadExecutor
2019-05-01 00:52:02.043 febs [main] INFO  o.quartz.core.SchedulerSignalerImpl - Initialized Scheduler Signaller of type: class org.quartz.core.SchedulerSignalerImpl
2019-05-01 00:52:02.043 febs [main] INFO  org.quartz.core.QuartzScheduler - Quartz Scheduler v.2.3.1 created.
2019-05-01 00:52:02.044 febs [main] INFO  org.quartz.simpl.RAMJobStore - RAMJobStore initialized.
2019-05-01 00:52:02.045 febs [main] INFO  org.quartz.core.QuartzScheduler - Scheduler meta-data: Quartz Scheduler (v2.3.1) 'quartzScheduler' with instanceId 'NON_CLUSTERED'
  Scheduler class: 'org.quartz.core.QuartzScheduler' - running locally.
  NOT STARTED.
  Currently in standby mode.
  Number of jobs executed: 0
  Using thread pool 'org.quartz.simpl.SimpleThreadPool' - with 10 threads.
  Using job-store 'org.quartz.simpl.RAMJobStore' - which does not support persistence. and is not clustered.

2019-05-01 00:52:02.045 febs [main] INFO  org.quartz.impl.StdSchedulerFactory - Quartz scheduler 'quartzScheduler' initialized from an externally provided properties instance.
2019-05-01 00:52:02.045 febs [main] INFO  org.quartz.impl.StdSchedulerFactory - Quartz scheduler version: 2.3.1
2019-05-01 00:52:02.045 febs [main] INFO  org.quartz.core.QuartzScheduler - JobFactory set to: org.springframework.scheduling.quartz.SpringBeanJobFactory@6c2883b1
2019-05-01 00:52:02.060 febs [main] INFO  o.s.s.c.ThreadPoolTaskScheduler - Initializing ExecutorService 'taskScheduler'
2019-05-01 00:52:02.112 febs [main] INFO  s.d.s.w.p.DocumentationPluginsBootstrapper - Context refreshed
2019-05-01 00:52:02.133 febs [main] INFO  s.d.s.w.p.DocumentationPluginsBootstrapper - Found 1 custom documentation plugin(s)
2019-05-01 00:52:02.145 febs [main] INFO  s.d.s.w.s.ApiListingReferenceScanner - Scanning for api listing references
2019-05-01 00:52:02.377 febs [main] INFO  o.s.s.quartz.SchedulerFactoryBean - Starting Quartz Scheduler now
2019-05-01 00:52:02.377 febs [main] INFO  org.quartz.core.QuartzScheduler - Scheduler quartzScheduler_$_NON_CLUSTERED started.
2019-05-01 00:52:02.390 febs [main] INFO  o.a.coyote.http11.Http11NioProtocol - Starting ProtocolHandler ["http-nio-8080"]
2019-05-01 00:52:02.425 febs [main] INFO  o.s.b.w.e.tomcat.TomcatWebServer - Tomcat started on port(s): 8080 (http) with context path ''
2019-05-01 00:52:02.427 febs [main] INFO  c.zjucsc.PacketMasterWebApplication - Started PacketMasterWebApplication in 6.591 seconds (JVM running for 7.405)
2019-05-01 00:52:02.864 febs [RMI TCP Connection(3)-127.0.0.1] INFO  o.a.c.c.C.[Tomcat].[localhost].[/] - Initializing Spring DispatcherServlet 'dispatcherServlet'
2019-05-01 00:52:02.865 febs [RMI TCP Connection(3)-127.0.0.1] INFO  o.s.web.servlet.DispatcherServlet - Initializing Servlet 'dispatcherServlet'
2019-05-01 00:52:02.874 febs [RMI TCP Connection(2)-127.0.0.1] INFO  p6spy - 1556643122874|10|statement|connection 3|url jdbc:mysql://localhost:3306/packet_master_web?useUnicode=true&characterEncoding=UTF-8&useJDBCCompliantTimezoneShift=true&useLegacyDatetimeCode=false&serverTimezone=UTC|select 1|select 1
2019-05-01 00:52:02.880 febs [RMI TCP Connection(3)-127.0.0.1] INFO  o.s.web.servlet.DispatcherServlet - Completed initialization in 15 ms
2019-05-01 00:52:03.242 febs [RMI TCP Connection(2)-127.0.0.1] INFO  io.lettuce.core.EpollProvider - Starting without optional epoll library
2019-05-01 00:52:03.280 febs [RMI TCP Connection(2)-127.0.0.1] INFO  io.lettuce.core.KqueueProvider - Starting with kqueue library
2019-05-01 00:54:32.699 febs [Thread-26] INFO  c.c.socketio.SocketIOServer - Session store / pubsub factory used: MemoryStoreFactory (local session store only)
2019-05-01 00:56:23.679 febs [Thread-17] INFO  org.quartz.core.QuartzScheduler - Scheduler quartzScheduler_$_NON_CLUSTERED paused.
2019-05-01 00:56:23.681 febs [Thread-17] INFO  o.s.s.c.ThreadPoolTaskScheduler - Shutting down ExecutorService 'taskScheduler'
2019-05-01 00:56:23.681 febs [Thread-17] INFO  o.s.s.quartz.SchedulerFactoryBean - Shutting down Quartz Scheduler
2019-05-01 00:56:23.681 febs [Thread-17] INFO  org.quartz.core.QuartzScheduler - Scheduler quartzScheduler_$_NON_CLUSTERED shutting down.
2019-05-01 00:56:23.682 febs [Thread-17] INFO  org.quartz.core.QuartzScheduler - Scheduler quartzScheduler_$_NON_CLUSTERED paused.
2019-05-01 00:56:23.683 febs [Thread-17] INFO  org.quartz.core.QuartzScheduler - Scheduler quartzScheduler_$_NON_CLUSTERED shutdown complete.
2019-05-01 00:56:23.685 febs [Thread-17] INFO  o.s.s.c.ThreadPoolTaskExecutor - Shutting down ExecutorService 'applicationTaskExecutor'
2019-05-01 00:56:23.687 febs [Thread-17] INFO  c.b.d.d.DynamicRoutingDataSource - closing dynamicDatasource  ing....
2019-05-01 00:56:23.688 febs [Thread-17] INFO  o.s.b.f.s.DisposableBeanAdapter - Invocation of destroy method failed on bean with name 'dataSource': java.lang.NoSuchMethodException: com.p6spy.engine.spy.P6DataSource.close()
2019-05-01 00:56:29.692 febs [main] INFO  c.zjucsc.PacketMasterWebApplication - Starting PacketMasterWebApplication on hongqianhuideMacBook-Pro.local with PID 26780 (/Users/hongqianhui/JavaProjects/packet-master-web/target/classes started by hongqianhui in /Users/hongqianhui/JavaProjects/packet-master-web)
2019-05-01 00:56:29.695 febs [main] INFO  c.zjucsc.PacketMasterWebApplication - No active profile set, falling back to default profiles: default
2019-05-01 00:56:30.757 febs [main] INFO  o.s.d.r.c.RepositoryConfigurationDelegate - Multiple Spring Data modules found, entering strict repository configuration mode!
2019-05-01 00:56:30.759 febs [main] INFO  o.s.d.r.c.RepositoryConfigurationDelegate - Bootstrapping Spring Data repositories in DEFAULT mode.
2019-05-01 00:56:30.786 febs [main] INFO  o.s.d.r.c.RepositoryConfigurationDelegate - Finished Spring Data repository scanning in 18ms. Found 0 repository interfaces.
2019-05-01 00:56:31.130 febs [main] INFO  o.s.c.s.PostProcessorRegistrationDelegate$BeanPostProcessorChecker - Bean 'spring.datasource.dynamic-com.baomidou.dynamic.datasource.spring.boot.autoconfigure.DynamicDataSourceProperties' of type [com.baomidou.dynamic.datasource.spring.boot.autoconfigure.DynamicDataSourceProperties] is not eligible for getting processed by all BeanPostProcessors (for example: not eligible for auto-proxying)
2019-05-01 00:56:31.133 febs [main] INFO  o.s.c.s.PostProcessorRegistrationDelegate$BeanPostProcessorChecker - Bean 'com.baomidou.dynamic.datasource.spring.boot.autoconfigure.DynamicDataSourceAutoConfiguration' of type [com.baomidou.dynamic.datasource.spring.boot.autoconfigure.DynamicDataSourceAutoConfiguration$$EnhancerBySpringCGLIB$$fb8e7a8a] is not eligible for getting processed by all BeanPostProcessors (for example: not eligible for auto-proxying)
2019-05-01 00:56:31.139 febs [main] INFO  o.s.c.s.PostProcessorRegistrationDelegate$BeanPostProcessorChecker - Bean 'dsProcessor' of type [com.baomidou.dynamic.datasource.processor.DsHeaderProcessor] is not eligible for getting processed by all BeanPostProcessors (for example: not eligible for auto-proxying)
2019-05-01 00:56:31.141 febs [main] INFO  o.s.c.s.PostProcessorRegistrationDelegate$BeanPostProcessorChecker - Bean 'dynamicDatasourceAnnotationAdvisor' of type [com.baomidou.dynamic.datasource.aop.DynamicDataSourceAnnotationAdvisor] is not eligible for getting processed by all BeanPostProcessors (for example: not eligible for auto-proxying)
2019-05-01 00:56:31.169 febs [main] INFO  o.s.c.s.PostProcessorRegistrationDelegate$BeanPostProcessorChecker - Bean 'org.springframework.transaction.annotation.ProxyTransactionManagementConfiguration' of type [org.springframework.transaction.annotation.ProxyTransactionManagementConfiguration$$EnhancerBySpringCGLIB$$920009b9] is not eligible for getting processed by all BeanPostProcessors (for example: not eligible for auto-proxying)
2019-05-01 00:56:31.553 febs [main] INFO  o.s.b.w.e.tomcat.TomcatWebServer - Tomcat initialized with port(s): 8080 (http)
2019-05-01 00:56:31.564 febs [main] INFO  o.a.coyote.http11.Http11NioProtocol - Initializing ProtocolHandler ["http-nio-8080"]
2019-05-01 00:56:31.574 febs [main] INFO  o.a.catalina.core.StandardService - Starting service [Tomcat]
2019-05-01 00:56:31.575 febs [main] INFO  o.a.catalina.core.StandardEngine - Starting Servlet engine: [Apache Tomcat/9.0.17]
2019-05-01 00:56:31.705 febs [main] INFO  o.a.c.c.C.[Tomcat].[localhost].[/] - Initializing Spring embedded WebApplicationContext
2019-05-01 00:56:31.705 febs [main] INFO  o.s.web.context.ContextLoader - Root WebApplicationContext: initialization completed in 1966 ms
2019-05-01 00:56:32.089 febs [main] INFO  c.b.d.d.DynamicRoutingDataSource - 动态数据源-检测到并开启了p6spy
2019-05-01 00:56:32.095 febs [main] INFO  com.zaxxer.hikari.HikariDataSource - primary - Starting...
2019-05-01 00:56:32.330 febs [main] INFO  com.zaxxer.hikari.HikariDataSource - primary - Start completed.
2019-05-01 00:56:32.330 febs [main] INFO  c.b.d.d.DynamicRoutingDataSource - 初始共加载 1 个数据源
2019-05-01 00:56:32.330 febs [main] INFO  c.b.d.d.DynamicRoutingDataSource - 动态数据源-加载 primary 成功
2019-05-01 00:56:32.330 febs [main] INFO  c.b.d.d.DynamicRoutingDataSource - 当前的默认数据源是单数据源，数据源名为 primary
2019-05-01 00:56:33.331 febs [main] INFO  o.s.b.a.e.web.EndpointLinksResolver - Exposing 2 endpoint(s) beneath base path '/actuator'
2019-05-01 00:56:33.573 febs [main] INFO  o.s.s.c.ThreadPoolTaskExecutor - Initializing ExecutorService 'applicationTaskExecutor'
2019-05-01 00:56:34.106 febs [main] INFO  org.quartz.impl.StdSchedulerFactory - Using default implementation for ThreadExecutor
2019-05-01 00:56:34.114 febs [main] INFO  o.quartz.core.SchedulerSignalerImpl - Initialized Scheduler Signaller of type: class org.quartz.core.SchedulerSignalerImpl
2019-05-01 00:56:34.114 febs [main] INFO  org.quartz.core.QuartzScheduler - Quartz Scheduler v.2.3.1 created.
2019-05-01 00:56:34.115 febs [main] INFO  org.quartz.simpl.RAMJobStore - RAMJobStore initialized.
2019-05-01 00:56:34.116 febs [main] INFO  org.quartz.core.QuartzScheduler - Scheduler meta-data: Quartz Scheduler (v2.3.1) 'quartzScheduler' with instanceId 'NON_CLUSTERED'
  Scheduler class: 'org.quartz.core.QuartzScheduler' - running locally.
  NOT STARTED.
  Currently in standby mode.
  Number of jobs executed: 0
  Using thread pool 'org.quartz.simpl.SimpleThreadPool' - with 10 threads.
  Using job-store 'org.quartz.simpl.RAMJobStore' - which does not support persistence. and is not clustered.

2019-05-01 00:56:34.116 febs [main] INFO  org.quartz.impl.StdSchedulerFactory - Quartz scheduler 'quartzScheduler' initialized from an externally provided properties instance.
2019-05-01 00:56:34.116 febs [main] INFO  org.quartz.impl.StdSchedulerFactory - Quartz scheduler version: 2.3.1
2019-05-01 00:56:34.116 febs [main] INFO  org.quartz.core.QuartzScheduler - JobFactory set to: org.springframework.scheduling.quartz.SpringBeanJobFactory@686b1e2d
2019-05-01 00:56:34.129 febs [main] INFO  o.s.s.c.ThreadPoolTaskScheduler - Initializing ExecutorService 'taskScheduler'
2019-05-01 00:56:34.180 febs [main] INFO  s.d.s.w.p.DocumentationPluginsBootstrapper - Context refreshed
2019-05-01 00:56:34.190 febs [main] INFO  s.d.s.w.p.DocumentationPluginsBootstrapper - Found 1 custom documentation plugin(s)
2019-05-01 00:56:34.201 febs [main] INFO  s.d.s.w.s.ApiListingReferenceScanner - Scanning for api listing references
2019-05-01 00:56:34.363 febs [main] INFO  o.s.s.quartz.SchedulerFactoryBean - Starting Quartz Scheduler now
2019-05-01 00:56:34.363 febs [main] INFO  org.quartz.core.QuartzScheduler - Scheduler quartzScheduler_$_NON_CLUSTERED started.
2019-05-01 00:56:34.381 febs [main] INFO  o.a.coyote.http11.Http11NioProtocol - Starting ProtocolHandler ["http-nio-8080"]
2019-05-01 00:56:34.422 febs [main] INFO  o.s.b.w.e.tomcat.TomcatWebServer - Tomcat started on port(s): 8080 (http) with context path ''
2019-05-01 00:56:34.425 febs [main] INFO  c.zjucsc.PacketMasterWebApplication - Started PacketMasterWebApplication in 5.465 seconds (JVM running for 6.292)
2019-05-01 00:56:34.977 febs [RMI TCP Connection(2)-127.0.0.1] INFO  o.a.c.c.C.[Tomcat].[localhost].[/] - Initializing Spring DispatcherServlet 'dispatcherServlet'
2019-05-01 00:56:34.977 febs [RMI TCP Connection(2)-127.0.0.1] INFO  o.s.web.servlet.DispatcherServlet - Initializing Servlet 'dispatcherServlet'
2019-05-01 00:56:34.984 febs [RMI TCP Connection(5)-127.0.0.1] INFO  p6spy - 1556643394984|6|statement|connection 3|url jdbc:mysql://localhost:3306/packet_master_web?useUnicode=true&characterEncoding=UTF-8&useJDBCCompliantTimezoneShift=true&useLegacyDatetimeCode=false&serverTimezone=UTC|select 1|select 1
2019-05-01 00:56:34.989 febs [RMI TCP Connection(2)-127.0.0.1] INFO  o.s.web.servlet.DispatcherServlet - Completed initialization in 12 ms
2019-05-01 00:56:35.320 febs [RMI TCP Connection(5)-127.0.0.1] INFO  io.lettuce.core.EpollProvider - Starting without optional epoll library
2019-05-01 00:56:35.339 febs [RMI TCP Connection(5)-127.0.0.1] INFO  io.lettuce.core.KqueueProvider - Starting with kqueue library
2019-05-01 00:56:52.700 febs [Thread-14] INFO  org.quartz.core.QuartzScheduler - Scheduler quartzScheduler_$_NON_CLUSTERED paused.
2019-05-01 00:56:52.706 febs [Thread-14] INFO  o.s.s.c.ThreadPoolTaskScheduler - Shutting down ExecutorService 'taskScheduler'
2019-05-01 00:56:52.707 febs [Thread-14] INFO  o.s.s.quartz.SchedulerFactoryBean - Shutting down Quartz Scheduler
2019-05-01 00:56:52.707 febs [Thread-14] INFO  org.quartz.core.QuartzScheduler - Scheduler quartzScheduler_$_NON_CLUSTERED shutting down.
2019-05-01 00:56:52.707 febs [Thread-14] INFO  org.quartz.core.QuartzScheduler - Scheduler quartzScheduler_$_NON_CLUSTERED paused.
2019-05-01 00:56:52.707 febs [Thread-14] INFO  org.quartz.core.QuartzScheduler - Scheduler quartzScheduler_$_NON_CLUSTERED shutdown complete.
2019-05-01 00:56:52.709 febs [Thread-14] INFO  o.s.s.c.ThreadPoolTaskExecutor - Shutting down ExecutorService 'applicationTaskExecutor'
2019-05-01 00:56:52.712 febs [Thread-14] INFO  c.b.d.d.DynamicRoutingDataSource - closing dynamicDatasource  ing....
2019-05-01 00:56:52.713 febs [Thread-14] INFO  o.s.b.f.s.DisposableBeanAdapter - Invocation of destroy method failed on bean with name 'dataSource': java.lang.NoSuchMethodException: com.p6spy.engine.spy.P6DataSource.close()
2019-05-01 00:56:58.700 febs [main] INFO  c.zjucsc.PacketMasterWebApplication - Starting PacketMasterWebApplication on hongqianhuideMacBook-Pro.local with PID 26786 (/Users/hongqianhui/JavaProjects/packet-master-web/target/classes started by hongqianhui in /Users/hongqianhui/JavaProjects/packet-master-web)
2019-05-01 00:56:58.702 febs [main] INFO  c.zjucsc.PacketMasterWebApplication - No active profile set, falling back to default profiles: default
2019-05-01 00:56:59.886 febs [main] INFO  o.s.d.r.c.RepositoryConfigurationDelegate - Multiple Spring Data modules found, entering strict repository configuration mode!
2019-05-01 00:56:59.887 febs [main] INFO  o.s.d.r.c.RepositoryConfigurationDelegate - Bootstrapping Spring Data repositories in DEFAULT mode.
2019-05-01 00:56:59.914 febs [main] INFO  o.s.d.r.c.RepositoryConfigurationDelegate - Finished Spring Data repository scanning in 17ms. Found 0 repository interfaces.
2019-05-01 00:57:00.257 febs [main] INFO  o.s.c.s.PostProcessorRegistrationDelegate$BeanPostProcessorChecker - Bean 'spring.datasource.dynamic-com.baomidou.dynamic.datasource.spring.boot.autoconfigure.DynamicDataSourceProperties' of type [com.baomidou.dynamic.datasource.spring.boot.autoconfigure.DynamicDataSourceProperties] is not eligible for getting processed by all BeanPostProcessors (for example: not eligible for auto-proxying)
2019-05-01 00:57:00.260 febs [main] INFO  o.s.c.s.PostProcessorRegistrationDelegate$BeanPostProcessorChecker - Bean 'com.baomidou.dynamic.datasource.spring.boot.autoconfigure.DynamicDataSourceAutoConfiguration' of type [com.baomidou.dynamic.datasource.spring.boot.autoconfigure.DynamicDataSourceAutoConfiguration$$EnhancerBySpringCGLIB$$f8bd9dcb] is not eligible for getting processed by all BeanPostProcessors (for example: not eligible for auto-proxying)
2019-05-01 00:57:00.266 febs [main] INFO  o.s.c.s.PostProcessorRegistrationDelegate$BeanPostProcessorChecker - Bean 'dsProcessor' of type [com.baomidou.dynamic.datasource.processor.DsHeaderProcessor] is not eligible for getting processed by all BeanPostProcessors (for example: not eligible for auto-proxying)
2019-05-01 00:57:00.269 febs [main] INFO  o.s.c.s.PostProcessorRegistrationDelegate$BeanPostProcessorChecker - Bean 'dynamicDatasourceAnnotationAdvisor' of type [com.baomidou.dynamic.datasource.aop.DynamicDataSourceAnnotationAdvisor] is not eligible for getting processed by all BeanPostProcessors (for example: not eligible for auto-proxying)
2019-05-01 00:57:00.301 febs [main] INFO  o.s.c.s.PostProcessorRegistrationDelegate$BeanPostProcessorChecker - Bean 'org.springframework.transaction.annotation.ProxyTransactionManagementConfiguration' of type [org.springframework.transaction.annotation.ProxyTransactionManagementConfiguration$$EnhancerBySpringCGLIB$$8f2f2cfa] is not eligible for getting processed by all BeanPostProcessors (for example: not eligible for auto-proxying)
2019-05-01 00:57:00.641 febs [main] INFO  o.s.b.w.e.tomcat.TomcatWebServer - Tomcat initialized with port(s): 8080 (http)
2019-05-01 00:57:00.652 febs [main] INFO  o.a.coyote.http11.Http11NioProtocol - Initializing ProtocolHandler ["http-nio-8080"]
2019-05-01 00:57:00.659 febs [main] INFO  o.a.catalina.core.StandardService - Starting service [Tomcat]
2019-05-01 00:57:00.659 febs [main] INFO  o.a.catalina.core.StandardEngine - Starting Servlet engine: [Apache Tomcat/9.0.17]
2019-05-01 00:57:00.739 febs [main] INFO  o.a.c.c.C.[Tomcat].[localhost].[/] - Initializing Spring embedded WebApplicationContext
2019-05-01 00:57:00.740 febs [main] INFO  o.s.web.context.ContextLoader - Root WebApplicationContext: initialization completed in 1907 ms
2019-05-01 00:57:01.069 febs [main] INFO  c.b.d.d.DynamicRoutingDataSource - 动态数据源-检测到并开启了p6spy
2019-05-01 00:57:01.075 febs [main] INFO  com.zaxxer.hikari.HikariDataSource - primary - Starting...
2019-05-01 00:57:01.295 febs [main] INFO  com.zaxxer.hikari.HikariDataSource - primary - Start completed.
2019-05-01 00:57:01.295 febs [main] INFO  c.b.d.d.DynamicRoutingDataSource - 初始共加载 1 个数据源
2019-05-01 00:57:01.295 febs [main] INFO  c.b.d.d.DynamicRoutingDataSource - 动态数据源-加载 primary 成功
2019-05-01 00:57:01.295 febs [main] INFO  c.b.d.d.DynamicRoutingDataSource - 当前的默认数据源是单数据源，数据源名为 primary
2019-05-01 00:57:02.141 febs [main] INFO  o.s.b.a.e.web.EndpointLinksResolver - Exposing 2 endpoint(s) beneath base path '/actuator'
2019-05-01 00:57:02.341 febs [main] INFO  o.s.s.c.ThreadPoolTaskExecutor - Initializing ExecutorService 'applicationTaskExecutor'
2019-05-01 00:57:02.759 febs [main] INFO  org.quartz.impl.StdSchedulerFactory - Using default implementation for ThreadExecutor
2019-05-01 00:57:02.767 febs [main] INFO  o.quartz.core.SchedulerSignalerImpl - Initialized Scheduler Signaller of type: class org.quartz.core.SchedulerSignalerImpl
2019-05-01 00:57:02.767 febs [main] INFO  org.quartz.core.QuartzScheduler - Quartz Scheduler v.2.3.1 created.
2019-05-01 00:57:02.768 febs [main] INFO  org.quartz.simpl.RAMJobStore - RAMJobStore initialized.
2019-05-01 00:57:02.768 febs [main] INFO  org.quartz.core.QuartzScheduler - Scheduler meta-data: Quartz Scheduler (v2.3.1) 'quartzScheduler' with instanceId 'NON_CLUSTERED'
  Scheduler class: 'org.quartz.core.QuartzScheduler' - running locally.
  NOT STARTED.
  Currently in standby mode.
  Number of jobs executed: 0
  Using thread pool 'org.quartz.simpl.SimpleThreadPool' - with 10 threads.
  Using job-store 'org.quartz.simpl.RAMJobStore' - which does not support persistence. and is not clustered.

2019-05-01 00:57:02.768 febs [main] INFO  org.quartz.impl.StdSchedulerFactory - Quartz scheduler 'quartzScheduler' initialized from an externally provided properties instance.
2019-05-01 00:57:02.768 febs [main] INFO  org.quartz.impl.StdSchedulerFactory - Quartz scheduler version: 2.3.1
2019-05-01 00:57:02.768 febs [main] INFO  org.quartz.core.QuartzScheduler - JobFactory set to: org.springframework.scheduling.quartz.SpringBeanJobFactory@3c544c9
2019-05-01 00:57:02.782 febs [main] INFO  o.s.s.c.ThreadPoolTaskScheduler - Initializing ExecutorService 'taskScheduler'
2019-05-01 00:57:02.837 febs [main] INFO  s.d.s.w.p.DocumentationPluginsBootstrapper - Context refreshed
2019-05-01 00:57:02.847 febs [main] INFO  s.d.s.w.p.DocumentationPluginsBootstrapper - Found 1 custom documentation plugin(s)
2019-05-01 00:57:02.858 febs [main] INFO  s.d.s.w.s.ApiListingReferenceScanner - Scanning for api listing references
2019-05-01 00:57:03.004 febs [main] INFO  o.s.s.quartz.SchedulerFactoryBean - Starting Quartz Scheduler now
2019-05-01 00:57:03.004 febs [main] INFO  org.quartz.core.QuartzScheduler - Scheduler quartzScheduler_$_NON_CLUSTERED started.
2019-05-01 00:57:03.022 febs [main] INFO  o.a.coyote.http11.Http11NioProtocol - Starting ProtocolHandler ["http-nio-8080"]
2019-05-01 00:57:03.064 febs [main] INFO  o.s.b.w.e.tomcat.TomcatWebServer - Tomcat started on port(s): 8080 (http) with context path ''
2019-05-01 00:57:03.068 febs [main] INFO  c.zjucsc.PacketMasterWebApplication - Started PacketMasterWebApplication in 4.962 seconds (JVM running for 5.554)
2019-05-01 00:57:03.296 febs [RMI TCP Connection(4)-127.0.0.1] INFO  o.a.c.c.C.[Tomcat].[localhost].[/] - Initializing Spring DispatcherServlet 'dispatcherServlet'
2019-05-01 00:57:03.296 febs [RMI TCP Connection(4)-127.0.0.1] INFO  o.s.web.servlet.DispatcherServlet - Initializing Servlet 'dispatcherServlet'
2019-05-01 00:57:03.302 febs [RMI TCP Connection(6)-127.0.0.1] INFO  p6spy - 1556643423302|5|statement|connection 3|url jdbc:mysql://localhost:3306/packet_master_web?useUnicode=true&characterEncoding=UTF-8&useJDBCCompliantTimezoneShift=true&useLegacyDatetimeCode=false&serverTimezone=UTC|select 1|select 1
2019-05-01 00:57:03.309 febs [RMI TCP Connection(4)-127.0.0.1] INFO  o.s.web.servlet.DispatcherServlet - Completed initialization in 13 ms
2019-05-01 00:57:03.582 febs [RMI TCP Connection(6)-127.0.0.1] INFO  io.lettuce.core.EpollProvider - Starting without optional epoll library
2019-05-01 00:57:03.600 febs [RMI TCP Connection(6)-127.0.0.1] INFO  io.lettuce.core.KqueueProvider - Starting with kqueue library
2019-05-01 00:57:17.988 febs [Thread-22] INFO  c.c.socketio.SocketIOServer - Session store / pubsub factory used: MemoryStoreFactory (local session store only)
2019-05-01 00:57:18.058 febs [nioEventLoopGroup-5-1] INFO  c.c.socketio.SocketIOServer - SocketIO server started at port: 8081
2019-05-01 01:00:41.860 febs [Thread-13] INFO  org.quartz.core.QuartzScheduler - Scheduler quartzScheduler_$_NON_CLUSTERED paused.
2019-05-01 01:00:41.863 febs [Thread-13] INFO  o.s.s.c.ThreadPoolTaskScheduler - Shutting down ExecutorService 'taskScheduler'
2019-05-01 01:00:41.864 febs [Thread-13] INFO  o.s.s.quartz.SchedulerFactoryBean - Shutting down Quartz Scheduler
2019-05-01 01:00:41.864 febs [Thread-13] INFO  org.quartz.core.QuartzScheduler - Scheduler quartzScheduler_$_NON_CLUSTERED shutting down.
2019-05-01 01:00:41.864 febs [Thread-13] INFO  org.quartz.core.QuartzScheduler - Scheduler quartzScheduler_$_NON_CLUSTERED paused.
2019-05-01 01:00:41.865 febs [Thread-13] INFO  org.quartz.core.QuartzScheduler - Scheduler quartzScheduler_$_NON_CLUSTERED shutdown complete.
2019-05-01 01:00:41.868 febs [Thread-13] INFO  o.s.s.c.ThreadPoolTaskExecutor - Shutting down ExecutorService 'applicationTaskExecutor'
2019-05-01 01:00:41.872 febs [Thread-13] INFO  c.b.d.d.DynamicRoutingDataSource - closing dynamicDatasource  ing....
2019-05-01 01:00:41.873 febs [Thread-13] INFO  o.s.b.f.s.DisposableBeanAdapter - Invocation of destroy method failed on bean with name 'dataSource': java.lang.NoSuchMethodException: com.p6spy.engine.spy.P6DataSource.close()
2019-05-01 01:00:48.129 febs [main] INFO  c.zjucsc.PacketMasterWebApplication - Starting PacketMasterWebApplication on hongqianhuideMacBook-Pro.local with PID 26804 (/Users/hongqianhui/JavaProjects/packet-master-web/target/classes started by hongqianhui in /Users/hongqianhui/JavaProjects/packet-master-web)
2019-05-01 01:00:48.133 febs [main] INFO  c.zjucsc.PacketMasterWebApplication - No active profile set, falling back to default profiles: default
2019-05-01 01:00:49.212 febs [main] INFO  o.s.d.r.c.RepositoryConfigurationDelegate - Multiple Spring Data modules found, entering strict repository configuration mode!
2019-05-01 01:00:49.213 febs [main] INFO  o.s.d.r.c.RepositoryConfigurationDelegate - Bootstrapping Spring Data repositories in DEFAULT mode.
2019-05-01 01:00:49.239 febs [main] INFO  o.s.d.r.c.RepositoryConfigurationDelegate - Finished Spring Data repository scanning in 17ms. Found 0 repository interfaces.
2019-05-01 01:00:49.575 febs [main] INFO  o.s.c.s.PostProcessorRegistrationDelegate$BeanPostProcessorChecker - Bean 'spring.datasource.dynamic-com.baomidou.dynamic.datasource.spring.boot.autoconfigure.DynamicDataSourceProperties' of type [com.baomidou.dynamic.datasource.spring.boot.autoconfigure.DynamicDataSourceProperties] is not eligible for getting processed by all BeanPostProcessors (for example: not eligible for auto-proxying)
2019-05-01 01:00:49.578 febs [main] INFO  o.s.c.s.PostProcessorRegistrationDelegate$BeanPostProcessorChecker - Bean 'com.baomidou.dynamic.datasource.spring.boot.autoconfigure.DynamicDataSourceAutoConfiguration' of type [com.baomidou.dynamic.datasource.spring.boot.autoconfigure.DynamicDataSourceAutoConfiguration$$EnhancerBySpringCGLIB$$f4e3dac] is not eligible for getting processed by all BeanPostProcessors (for example: not eligible for auto-proxying)
2019-05-01 01:00:49.584 febs [main] INFO  o.s.c.s.PostProcessorRegistrationDelegate$BeanPostProcessorChecker - Bean 'dsProcessor' of type [com.baomidou.dynamic.datasource.processor.DsHeaderProcessor] is not eligible for getting processed by all BeanPostProcessors (for example: not eligible for auto-proxying)
2019-05-01 01:00:49.586 febs [main] INFO  o.s.c.s.PostProcessorRegistrationDelegate$BeanPostProcessorChecker - Bean 'dynamicDatasourceAnnotationAdvisor' of type [com.baomidou.dynamic.datasource.aop.DynamicDataSourceAnnotationAdvisor] is not eligible for getting processed by all BeanPostProcessors (for example: not eligible for auto-proxying)
2019-05-01 01:00:49.615 febs [main] INFO  o.s.c.s.PostProcessorRegistrationDelegate$BeanPostProcessorChecker - Bean 'org.springframework.transaction.annotation.ProxyTransactionManagementConfiguration' of type [org.springframework.transaction.annotation.ProxyTransactionManagementConfiguration$$EnhancerBySpringCGLIB$$a5bfccdb] is not eligible for getting processed by all BeanPostProcessors (for example: not eligible for auto-proxying)
2019-05-01 01:00:49.989 febs [main] INFO  o.s.b.w.e.tomcat.TomcatWebServer - Tomcat initialized with port(s): 8080 (http)
2019-05-01 01:00:49.999 febs [main] INFO  o.a.coyote.http11.Http11NioProtocol - Initializing ProtocolHandler ["http-nio-8080"]
2019-05-01 01:00:50.006 febs [main] INFO  o.a.catalina.core.StandardService - Starting service [Tomcat]
2019-05-01 01:00:50.006 febs [main] INFO  o.a.catalina.core.StandardEngine - Starting Servlet engine: [Apache Tomcat/9.0.17]
2019-05-01 01:00:50.085 febs [main] INFO  o.a.c.c.C.[Tomcat].[localhost].[/] - Initializing Spring embedded WebApplicationContext
2019-05-01 01:00:50.085 febs [main] INFO  o.s.web.context.ContextLoader - Root WebApplicationContext: initialization completed in 1893 ms
2019-05-01 01:00:50.408 febs [main] INFO  c.b.d.d.DynamicRoutingDataSource - 动态数据源-检测到并开启了p6spy
2019-05-01 01:00:50.415 febs [main] INFO  com.zaxxer.hikari.HikariDataSource - primary - Starting...
2019-05-01 01:00:50.642 febs [main] INFO  com.zaxxer.hikari.HikariDataSource - primary - Start completed.
2019-05-01 01:00:50.642 febs [main] INFO  c.b.d.d.DynamicRoutingDataSource - 初始共加载 1 个数据源
2019-05-01 01:00:50.642 febs [main] INFO  c.b.d.d.DynamicRoutingDataSource - 动态数据源-加载 primary 成功
2019-05-01 01:00:50.642 febs [main] INFO  c.b.d.d.DynamicRoutingDataSource - 当前的默认数据源是单数据源，数据源名为 primary
2019-05-01 01:00:51.482 febs [main] INFO  o.s.b.a.e.web.EndpointLinksResolver - Exposing 2 endpoint(s) beneath base path '/actuator'
2019-05-01 01:00:51.677 febs [main] INFO  o.s.s.c.ThreadPoolTaskExecutor - Initializing ExecutorService 'applicationTaskExecutor'
2019-05-01 01:00:52.102 febs [main] INFO  org.quartz.impl.StdSchedulerFactory - Using default implementation for ThreadExecutor
2019-05-01 01:00:52.109 febs [main] INFO  o.quartz.core.SchedulerSignalerImpl - Initialized Scheduler Signaller of type: class org.quartz.core.SchedulerSignalerImpl
2019-05-01 01:00:52.110 febs [main] INFO  org.quartz.core.QuartzScheduler - Quartz Scheduler v.2.3.1 created.
2019-05-01 01:00:52.110 febs [main] INFO  org.quartz.simpl.RAMJobStore - RAMJobStore initialized.
2019-05-01 01:00:52.111 febs [main] INFO  org.quartz.core.QuartzScheduler - Scheduler meta-data: Quartz Scheduler (v2.3.1) 'quartzScheduler' with instanceId 'NON_CLUSTERED'
  Scheduler class: 'org.quartz.core.QuartzScheduler' - running locally.
  NOT STARTED.
  Currently in standby mode.
  Number of jobs executed: 0
  Using thread pool 'org.quartz.simpl.SimpleThreadPool' - with 10 threads.
  Using job-store 'org.quartz.simpl.RAMJobStore' - which does not support persistence. and is not clustered.

2019-05-01 01:00:52.111 febs [main] INFO  org.quartz.impl.StdSchedulerFactory - Quartz scheduler 'quartzScheduler' initialized from an externally provided properties instance.
2019-05-01 01:00:52.111 febs [main] INFO  org.quartz.impl.StdSchedulerFactory - Quartz scheduler version: 2.3.1
2019-05-01 01:00:52.111 febs [main] INFO  org.quartz.core.QuartzScheduler - JobFactory set to: org.springframework.scheduling.quartz.SpringBeanJobFactory@2ffb0d10
2019-05-01 01:00:52.124 febs [main] INFO  o.s.s.c.ThreadPoolTaskScheduler - Initializing ExecutorService 'taskScheduler'
2019-05-01 01:00:52.173 febs [main] INFO  s.d.s.w.p.DocumentationPluginsBootstrapper - Context refreshed
2019-05-01 01:00:52.182 febs [main] INFO  s.d.s.w.p.DocumentationPluginsBootstrapper - Found 1 custom documentation plugin(s)
2019-05-01 01:00:52.193 febs [main] INFO  s.d.s.w.s.ApiListingReferenceScanner - Scanning for api listing references
2019-05-01 01:00:52.335 febs [main] INFO  o.s.s.quartz.SchedulerFactoryBean - Starting Quartz Scheduler now
2019-05-01 01:00:52.335 febs [main] INFO  org.quartz.core.QuartzScheduler - Scheduler quartzScheduler_$_NON_CLUSTERED started.
2019-05-01 01:00:52.352 febs [main] INFO  o.a.coyote.http11.Http11NioProtocol - Starting ProtocolHandler ["http-nio-8080"]
2019-05-01 01:00:52.390 febs [main] INFO  o.s.b.w.e.tomcat.TomcatWebServer - Tomcat started on port(s): 8080 (http) with context path ''
2019-05-01 01:00:52.395 febs [main] INFO  c.zjucsc.PacketMasterWebApplication - Started PacketMasterWebApplication in 4.948 seconds (JVM running for 5.708)
2019-05-01 01:00:52.496 febs [RMI TCP Connection(2)-127.0.0.1] INFO  o.a.c.c.C.[Tomcat].[localhost].[/] - Initializing Spring DispatcherServlet 'dispatcherServlet'
2019-05-01 01:00:52.497 febs [RMI TCP Connection(2)-127.0.0.1] INFO  o.s.web.servlet.DispatcherServlet - Initializing Servlet 'dispatcherServlet'
2019-05-01 01:00:52.500 febs [RMI TCP Connection(4)-127.0.0.1] INFO  p6spy - 1556643652500|5|statement|connection 3|url jdbc:mysql://localhost:3306/packet_master_web?useUnicode=true&characterEncoding=UTF-8&useJDBCCompliantTimezoneShift=true&useLegacyDatetimeCode=false&serverTimezone=UTC|select 1|select 1
2019-05-01 01:00:52.506 febs [RMI TCP Connection(2)-127.0.0.1] INFO  o.s.web.servlet.DispatcherServlet - Completed initialization in 9 ms
2019-05-01 01:00:52.752 febs [RMI TCP Connection(4)-127.0.0.1] INFO  io.lettuce.core.EpollProvider - Starting without optional epoll library
2019-05-01 01:00:52.767 febs [RMI TCP Connection(4)-127.0.0.1] INFO  io.lettuce.core.KqueueProvider - Starting with kqueue library
2019-05-01 01:01:01.423 febs [Thread-21] INFO  c.z.a.t.c.AbstractPacketService - run command : /Applications/Wireshark.app/Contents/MacOS/tshark -l -n -e frame.protocols -e eth.dst -e eth.src -e ip.src -e ip.addr -e tcp.srcport -e tcp.dstport -e s7comm.param.func -e modbus.func_code -e tcp.payload-T ek -c 1 -r /Users/hongqianhui/JavaProjects/packet-master-web/src/main/resources/pcap/question_1531953261_01.pcap
2019-05-01 01:01:57.247 febs [Thread-12] INFO  org.quartz.core.QuartzScheduler - Scheduler quartzScheduler_$_NON_CLUSTERED paused.
2019-05-01 01:01:57.248 febs [Thread-12] INFO  o.s.s.c.ThreadPoolTaskScheduler - Shutting down ExecutorService 'taskScheduler'
2019-05-01 01:01:57.249 febs [Thread-12] INFO  o.s.s.quartz.SchedulerFactoryBean - Shutting down Quartz Scheduler
2019-05-01 01:01:57.249 febs [Thread-12] INFO  org.quartz.core.QuartzScheduler - Scheduler quartzScheduler_$_NON_CLUSTERED shutting down.
2019-05-01 01:01:57.249 febs [Thread-12] INFO  org.quartz.core.QuartzScheduler - Scheduler quartzScheduler_$_NON_CLUSTERED paused.
2019-05-01 01:01:57.250 febs [Thread-12] INFO  org.quartz.core.QuartzScheduler - Scheduler quartzScheduler_$_NON_CLUSTERED shutdown complete.
2019-05-01 01:01:57.251 febs [Thread-12] INFO  o.s.s.c.ThreadPoolTaskExecutor - Shutting down ExecutorService 'applicationTaskExecutor'
2019-05-01 01:01:57.253 febs [Thread-12] INFO  c.b.d.d.DynamicRoutingDataSource - closing dynamicDatasource  ing....
2019-05-01 01:01:57.254 febs [Thread-12] INFO  o.s.b.f.s.DisposableBeanAdapter - Invocation of destroy method failed on bean with name 'dataSource': java.lang.NoSuchMethodException: com.p6spy.engine.spy.P6DataSource.close()
2019-05-01 01:02:04.163 febs [main] INFO  c.zjucsc.PacketMasterWebApplication - Starting PacketMasterWebApplication on hongqianhuideMacBook-Pro.local with PID 26819 (/Users/hongqianhui/JavaProjects/packet-master-web/target/classes started by hongqianhui in /Users/hongqianhui/JavaProjects/packet-master-web)
2019-05-01 01:02:04.167 febs [main] INFO  c.zjucsc.PacketMasterWebApplication - No active profile set, falling back to default profiles: default
2019-05-01 01:02:05.337 febs [main] INFO  o.s.d.r.c.RepositoryConfigurationDelegate - Multiple Spring Data modules found, entering strict repository configuration mode!
2019-05-01 01:02:05.339 febs [main] INFO  o.s.d.r.c.RepositoryConfigurationDelegate - Bootstrapping Spring Data repositories in DEFAULT mode.
2019-05-01 01:02:05.365 febs [main] INFO  o.s.d.r.c.RepositoryConfigurationDelegate - Finished Spring Data repository scanning in 18ms. Found 0 repository interfaces.
2019-05-01 01:02:05.706 febs [main] INFO  o.s.c.s.PostProcessorRegistrationDelegate$BeanPostProcessorChecker - Bean 'spring.datasource.dynamic-com.baomidou.dynamic.datasource.spring.boot.autoconfigure.DynamicDataSourceProperties' of type [com.baomidou.dynamic.datasource.spring.boot.autoconfigure.DynamicDataSourceProperties] is not eligible for getting processed by all BeanPostProcessors (for example: not eligible for auto-proxying)
2019-05-01 01:02:05.709 febs [main] INFO  o.s.c.s.PostProcessorRegistrationDelegate$BeanPostProcessorChecker - Bean 'com.baomidou.dynamic.datasource.spring.boot.autoconfigure.DynamicDataSourceAutoConfiguration' of type [com.baomidou.dynamic.datasource.spring.boot.autoconfigure.DynamicDataSourceAutoConfiguration$$EnhancerBySpringCGLIB$$a66a1d8a] is not eligible for getting processed by all BeanPostProcessors (for example: not eligible for auto-proxying)
2019-05-01 01:02:05.715 febs [main] INFO  o.s.c.s.PostProcessorRegistrationDelegate$BeanPostProcessorChecker - Bean 'dsProcessor' of type [com.baomidou.dynamic.datasource.processor.DsHeaderProcessor] is not eligible for getting processed by all BeanPostProcessors (for example: not eligible for auto-proxying)
2019-05-01 01:02:05.718 febs [main] INFO  o.s.c.s.PostProcessorRegistrationDelegate$BeanPostProcessorChecker - Bean 'dynamicDatasourceAnnotationAdvisor' of type [com.baomidou.dynamic.datasource.aop.DynamicDataSourceAnnotationAdvisor] is not eligible for getting processed by all BeanPostProcessors (for example: not eligible for auto-proxying)
2019-05-01 01:02:05.748 febs [main] INFO  o.s.c.s.PostProcessorRegistrationDelegate$BeanPostProcessorChecker - Bean 'org.springframework.transaction.annotation.ProxyTransactionManagementConfiguration' of type [org.springframework.transaction.annotation.ProxyTransactionManagementConfiguration$$EnhancerBySpringCGLIB$$3cdbacb9] is not eligible for getting processed by all BeanPostProcessors (for example: not eligible for auto-proxying)
2019-05-01 01:02:06.097 febs [main] INFO  o.s.b.w.e.tomcat.TomcatWebServer - Tomcat initialized with port(s): 8080 (http)
2019-05-01 01:02:06.107 febs [main] INFO  o.a.coyote.http11.Http11NioProtocol - Initializing ProtocolHandler ["http-nio-8080"]
2019-05-01 01:02:06.114 febs [main] INFO  o.a.catalina.core.StandardService - Starting service [Tomcat]
2019-05-01 01:02:06.114 febs [main] INFO  o.a.catalina.core.StandardEngine - Starting Servlet engine: [Apache Tomcat/9.0.17]
2019-05-01 01:02:06.196 febs [main] INFO  o.a.c.c.C.[Tomcat].[localhost].[/] - Initializing Spring embedded WebApplicationContext
2019-05-01 01:02:06.196 febs [main] INFO  o.s.web.context.ContextLoader - Root WebApplicationContext: initialization completed in 1957 ms
2019-05-01 01:02:06.502 febs [main] INFO  c.b.d.d.DynamicRoutingDataSource - 动态数据源-检测到并开启了p6spy
2019-05-01 01:02:06.508 febs [main] INFO  com.zaxxer.hikari.HikariDataSource - primary - Starting...
2019-05-01 01:02:06.724 febs [main] INFO  com.zaxxer.hikari.HikariDataSource - primary - Start completed.
2019-05-01 01:02:06.724 febs [main] INFO  c.b.d.d.DynamicRoutingDataSource - 初始共加载 1 个数据源
2019-05-01 01:02:06.724 febs [main] INFO  c.b.d.d.DynamicRoutingDataSource - 动态数据源-加载 primary 成功
2019-05-01 01:02:06.724 febs [main] INFO  c.b.d.d.DynamicRoutingDataSource - 当前的默认数据源是单数据源，数据源名为 primary
2019-05-01 01:02:07.563 febs [main] INFO  o.s.b.a.e.web.EndpointLinksResolver - Exposing 2 endpoint(s) beneath base path '/actuator'
2019-05-01 01:02:07.785 febs [main] INFO  o.s.s.c.ThreadPoolTaskExecutor - Initializing ExecutorService 'applicationTaskExecutor'
2019-05-01 01:02:08.183 febs [main] INFO  org.quartz.impl.StdSchedulerFactory - Using default implementation for ThreadExecutor
2019-05-01 01:02:08.190 febs [main] INFO  o.quartz.core.SchedulerSignalerImpl - Initialized Scheduler Signaller of type: class org.quartz.core.SchedulerSignalerImpl
2019-05-01 01:02:08.190 febs [main] INFO  org.quartz.core.QuartzScheduler - Quartz Scheduler v.2.3.1 created.
2019-05-01 01:02:08.191 febs [main] INFO  org.quartz.simpl.RAMJobStore - RAMJobStore initialized.
2019-05-01 01:02:08.191 febs [main] INFO  org.quartz.core.QuartzScheduler - Scheduler meta-data: Quartz Scheduler (v2.3.1) 'quartzScheduler' with instanceId 'NON_CLUSTERED'
  Scheduler class: 'org.quartz.core.QuartzScheduler' - running locally.
  NOT STARTED.
  Currently in standby mode.
  Number of jobs executed: 0
  Using thread pool 'org.quartz.simpl.SimpleThreadPool' - with 10 threads.
  Using job-store 'org.quartz.simpl.RAMJobStore' - which does not support persistence. and is not clustered.

2019-05-01 01:02:08.192 febs [main] INFO  org.quartz.impl.StdSchedulerFactory - Quartz scheduler 'quartzScheduler' initialized from an externally provided properties instance.
2019-05-01 01:02:08.192 febs [main] INFO  org.quartz.impl.StdSchedulerFactory - Quartz scheduler version: 2.3.1
2019-05-01 01:02:08.192 febs [main] INFO  org.quartz.core.QuartzScheduler - JobFactory set to: org.springframework.scheduling.quartz.SpringBeanJobFactory@5529522f
2019-05-01 01:02:08.205 febs [main] INFO  o.s.s.c.ThreadPoolTaskScheduler - Initializing ExecutorService 'taskScheduler'
2019-05-01 01:02:08.253 febs [main] INFO  s.d.s.w.p.DocumentationPluginsBootstrapper - Context refreshed
2019-05-01 01:02:08.263 febs [main] INFO  s.d.s.w.p.DocumentationPluginsBootstrapper - Found 1 custom documentation plugin(s)
2019-05-01 01:02:08.274 febs [main] INFO  s.d.s.w.s.ApiListingReferenceScanner - Scanning for api listing references
2019-05-01 01:02:08.413 febs [main] INFO  o.s.s.quartz.SchedulerFactoryBean - Starting Quartz Scheduler now
2019-05-01 01:02:08.414 febs [main] INFO  org.quartz.core.QuartzScheduler - Scheduler quartzScheduler_$_NON_CLUSTERED started.
2019-05-01 01:02:08.431 febs [main] INFO  o.a.coyote.http11.Http11NioProtocol - Starting ProtocolHandler ["http-nio-8080"]
2019-05-01 01:02:08.470 febs [main] INFO  o.s.b.w.e.tomcat.TomcatWebServer - Tomcat started on port(s): 8080 (http) with context path ''
2019-05-01 01:02:08.475 febs [main] INFO  c.zjucsc.PacketMasterWebApplication - Started PacketMasterWebApplication in 4.921 seconds (JVM running for 5.558)
2019-05-01 01:02:08.713 febs [RMI TCP Connection(2)-127.0.0.1] INFO  o.a.c.c.C.[Tomcat].[localhost].[/] - Initializing Spring DispatcherServlet 'dispatcherServlet'
2019-05-01 01:02:08.713 febs [RMI TCP Connection(2)-127.0.0.1] INFO  o.s.web.servlet.DispatcherServlet - Initializing Servlet 'dispatcherServlet'
2019-05-01 01:02:08.716 febs [RMI TCP Connection(4)-127.0.0.1] INFO  p6spy - 1556643728716|4|statement|connection 3|url jdbc:mysql://localhost:3306/packet_master_web?useUnicode=true&characterEncoding=UTF-8&useJDBCCompliantTimezoneShift=true&useLegacyDatetimeCode=false&serverTimezone=UTC|select 1|select 1
2019-05-01 01:02:08.725 febs [RMI TCP Connection(2)-127.0.0.1] INFO  o.s.web.servlet.DispatcherServlet - Completed initialization in 12 ms
2019-05-01 01:02:09.011 febs [RMI TCP Connection(4)-127.0.0.1] INFO  io.lettuce.core.EpollProvider - Starting without optional epoll library
2019-05-01 01:02:09.096 febs [RMI TCP Connection(4)-127.0.0.1] INFO  io.lettuce.core.KqueueProvider - Starting with kqueue library
2019-05-01 01:02:15.390 febs [Thread-22] INFO  c.z.a.t.c.AbstractPacketService - run command : /Applications/Wireshark.app/Contents/MacOS/tshark -l -n -e frame.protocols -e eth.dst -e eth.src -e ip.src -e ip.addr -e tcp.srcport -e tcp.dstport -e s7comm.param.func -e modbus.func_code -e tcp.payload -T ek -c 1 -r /Users/hongqianhui/JavaProjects/packet-master-web/src/main/resources/pcap/question_1531953261_01.pcap
2019-05-01 01:06:06.309 febs [Thread-13] INFO  org.quartz.core.QuartzScheduler - Scheduler quartzScheduler_$_NON_CLUSTERED paused.
2019-05-01 01:06:06.310 febs [Thread-13] INFO  o.s.s.c.ThreadPoolTaskScheduler - Shutting down ExecutorService 'taskScheduler'
2019-05-01 01:06:06.310 febs [Thread-13] INFO  o.s.s.quartz.SchedulerFactoryBean - Shutting down Quartz Scheduler
2019-05-01 01:06:06.311 febs [Thread-13] INFO  org.quartz.core.QuartzScheduler - Scheduler quartzScheduler_$_NON_CLUSTERED shutting down.
2019-05-01 01:06:06.311 febs [Thread-13] INFO  org.quartz.core.QuartzScheduler - Scheduler quartzScheduler_$_NON_CLUSTERED paused.
2019-05-01 01:06:06.312 febs [Thread-13] INFO  org.quartz.core.QuartzScheduler - Scheduler quartzScheduler_$_NON_CLUSTERED shutdown complete.
2019-05-01 01:06:06.314 febs [Thread-13] INFO  o.s.s.c.ThreadPoolTaskExecutor - Shutting down ExecutorService 'applicationTaskExecutor'
2019-05-01 01:06:06.316 febs [Thread-13] INFO  c.b.d.d.DynamicRoutingDataSource - closing dynamicDatasource  ing....
2019-05-01 01:06:06.317 febs [Thread-13] INFO  o.s.b.f.s.DisposableBeanAdapter - Invocation of destroy method failed on bean with name 'dataSource': java.lang.NoSuchMethodException: com.p6spy.engine.spy.P6DataSource.close()
2019-05-01 01:06:12.515 febs [main] INFO  c.zjucsc.PacketMasterWebApplication - Starting PacketMasterWebApplication on hongqianhuideMacBook-Pro.local with PID 26840 (/Users/hongqianhui/JavaProjects/packet-master-web/target/classes started by hongqianhui in /Users/hongqianhui/JavaProjects/packet-master-web)
2019-05-01 01:06:12.517 febs [main] INFO  c.zjucsc.PacketMasterWebApplication - No active profile set, falling back to default profiles: default
2019-05-01 01:06:13.648 febs [main] INFO  o.s.d.r.c.RepositoryConfigurationDelegate - Multiple Spring Data modules found, entering strict repository configuration mode!
2019-05-01 01:06:13.649 febs [main] INFO  o.s.d.r.c.RepositoryConfigurationDelegate - Bootstrapping Spring Data repositories in DEFAULT mode.
2019-05-01 01:06:13.675 febs [main] INFO  o.s.d.r.c.RepositoryConfigurationDelegate - Finished Spring Data repository scanning in 17ms. Found 0 repository interfaces.
2019-05-01 01:06:13.993 febs [main] INFO  o.s.c.s.PostProcessorRegistrationDelegate$BeanPostProcessorChecker - Bean 'spring.datasource.dynamic-com.baomidou.dynamic.datasource.spring.boot.autoconfigure.DynamicDataSourceProperties' of type [com.baomidou.dynamic.datasource.spring.boot.autoconfigure.DynamicDataSourceProperties] is not eligible for getting processed by all BeanPostProcessors (for example: not eligible for auto-proxying)
2019-05-01 01:06:13.996 febs [main] INFO  o.s.c.s.PostProcessorRegistrationDelegate$BeanPostProcessorChecker - Bean 'com.baomidou.dynamic.datasource.spring.boot.autoconfigure.DynamicDataSourceAutoConfiguration' of type [com.baomidou.dynamic.datasource.spring.boot.autoconfigure.DynamicDataSourceAutoConfiguration$$EnhancerBySpringCGLIB$$9ee40e96] is not eligible for getting processed by all BeanPostProcessors (for example: not eligible for auto-proxying)
2019-05-01 01:06:14.001 febs [main] INFO  o.s.c.s.PostProcessorRegistrationDelegate$BeanPostProcessorChecker - Bean 'dsProcessor' of type [com.baomidou.dynamic.datasource.processor.DsHeaderProcessor] is not eligible for getting processed by all BeanPostProcessors (for example: not eligible for auto-proxying)
2019-05-01 01:06:14.003 febs [main] INFO  o.s.c.s.PostProcessorRegistrationDelegate$BeanPostProcessorChecker - Bean 'dynamicDatasourceAnnotationAdvisor' of type [com.baomidou.dynamic.datasource.aop.DynamicDataSourceAnnotationAdvisor] is not eligible for getting processed by all BeanPostProcessors (for example: not eligible for auto-proxying)
2019-05-01 01:06:14.030 febs [main] INFO  o.s.c.s.PostProcessorRegistrationDelegate$BeanPostProcessorChecker - Bean 'org.springframework.transaction.annotation.ProxyTransactionManagementConfiguration' of type [org.springframework.transaction.annotation.ProxyTransactionManagementConfiguration$$EnhancerBySpringCGLIB$$35559dc5] is not eligible for getting processed by all BeanPostProcessors (for example: not eligible for auto-proxying)
2019-05-01 01:06:14.377 febs [main] INFO  o.s.b.w.e.tomcat.TomcatWebServer - Tomcat initialized with port(s): 8080 (http)
2019-05-01 01:06:14.386 febs [main] INFO  o.a.coyote.http11.Http11NioProtocol - Initializing ProtocolHandler ["http-nio-8080"]
2019-05-01 01:06:14.393 febs [main] INFO  o.a.catalina.core.StandardService - Starting service [Tomcat]
2019-05-01 01:06:14.393 febs [main] INFO  o.a.catalina.core.StandardEngine - Starting Servlet engine: [Apache Tomcat/9.0.17]
2019-05-01 01:06:14.481 febs [main] INFO  o.a.c.c.C.[Tomcat].[localhost].[/] - Initializing Spring embedded WebApplicationContext
2019-05-01 01:06:14.481 febs [main] INFO  o.s.web.context.ContextLoader - Root WebApplicationContext: initialization completed in 1918 ms
2019-05-01 01:06:14.780 febs [main] INFO  c.b.d.d.DynamicRoutingDataSource - 动态数据源-检测到并开启了p6spy
2019-05-01 01:06:14.786 febs [main] INFO  com.zaxxer.hikari.HikariDataSource - primary - Starting...
2019-05-01 01:06:15.020 febs [main] INFO  com.zaxxer.hikari.HikariDataSource - primary - Start completed.
2019-05-01 01:06:15.020 febs [main] INFO  c.b.d.d.DynamicRoutingDataSource - 初始共加载 1 个数据源
2019-05-01 01:06:15.020 febs [main] INFO  c.b.d.d.DynamicRoutingDataSource - 动态数据源-加载 primary 成功
2019-05-01 01:06:15.020 febs [main] INFO  c.b.d.d.DynamicRoutingDataSource - 当前的默认数据源是单数据源，数据源名为 primary
2019-05-01 01:06:15.913 febs [main] INFO  o.s.b.a.e.web.EndpointLinksResolver - Exposing 2 endpoint(s) beneath base path '/actuator'
2019-05-01 01:06:16.101 febs [main] INFO  o.s.s.c.ThreadPoolTaskExecutor - Initializing ExecutorService 'applicationTaskExecutor'
2019-05-01 01:06:16.543 febs [main] INFO  org.quartz.impl.StdSchedulerFactory - Using default implementation for ThreadExecutor
2019-05-01 01:06:16.551 febs [main] INFO  o.quartz.core.SchedulerSignalerImpl - Initialized Scheduler Signaller of type: class org.quartz.core.SchedulerSignalerImpl
2019-05-01 01:06:16.551 febs [main] INFO  org.quartz.core.QuartzScheduler - Quartz Scheduler v.2.3.1 created.
2019-05-01 01:06:16.552 febs [main] INFO  org.quartz.simpl.RAMJobStore - RAMJobStore initialized.
2019-05-01 01:06:16.552 febs [main] INFO  org.quartz.core.QuartzScheduler - Scheduler meta-data: Quartz Scheduler (v2.3.1) 'quartzScheduler' with instanceId 'NON_CLUSTERED'
  Scheduler class: 'org.quartz.core.QuartzScheduler' - running locally.
  NOT STARTED.
  Currently in standby mode.
  Number of jobs executed: 0
  Using thread pool 'org.quartz.simpl.SimpleThreadPool' - with 10 threads.
  Using job-store 'org.quartz.simpl.RAMJobStore' - which does not support persistence. and is not clustered.

2019-05-01 01:06:16.552 febs [main] INFO  org.quartz.impl.StdSchedulerFactory - Quartz scheduler 'quartzScheduler' initialized from an externally provided properties instance.
2019-05-01 01:06:16.552 febs [main] INFO  org.quartz.impl.StdSchedulerFactory - Quartz scheduler version: 2.3.1
2019-05-01 01:06:16.552 febs [main] INFO  org.quartz.core.QuartzScheduler - JobFactory set to: org.springframework.scheduling.quartz.SpringBeanJobFactory@402a69f
2019-05-01 01:06:16.566 febs [main] INFO  o.s.s.c.ThreadPoolTaskScheduler - Initializing ExecutorService 'taskScheduler'
2019-05-01 01:06:16.613 febs [main] INFO  s.d.s.w.p.DocumentationPluginsBootstrapper - Context refreshed
2019-05-01 01:06:16.623 febs [main] INFO  s.d.s.w.p.DocumentationPluginsBootstrapper - Found 1 custom documentation plugin(s)
2019-05-01 01:06:16.634 febs [main] INFO  s.d.s.w.s.ApiListingReferenceScanner - Scanning for api listing references
2019-05-01 01:06:16.776 febs [main] INFO  o.s.s.quartz.SchedulerFactoryBean - Starting Quartz Scheduler now
2019-05-01 01:06:16.777 febs [main] INFO  org.quartz.core.QuartzScheduler - Scheduler quartzScheduler_$_NON_CLUSTERED started.
2019-05-01 01:06:16.792 febs [main] INFO  o.a.coyote.http11.Http11NioProtocol - Starting ProtocolHandler ["http-nio-8080"]
2019-05-01 01:06:16.838 febs [main] INFO  o.s.b.w.e.tomcat.TomcatWebServer - Tomcat started on port(s): 8080 (http) with context path ''
2019-05-01 01:06:16.841 febs [main] INFO  c.zjucsc.PacketMasterWebApplication - Started PacketMasterWebApplication in 4.991 seconds (JVM running for 5.772)
2019-05-01 01:06:16.913 febs [RMI TCP Connection(2)-127.0.0.1] INFO  o.a.c.c.C.[Tomcat].[localhost].[/] - Initializing Spring DispatcherServlet 'dispatcherServlet'
2019-05-01 01:06:16.913 febs [RMI TCP Connection(2)-127.0.0.1] INFO  o.s.web.servlet.DispatcherServlet - Initializing Servlet 'dispatcherServlet'
2019-05-01 01:06:16.918 febs [RMI TCP Connection(4)-127.0.0.1] INFO  p6spy - 1556643976918|5|statement|connection 3|url jdbc:mysql://localhost:3306/packet_master_web?useUnicode=true&characterEncoding=UTF-8&useJDBCCompliantTimezoneShift=true&useLegacyDatetimeCode=false&serverTimezone=UTC|select 1|select 1
2019-05-01 01:06:16.924 febs [RMI TCP Connection(2)-127.0.0.1] INFO  o.s.web.servlet.DispatcherServlet - Completed initialization in 11 ms
2019-05-01 01:06:17.272 febs [RMI TCP Connection(4)-127.0.0.1] INFO  io.lettuce.core.EpollProvider - Starting without optional epoll library
2019-05-01 01:06:17.289 febs [RMI TCP Connection(4)-127.0.0.1] INFO  io.lettuce.core.KqueueProvider - Starting with kqueue library
2019-05-01 01:06:23.512 febs [Thread-21] INFO  c.z.a.t.c.AbstractPacketService - run command : /Applications/Wireshark.app/Contents/MacOS/tshark -l -n -e frame.protocols -e eth.dst -e eth.src -e ip.src -e ip.addr -e tcp.srcport -e tcp.dstport -e s7comm.param.func -e modbus.func_code -e tcp.payload -T ek -c 1 -r /Users/hongqianhui/JavaProjects/packet-master-web/src/main/resources/pcap/question_1531953261_01.pcap
2019-05-01 01:19:33.307 febs [Thread-12] INFO  org.quartz.core.QuartzScheduler - Scheduler quartzScheduler_$_NON_CLUSTERED paused.
2019-05-01 01:19:33.311 febs [Thread-12] INFO  o.s.s.c.ThreadPoolTaskScheduler - Shutting down ExecutorService 'taskScheduler'
2019-05-01 01:19:33.312 febs [Thread-12] INFO  o.s.s.quartz.SchedulerFactoryBean - Shutting down Quartz Scheduler
2019-05-01 01:19:33.313 febs [Thread-12] INFO  org.quartz.core.QuartzScheduler - Scheduler quartzScheduler_$_NON_CLUSTERED shutting down.
2019-05-01 01:19:33.313 febs [Thread-12] INFO  org.quartz.core.QuartzScheduler - Scheduler quartzScheduler_$_NON_CLUSTERED paused.
2019-05-01 01:19:33.314 febs [Thread-12] INFO  org.quartz.core.QuartzScheduler - Scheduler quartzScheduler_$_NON_CLUSTERED shutdown complete.
2019-05-01 01:19:33.317 febs [Thread-12] INFO  o.s.s.c.ThreadPoolTaskExecutor - Shutting down ExecutorService 'applicationTaskExecutor'
2019-05-01 01:19:33.319 febs [Thread-12] INFO  c.b.d.d.DynamicRoutingDataSource - closing dynamicDatasource  ing....
2019-05-01 01:19:33.323 febs [Thread-12] INFO  o.s.b.f.s.DisposableBeanAdapter - Invocation of destroy method failed on bean with name 'dataSource': java.lang.NoSuchMethodException: com.p6spy.engine.spy.P6DataSource.close()
2019-05-01 01:19:43.597 febs [main] INFO  c.zjucsc.PacketMasterWebApplication - Starting PacketMasterWebApplication on hongqianhuideMacBook-Pro.local with PID 26980 (/Users/hongqianhui/JavaProjects/packet-master-web/target/classes started by hongqianhui in /Users/hongqianhui/JavaProjects/packet-master-web)
2019-05-01 01:19:43.602 febs [main] INFO  c.zjucsc.PacketMasterWebApplication - No active profile set, falling back to default profiles: default
2019-05-01 01:19:44.709 febs [main] INFO  o.s.d.r.c.RepositoryConfigurationDelegate - Multiple Spring Data modules found, entering strict repository configuration mode!
2019-05-01 01:19:44.711 febs [main] INFO  o.s.d.r.c.RepositoryConfigurationDelegate - Bootstrapping Spring Data repositories in DEFAULT mode.
2019-05-01 01:19:44.737 febs [main] INFO  o.s.d.r.c.RepositoryConfigurationDelegate - Finished Spring Data repository scanning in 18ms. Found 0 repository interfaces.
2019-05-01 01:19:45.053 febs [main] INFO  o.s.c.s.PostProcessorRegistrationDelegate$BeanPostProcessorChecker - Bean 'spring.datasource.dynamic-com.baomidou.dynamic.datasource.spring.boot.autoconfigure.DynamicDataSourceProperties' of type [com.baomidou.dynamic.datasource.spring.boot.autoconfigure.DynamicDataSourceProperties] is not eligible for getting processed by all BeanPostProcessors (for example: not eligible for auto-proxying)
2019-05-01 01:19:45.056 febs [main] INFO  o.s.c.s.PostProcessorRegistrationDelegate$BeanPostProcessorChecker - Bean 'com.baomidou.dynamic.datasource.spring.boot.autoconfigure.DynamicDataSourceAutoConfiguration' of type [com.baomidou.dynamic.datasource.spring.boot.autoconfigure.DynamicDataSourceAutoConfiguration$$EnhancerBySpringCGLIB$$afc69af9] is not eligible for getting processed by all BeanPostProcessors (for example: not eligible for auto-proxying)
2019-05-01 01:19:45.063 febs [main] INFO  o.s.c.s.PostProcessorRegistrationDelegate$BeanPostProcessorChecker - Bean 'dsProcessor' of type [com.baomidou.dynamic.datasource.processor.DsHeaderProcessor] is not eligible for getting processed by all BeanPostProcessors (for example: not eligible for auto-proxying)
2019-05-01 01:19:45.066 febs [main] INFO  o.s.c.s.PostProcessorRegistrationDelegate$BeanPostProcessorChecker - Bean 'dynamicDatasourceAnnotationAdvisor' of type [com.baomidou.dynamic.datasource.aop.DynamicDataSourceAnnotationAdvisor] is not eligible for getting processed by all BeanPostProcessors (for example: not eligible for auto-proxying)
2019-05-01 01:19:45.105 febs [main] INFO  o.s.c.s.PostProcessorRegistrationDelegate$BeanPostProcessorChecker - Bean 'org.springframework.transaction.annotation.ProxyTransactionManagementConfiguration' of type [org.springframework.transaction.annotation.ProxyTransactionManagementConfiguration$$EnhancerBySpringCGLIB$$46382a28] is not eligible for getting processed by all BeanPostProcessors (for example: not eligible for auto-proxying)
2019-05-01 01:19:45.507 febs [main] INFO  o.s.b.w.e.tomcat.TomcatWebServer - Tomcat initialized with port(s): 8080 (http)
2019-05-01 01:19:45.517 febs [main] INFO  o.a.coyote.http11.Http11NioProtocol - Initializing ProtocolHandler ["http-nio-8080"]
2019-05-01 01:19:45.526 febs [main] INFO  o.a.catalina.core.StandardService - Starting service [Tomcat]
2019-05-01 01:19:45.527 febs [main] INFO  o.a.catalina.core.StandardEngine - Starting Servlet engine: [Apache Tomcat/9.0.17]
2019-05-01 01:19:45.606 febs [main] INFO  o.a.c.c.C.[Tomcat].[localhost].[/] - Initializing Spring embedded WebApplicationContext
2019-05-01 01:19:45.607 febs [main] INFO  o.s.web.context.ContextLoader - Root WebApplicationContext: initialization completed in 1829 ms
2019-05-01 01:19:45.923 febs [main] INFO  c.b.d.d.DynamicRoutingDataSource - 动态数据源-检测到并开启了p6spy
2019-05-01 01:19:45.929 febs [main] INFO  com.zaxxer.hikari.HikariDataSource - primary - Starting...
2019-05-01 01:19:46.154 febs [main] INFO  com.zaxxer.hikari.HikariDataSource - primary - Start completed.
2019-05-01 01:19:46.154 febs [main] INFO  c.b.d.d.DynamicRoutingDataSource - 初始共加载 1 个数据源
2019-05-01 01:19:46.154 febs [main] INFO  c.b.d.d.DynamicRoutingDataSource - 动态数据源-加载 primary 成功
2019-05-01 01:19:46.154 febs [main] INFO  c.b.d.d.DynamicRoutingDataSource - 当前的默认数据源是单数据源，数据源名为 primary
2019-05-01 01:19:47.121 febs [main] INFO  o.s.b.a.e.web.EndpointLinksResolver - Exposing 2 endpoint(s) beneath base path '/actuator'
2019-05-01 01:19:47.369 febs [main] INFO  o.s.s.c.ThreadPoolTaskExecutor - Initializing ExecutorService 'applicationTaskExecutor'
2019-05-01 01:19:47.835 febs [main] INFO  org.quartz.impl.StdSchedulerFactory - Using default implementation for ThreadExecutor
2019-05-01 01:19:47.843 febs [main] INFO  o.quartz.core.SchedulerSignalerImpl - Initialized Scheduler Signaller of type: class org.quartz.core.SchedulerSignalerImpl
2019-05-01 01:19:47.843 febs [main] INFO  org.quartz.core.QuartzScheduler - Quartz Scheduler v.2.3.1 created.
2019-05-01 01:19:47.844 febs [main] INFO  org.quartz.simpl.RAMJobStore - RAMJobStore initialized.
2019-05-01 01:19:47.845 febs [main] INFO  org.quartz.core.QuartzScheduler - Scheduler meta-data: Quartz Scheduler (v2.3.1) 'quartzScheduler' with instanceId 'NON_CLUSTERED'
  Scheduler class: 'org.quartz.core.QuartzScheduler' - running locally.
  NOT STARTED.
  Currently in standby mode.
  Number of jobs executed: 0
  Using thread pool 'org.quartz.simpl.SimpleThreadPool' - with 10 threads.
  Using job-store 'org.quartz.simpl.RAMJobStore' - which does not support persistence. and is not clustered.

2019-05-01 01:19:47.845 febs [main] INFO  org.quartz.impl.StdSchedulerFactory - Quartz scheduler 'quartzScheduler' initialized from an externally provided properties instance.
2019-05-01 01:19:47.845 febs [main] INFO  org.quartz.impl.StdSchedulerFactory - Quartz scheduler version: 2.3.1
2019-05-01 01:19:47.845 febs [main] INFO  org.quartz.core.QuartzScheduler - JobFactory set to: org.springframework.scheduling.quartz.SpringBeanJobFactory@615bad16
2019-05-01 01:19:47.859 febs [main] INFO  o.s.s.c.ThreadPoolTaskScheduler - Initializing ExecutorService 'taskScheduler'
2019-05-01 01:19:47.909 febs [main] INFO  s.d.s.w.p.DocumentationPluginsBootstrapper - Context refreshed
2019-05-01 01:19:47.918 febs [main] INFO  s.d.s.w.p.DocumentationPluginsBootstrapper - Found 1 custom documentation plugin(s)
2019-05-01 01:19:47.929 febs [main] INFO  s.d.s.w.s.ApiListingReferenceScanner - Scanning for api listing references
2019-05-01 01:19:48.080 febs [main] INFO  o.s.s.quartz.SchedulerFactoryBean - Starting Quartz Scheduler now
2019-05-01 01:19:48.080 febs [main] INFO  org.quartz.core.QuartzScheduler - Scheduler quartzScheduler_$_NON_CLUSTERED started.
2019-05-01 01:19:48.099 febs [main] INFO  o.a.coyote.http11.Http11NioProtocol - Starting ProtocolHandler ["http-nio-8080"]
2019-05-01 01:19:48.142 febs [main] INFO  o.s.b.w.e.tomcat.TomcatWebServer - Tomcat started on port(s): 8080 (http) with context path ''
2019-05-01 01:19:48.147 febs [main] INFO  c.zjucsc.PacketMasterWebApplication - Started PacketMasterWebApplication in 5.268 seconds (JVM running for 6.117)
2019-05-01 01:19:48.418 febs [RMI TCP Connection(4)-127.0.0.1] INFO  o.a.c.c.C.[Tomcat].[localhost].[/] - Initializing Spring DispatcherServlet 'dispatcherServlet'
2019-05-01 01:19:48.419 febs [RMI TCP Connection(4)-127.0.0.1] INFO  o.s.web.servlet.DispatcherServlet - Initializing Servlet 'dispatcherServlet'
2019-05-01 01:19:48.422 febs [RMI TCP Connection(2)-127.0.0.1] INFO  p6spy - 1556644788422|4|statement|connection 3|url jdbc:mysql://localhost:3306/packet_master_web?useUnicode=true&characterEncoding=UTF-8&useJDBCCompliantTimezoneShift=true&useLegacyDatetimeCode=false&serverTimezone=UTC|select 1|select 1
2019-05-01 01:19:48.429 febs [RMI TCP Connection(4)-127.0.0.1] INFO  o.s.web.servlet.DispatcherServlet - Completed initialization in 10 ms
2019-05-01 01:19:48.676 febs [RMI TCP Connection(2)-127.0.0.1] INFO  io.lettuce.core.EpollProvider - Starting without optional epoll library
2019-05-01 01:19:48.712 febs [RMI TCP Connection(2)-127.0.0.1] INFO  io.lettuce.core.KqueueProvider - Starting with kqueue library
2019-05-01 01:19:51.741 febs [Thread-22] INFO  c.z.a.t.c.AbstractPacketService - run command : /Applications/Wireshark.app/Contents/MacOS/tshark -l -n -e frame.protocols -e eth.dst -e eth.src -e ip.src -e ip.addr -e tcp.srcport -e tcp.dstport -e s7comm.param.func -e modbus.func_code -e tcp.payload -e frame.cap_len -T ek -c 1 -r /Users/hongqianhui/JavaProjects/packet-master-web/src/main/resources/pcap/question_1531953261_01.pcap
2019-05-01 01:26:09.768 febs [Thread-13] INFO  org.quartz.core.QuartzScheduler - Scheduler quartzScheduler_$_NON_CLUSTERED paused.
2019-05-01 01:26:09.771 febs [Thread-13] INFO  o.s.s.c.ThreadPoolTaskScheduler - Shutting down ExecutorService 'taskScheduler'
2019-05-01 01:26:09.771 febs [Thread-13] INFO  o.s.s.quartz.SchedulerFactoryBean - Shutting down Quartz Scheduler
2019-05-01 01:26:09.772 febs [Thread-13] INFO  org.quartz.core.QuartzScheduler - Scheduler quartzScheduler_$_NON_CLUSTERED shutting down.
2019-05-01 01:26:09.772 febs [Thread-13] INFO  org.quartz.core.QuartzScheduler - Scheduler quartzScheduler_$_NON_CLUSTERED paused.
2019-05-01 01:26:09.772 febs [Thread-13] INFO  org.quartz.core.QuartzScheduler - Scheduler quartzScheduler_$_NON_CLUSTERED shutdown complete.
2019-05-01 01:26:09.774 febs [Thread-13] INFO  o.s.s.c.ThreadPoolTaskExecutor - Shutting down ExecutorService 'applicationTaskExecutor'
2019-05-01 01:26:09.776 febs [Thread-13] INFO  c.b.d.d.DynamicRoutingDataSource - closing dynamicDatasource  ing....
2019-05-01 01:26:09.777 febs [Thread-13] INFO  o.s.b.f.s.DisposableBeanAdapter - Invocation of destroy method failed on bean with name 'dataSource': java.lang.NoSuchMethodException: com.p6spy.engine.spy.P6DataSource.close()
2019-05-01 01:26:16.477 febs [main] INFO  c.zjucsc.PacketMasterWebApplication - Starting PacketMasterWebApplication on hongqianhuideMacBook-Pro.local with PID 27011 (/Users/hongqianhui/JavaProjects/packet-master-web/target/classes started by hongqianhui in /Users/hongqianhui/JavaProjects/packet-master-web)
2019-05-01 01:26:16.480 febs [main] INFO  c.zjucsc.PacketMasterWebApplication - No active profile set, falling back to default profiles: default
2019-05-01 01:26:17.559 febs [main] INFO  o.s.d.r.c.RepositoryConfigurationDelegate - Multiple Spring Data modules found, entering strict repository configuration mode!
2019-05-01 01:26:17.561 febs [main] INFO  o.s.d.r.c.RepositoryConfigurationDelegate - Bootstrapping Spring Data repositories in DEFAULT mode.
2019-05-01 01:26:17.588 febs [main] INFO  o.s.d.r.c.RepositoryConfigurationDelegate - Finished Spring Data repository scanning in 18ms. Found 0 repository interfaces.
2019-05-01 01:26:17.935 febs [main] INFO  o.s.c.s.PostProcessorRegistrationDelegate$BeanPostProcessorChecker - Bean 'spring.datasource.dynamic-com.baomidou.dynamic.datasource.spring.boot.autoconfigure.DynamicDataSourceProperties' of type [com.baomidou.dynamic.datasource.spring.boot.autoconfigure.DynamicDataSourceProperties] is not eligible for getting processed by all BeanPostProcessors (for example: not eligible for auto-proxying)
2019-05-01 01:26:17.938 febs [main] INFO  o.s.c.s.PostProcessorRegistrationDelegate$BeanPostProcessorChecker - Bean 'com.baomidou.dynamic.datasource.spring.boot.autoconfigure.DynamicDataSourceAutoConfiguration' of type [com.baomidou.dynamic.datasource.spring.boot.autoconfigure.DynamicDataSourceAutoConfiguration$$EnhancerBySpringCGLIB$$6bd48b5d] is not eligible for getting processed by all BeanPostProcessors (for example: not eligible for auto-proxying)
2019-05-01 01:26:17.945 febs [main] INFO  o.s.c.s.PostProcessorRegistrationDelegate$BeanPostProcessorChecker - Bean 'dsProcessor' of type [com.baomidou.dynamic.datasource.processor.DsHeaderProcessor] is not eligible for getting processed by all BeanPostProcessors (for example: not eligible for auto-proxying)
2019-05-01 01:26:17.947 febs [main] INFO  o.s.c.s.PostProcessorRegistrationDelegate$BeanPostProcessorChecker - Bean 'dynamicDatasourceAnnotationAdvisor' of type [com.baomidou.dynamic.datasource.aop.DynamicDataSourceAnnotationAdvisor] is not eligible for getting processed by all BeanPostProcessors (for example: not eligible for auto-proxying)
2019-05-01 01:26:17.971 febs [main] INFO  o.s.c.s.PostProcessorRegistrationDelegate$BeanPostProcessorChecker - Bean 'org.springframework.transaction.annotation.ProxyTransactionManagementConfiguration' of type [org.springframework.transaction.annotation.ProxyTransactionManagementConfiguration$$EnhancerBySpringCGLIB$$2461a8c] is not eligible for getting processed by all BeanPostProcessors (for example: not eligible for auto-proxying)
2019-05-01 01:26:18.289 febs [main] INFO  o.s.b.w.e.tomcat.TomcatWebServer - Tomcat initialized with port(s): 8080 (http)
2019-05-01 01:26:18.300 febs [main] INFO  o.a.coyote.http11.Http11NioProtocol - Initializing ProtocolHandler ["http-nio-8080"]
2019-05-01 01:26:18.307 febs [main] INFO  o.a.catalina.core.StandardService - Starting service [Tomcat]
2019-05-01 01:26:18.307 febs [main] INFO  o.a.catalina.core.StandardEngine - Starting Servlet engine: [Apache Tomcat/9.0.17]
2019-05-01 01:26:18.388 febs [main] INFO  o.a.c.c.C.[Tomcat].[localhost].[/] - Initializing Spring embedded WebApplicationContext
2019-05-01 01:26:18.389 febs [main] INFO  o.s.web.context.ContextLoader - Root WebApplicationContext: initialization completed in 1820 ms
2019-05-01 01:26:18.698 febs [main] INFO  c.b.d.d.DynamicRoutingDataSource - 动态数据源-检测到并开启了p6spy
2019-05-01 01:26:18.703 febs [main] INFO  com.zaxxer.hikari.HikariDataSource - primary - Starting...
2019-05-01 01:26:18.931 febs [main] INFO  com.zaxxer.hikari.HikariDataSource - primary - Start completed.
2019-05-01 01:26:18.931 febs [main] INFO  c.b.d.d.DynamicRoutingDataSource - 初始共加载 1 个数据源
2019-05-01 01:26:18.931 febs [main] INFO  c.b.d.d.DynamicRoutingDataSource - 动态数据源-加载 primary 成功
2019-05-01 01:26:18.931 febs [main] INFO  c.b.d.d.DynamicRoutingDataSource - 当前的默认数据源是单数据源，数据源名为 primary
2019-05-01 01:26:19.852 febs [main] INFO  o.s.b.a.e.web.EndpointLinksResolver - Exposing 2 endpoint(s) beneath base path '/actuator'
2019-05-01 01:26:20.046 febs [main] INFO  o.s.s.c.ThreadPoolTaskExecutor - Initializing ExecutorService 'applicationTaskExecutor'
2019-05-01 01:26:20.439 febs [main] INFO  org.quartz.impl.StdSchedulerFactory - Using default implementation for ThreadExecutor
2019-05-01 01:26:20.446 febs [main] INFO  o.quartz.core.SchedulerSignalerImpl - Initialized Scheduler Signaller of type: class org.quartz.core.SchedulerSignalerImpl
2019-05-01 01:26:20.446 febs [main] INFO  org.quartz.core.QuartzScheduler - Quartz Scheduler v.2.3.1 created.
2019-05-01 01:26:20.447 febs [main] INFO  org.quartz.simpl.RAMJobStore - RAMJobStore initialized.
2019-05-01 01:26:20.447 febs [main] INFO  org.quartz.core.QuartzScheduler - Scheduler meta-data: Quartz Scheduler (v2.3.1) 'quartzScheduler' with instanceId 'NON_CLUSTERED'
  Scheduler class: 'org.quartz.core.QuartzScheduler' - running locally.
  NOT STARTED.
  Currently in standby mode.
  Number of jobs executed: 0
  Using thread pool 'org.quartz.simpl.SimpleThreadPool' - with 10 threads.
  Using job-store 'org.quartz.simpl.RAMJobStore' - which does not support persistence. and is not clustered.

2019-05-01 01:26:20.448 febs [main] INFO  org.quartz.impl.StdSchedulerFactory - Quartz scheduler 'quartzScheduler' initialized from an externally provided properties instance.
2019-05-01 01:26:20.448 febs [main] INFO  org.quartz.impl.StdSchedulerFactory - Quartz scheduler version: 2.3.1
2019-05-01 01:26:20.448 febs [main] INFO  org.quartz.core.QuartzScheduler - JobFactory set to: org.springframework.scheduling.quartz.SpringBeanJobFactory@70b196d3
2019-05-01 01:26:20.462 febs [main] INFO  o.s.s.c.ThreadPoolTaskScheduler - Initializing ExecutorService 'taskScheduler'
2019-05-01 01:26:20.521 febs [main] INFO  s.d.s.w.p.DocumentationPluginsBootstrapper - Context refreshed
2019-05-01 01:26:20.533 febs [main] INFO  s.d.s.w.p.DocumentationPluginsBootstrapper - Found 1 custom documentation plugin(s)
2019-05-01 01:26:20.546 febs [main] INFO  s.d.s.w.s.ApiListingReferenceScanner - Scanning for api listing references
2019-05-01 01:26:20.748 febs [main] INFO  o.s.s.quartz.SchedulerFactoryBean - Starting Quartz Scheduler now
2019-05-01 01:26:20.748 febs [main] INFO  org.quartz.core.QuartzScheduler - Scheduler quartzScheduler_$_NON_CLUSTERED started.
2019-05-01 01:26:20.764 febs [main] INFO  o.a.coyote.http11.Http11NioProtocol - Starting ProtocolHandler ["http-nio-8080"]
2019-05-01 01:26:20.797 febs [main] INFO  o.s.b.w.e.tomcat.TomcatWebServer - Tomcat started on port(s): 8080 (http) with context path ''
2019-05-01 01:26:20.800 febs [main] INFO  c.zjucsc.PacketMasterWebApplication - Started PacketMasterWebApplication in 5.216 seconds (JVM running for 6.002)
2019-05-01 01:26:21.113 febs [RMI TCP Connection(4)-127.0.0.1] INFO  o.a.c.c.C.[Tomcat].[localhost].[/] - Initializing Spring DispatcherServlet 'dispatcherServlet'
2019-05-01 01:26:21.113 febs [RMI TCP Connection(4)-127.0.0.1] INFO  o.s.web.servlet.DispatcherServlet - Initializing Servlet 'dispatcherServlet'
2019-05-01 01:26:21.116 febs [RMI TCP Connection(6)-127.0.0.1] INFO  p6spy - 1556645181116|4|statement|connection 3|url jdbc:mysql://localhost:3306/packet_master_web?useUnicode=true&characterEncoding=UTF-8&useJDBCCompliantTimezoneShift=true&useLegacyDatetimeCode=false&serverTimezone=UTC|select 1|select 1
2019-05-01 01:26:21.121 febs [RMI TCP Connection(4)-127.0.0.1] INFO  o.s.web.servlet.DispatcherServlet - Completed initialization in 8 ms
2019-05-01 01:26:21.419 febs [RMI TCP Connection(6)-127.0.0.1] INFO  io.lettuce.core.EpollProvider - Starting without optional epoll library
2019-05-01 01:26:21.475 febs [RMI TCP Connection(6)-127.0.0.1] INFO  io.lettuce.core.KqueueProvider - Starting with kqueue library
2019-05-01 01:26:24.868 febs [Thread-22] INFO  c.z.a.t.c.AbstractPacketService - run command : /Applications/Wireshark.app/Contents/MacOS/tshark -l -n -e frame.protocols -e eth.dst -e eth.src -e ip.src -e ip.addr -e tcp.srcport -e tcp.dstport -e s7comm.param.func -e modbus.func_code -e tcp.payload -e frame.cap_len -T ek -c 1 -r /Users/hongqianhui/JavaProjects/packet-master-web/src/main/resources/pcap/question_1531953261_01.pcap
2019-05-01 01:29:57.255 febs [Thread-13] INFO  org.quartz.core.QuartzScheduler - Scheduler quartzScheduler_$_NON_CLUSTERED paused.
2019-05-01 01:29:57.257 febs [Thread-13] INFO  o.s.s.c.ThreadPoolTaskScheduler - Shutting down ExecutorService 'taskScheduler'
2019-05-01 01:29:57.257 febs [Thread-13] INFO  o.s.s.quartz.SchedulerFactoryBean - Shutting down Quartz Scheduler
2019-05-01 01:29:57.257 febs [Thread-13] INFO  org.quartz.core.QuartzScheduler - Scheduler quartzScheduler_$_NON_CLUSTERED shutting down.
2019-05-01 01:29:57.257 febs [Thread-13] INFO  org.quartz.core.QuartzScheduler - Scheduler quartzScheduler_$_NON_CLUSTERED paused.
2019-05-01 01:29:57.258 febs [Thread-13] INFO  org.quartz.core.QuartzScheduler - Scheduler quartzScheduler_$_NON_CLUSTERED shutdown complete.
2019-05-01 01:29:57.260 febs [Thread-13] INFO  o.s.s.c.ThreadPoolTaskExecutor - Shutting down ExecutorService 'applicationTaskExecutor'
2019-05-01 01:29:57.262 febs [Thread-13] INFO  c.b.d.d.DynamicRoutingDataSource - closing dynamicDatasource  ing....
2019-05-01 01:29:57.262 febs [Thread-13] INFO  o.s.b.f.s.DisposableBeanAdapter - Invocation of destroy method failed on bean with name 'dataSource': java.lang.NoSuchMethodException: com.p6spy.engine.spy.P6DataSource.close()
2019-05-01 01:30:03.976 febs [main] INFO  c.zjucsc.PacketMasterWebApplication - Starting PacketMasterWebApplication on hongqianhuideMacBook-Pro.local with PID 27031 (/Users/hongqianhui/JavaProjects/packet-master-web/target/classes started by hongqianhui in /Users/hongqianhui/JavaProjects/packet-master-web)
2019-05-01 01:30:04.003 febs [main] INFO  c.zjucsc.PacketMasterWebApplication - No active profile set, falling back to default profiles: default
2019-05-01 01:30:05.145 febs [main] INFO  o.s.d.r.c.RepositoryConfigurationDelegate - Multiple Spring Data modules found, entering strict repository configuration mode!
2019-05-01 01:30:05.147 febs [main] INFO  o.s.d.r.c.RepositoryConfigurationDelegate - Bootstrapping Spring Data repositories in DEFAULT mode.
2019-05-01 01:30:05.174 febs [main] INFO  o.s.d.r.c.RepositoryConfigurationDelegate - Finished Spring Data repository scanning in 18ms. Found 0 repository interfaces.
2019-05-01 01:30:05.513 febs [main] INFO  o.s.c.s.PostProcessorRegistrationDelegate$BeanPostProcessorChecker - Bean 'spring.datasource.dynamic-com.baomidou.dynamic.datasource.spring.boot.autoconfigure.DynamicDataSourceProperties' of type [com.baomidou.dynamic.datasource.spring.boot.autoconfigure.DynamicDataSourceProperties] is not eligible for getting processed by all BeanPostProcessors (for example: not eligible for auto-proxying)
2019-05-01 01:30:05.516 febs [main] INFO  o.s.c.s.PostProcessorRegistrationDelegate$BeanPostProcessorChecker - Bean 'com.baomidou.dynamic.datasource.spring.boot.autoconfigure.DynamicDataSourceAutoConfiguration' of type [com.baomidou.dynamic.datasource.spring.boot.autoconfigure.DynamicDataSourceAutoConfiguration$$EnhancerBySpringCGLIB$$eef7042] is not eligible for getting processed by all BeanPostProcessors (for example: not eligible for auto-proxying)
2019-05-01 01:30:05.521 febs [main] INFO  o.s.c.s.PostProcessorRegistrationDelegate$BeanPostProcessorChecker - Bean 'dsProcessor' of type [com.baomidou.dynamic.datasource.processor.DsHeaderProcessor] is not eligible for getting processed by all BeanPostProcessors (for example: not eligible for auto-proxying)
2019-05-01 01:30:05.524 febs [main] INFO  o.s.c.s.PostProcessorRegistrationDelegate$BeanPostProcessorChecker - Bean 'dynamicDatasourceAnnotationAdvisor' of type [com.baomidou.dynamic.datasource.aop.DynamicDataSourceAnnotationAdvisor] is not eligible for getting processed by all BeanPostProcessors (for example: not eligible for auto-proxying)
2019-05-01 01:30:05.550 febs [main] INFO  o.s.c.s.PostProcessorRegistrationDelegate$BeanPostProcessorChecker - Bean 'org.springframework.transaction.annotation.ProxyTransactionManagementConfiguration' of type [org.springframework.transaction.annotation.ProxyTransactionManagementConfiguration$$EnhancerBySpringCGLIB$$a560ff71] is not eligible for getting processed by all BeanPostProcessors (for example: not eligible for auto-proxying)
2019-05-01 01:30:05.886 febs [main] INFO  o.s.b.w.e.tomcat.TomcatWebServer - Tomcat initialized with port(s): 8080 (http)
2019-05-01 01:30:05.896 febs [main] INFO  o.a.coyote.http11.Http11NioProtocol - Initializing ProtocolHandler ["http-nio-8080"]
2019-05-01 01:30:05.903 febs [main] INFO  o.a.catalina.core.StandardService - Starting service [Tomcat]
2019-05-01 01:30:05.903 febs [main] INFO  o.a.catalina.core.StandardEngine - Starting Servlet engine: [Apache Tomcat/9.0.17]
2019-05-01 01:30:05.992 febs [main] INFO  o.a.c.c.C.[Tomcat].[localhost].[/] - Initializing Spring embedded WebApplicationContext
2019-05-01 01:30:05.992 febs [main] INFO  o.s.web.context.ContextLoader - Root WebApplicationContext: initialization completed in 1866 ms
2019-05-01 01:30:06.327 febs [main] INFO  c.b.d.d.DynamicRoutingDataSource - 动态数据源-检测到并开启了p6spy
2019-05-01 01:30:06.333 febs [main] INFO  com.zaxxer.hikari.HikariDataSource - primary - Starting...
2019-05-01 01:30:06.568 febs [main] INFO  com.zaxxer.hikari.HikariDataSource - primary - Start completed.
2019-05-01 01:30:06.568 febs [main] INFO  c.b.d.d.DynamicRoutingDataSource - 初始共加载 1 个数据源
2019-05-01 01:30:06.568 febs [main] INFO  c.b.d.d.DynamicRoutingDataSource - 动态数据源-加载 primary 成功
2019-05-01 01:30:06.568 febs [main] INFO  c.b.d.d.DynamicRoutingDataSource - 当前的默认数据源是单数据源，数据源名为 primary
2019-05-01 01:30:07.486 febs [main] INFO  o.s.b.a.e.web.EndpointLinksResolver - Exposing 2 endpoint(s) beneath base path '/actuator'
2019-05-01 01:30:07.679 febs [main] INFO  o.s.s.c.ThreadPoolTaskExecutor - Initializing ExecutorService 'applicationTaskExecutor'
2019-05-01 01:30:08.073 febs [main] INFO  org.quartz.impl.StdSchedulerFactory - Using default implementation for ThreadExecutor
2019-05-01 01:30:08.082 febs [main] INFO  o.quartz.core.SchedulerSignalerImpl - Initialized Scheduler Signaller of type: class org.quartz.core.SchedulerSignalerImpl
2019-05-01 01:30:08.082 febs [main] INFO  org.quartz.core.QuartzScheduler - Quartz Scheduler v.2.3.1 created.
2019-05-01 01:30:08.083 febs [main] INFO  org.quartz.simpl.RAMJobStore - RAMJobStore initialized.
2019-05-01 01:30:08.083 febs [main] INFO  org.quartz.core.QuartzScheduler - Scheduler meta-data: Quartz Scheduler (v2.3.1) 'quartzScheduler' with instanceId 'NON_CLUSTERED'
  Scheduler class: 'org.quartz.core.QuartzScheduler' - running locally.
  NOT STARTED.
  Currently in standby mode.
  Number of jobs executed: 0
  Using thread pool 'org.quartz.simpl.SimpleThreadPool' - with 10 threads.
  Using job-store 'org.quartz.simpl.RAMJobStore' - which does not support persistence. and is not clustered.

2019-05-01 01:30:08.083 febs [main] INFO  org.quartz.impl.StdSchedulerFactory - Quartz scheduler 'quartzScheduler' initialized from an externally provided properties instance.
2019-05-01 01:30:08.083 febs [main] INFO  org.quartz.impl.StdSchedulerFactory - Quartz scheduler version: 2.3.1
2019-05-01 01:30:08.084 febs [main] INFO  org.quartz.core.QuartzScheduler - JobFactory set to: org.springframework.scheduling.quartz.SpringBeanJobFactory@213012a0
2019-05-01 01:30:08.098 febs [main] INFO  o.s.s.c.ThreadPoolTaskScheduler - Initializing ExecutorService 'taskScheduler'
2019-05-01 01:30:08.152 febs [main] INFO  s.d.s.w.p.DocumentationPluginsBootstrapper - Context refreshed
2019-05-01 01:30:08.161 febs [main] INFO  s.d.s.w.p.DocumentationPluginsBootstrapper - Found 1 custom documentation plugin(s)
2019-05-01 01:30:08.172 febs [main] INFO  s.d.s.w.s.ApiListingReferenceScanner - Scanning for api listing references
2019-05-01 01:30:08.366 febs [main] INFO  o.s.s.quartz.SchedulerFactoryBean - Starting Quartz Scheduler now
2019-05-01 01:30:08.367 febs [main] INFO  org.quartz.core.QuartzScheduler - Scheduler quartzScheduler_$_NON_CLUSTERED started.
2019-05-01 01:30:08.384 febs [main] INFO  o.a.coyote.http11.Http11NioProtocol - Starting ProtocolHandler ["http-nio-8080"]
2019-05-01 01:30:08.421 febs [main] INFO  o.s.b.w.e.tomcat.TomcatWebServer - Tomcat started on port(s): 8080 (http) with context path ''
2019-05-01 01:30:08.424 febs [main] INFO  c.zjucsc.PacketMasterWebApplication - Started PacketMasterWebApplication in 5.155 seconds (JVM running for 6.096)
2019-05-01 01:30:08.658 febs [RMI TCP Connection(4)-127.0.0.1] INFO  o.a.c.c.C.[Tomcat].[localhost].[/] - Initializing Spring DispatcherServlet 'dispatcherServlet'
2019-05-01 01:30:08.658 febs [RMI TCP Connection(4)-127.0.0.1] INFO  o.s.web.servlet.DispatcherServlet - Initializing Servlet 'dispatcherServlet'
2019-05-01 01:30:08.664 febs [RMI TCP Connection(2)-127.0.0.1] INFO  p6spy - 1556645408663|5|statement|connection 3|url jdbc:mysql://localhost:3306/packet_master_web?useUnicode=true&characterEncoding=UTF-8&useJDBCCompliantTimezoneShift=true&useLegacyDatetimeCode=false&serverTimezone=UTC|select 1|select 1
2019-05-01 01:30:08.671 febs [RMI TCP Connection(4)-127.0.0.1] INFO  o.s.web.servlet.DispatcherServlet - Completed initialization in 13 ms
2019-05-01 01:30:09.026 febs [RMI TCP Connection(2)-127.0.0.1] INFO  io.lettuce.core.EpollProvider - Starting without optional epoll library
2019-05-01 01:30:09.051 febs [RMI TCP Connection(2)-127.0.0.1] INFO  io.lettuce.core.KqueueProvider - Starting with kqueue library
2019-05-01 01:30:13.163 febs [Thread-22] INFO  c.z.a.t.c.AbstractPacketService - run command : /Applications/Wireshark.app/Contents/MacOS/tshark -l -n -e frame.protocols -e eth.dst -e eth.src -e ip.src -e ip.addr -e tcp.srcport -e tcp.dstport -e s7comm.param.func -e modbus.func_code -e tcp.payload -e frame.cap_len -T ek -c 1 -r /Users/hongqianhui/JavaProjects/packet-master-web/src/main/resources/pcap/question_1531953261_01.pcap
2019-05-01 01:33:15.022 febs [Thread-13] INFO  org.quartz.core.QuartzScheduler - Scheduler quartzScheduler_$_NON_CLUSTERED paused.
2019-05-01 01:33:15.025 febs [Thread-13] INFO  o.s.s.c.ThreadPoolTaskScheduler - Shutting down ExecutorService 'taskScheduler'
2019-05-01 01:33:15.026 febs [Thread-13] INFO  o.s.s.quartz.SchedulerFactoryBean - Shutting down Quartz Scheduler
2019-05-01 01:33:15.026 febs [Thread-13] INFO  org.quartz.core.QuartzScheduler - Scheduler quartzScheduler_$_NON_CLUSTERED shutting down.
2019-05-01 01:33:15.026 febs [Thread-13] INFO  org.quartz.core.QuartzScheduler - Scheduler quartzScheduler_$_NON_CLUSTERED paused.
2019-05-01 01:33:15.027 febs [Thread-13] INFO  org.quartz.core.QuartzScheduler - Scheduler quartzScheduler_$_NON_CLUSTERED shutdown complete.
2019-05-01 01:33:15.030 febs [Thread-13] INFO  o.s.s.c.ThreadPoolTaskExecutor - Shutting down ExecutorService 'applicationTaskExecutor'
2019-05-01 01:33:15.033 febs [Thread-13] INFO  c.b.d.d.DynamicRoutingDataSource - closing dynamicDatasource  ing....
2019-05-01 01:33:15.034 febs [Thread-13] INFO  o.s.b.f.s.DisposableBeanAdapter - Invocation of destroy method failed on bean with name 'dataSource': java.lang.NoSuchMethodException: com.p6spy.engine.spy.P6DataSource.close()
2019-05-01 01:33:21.679 febs [main] INFO  c.zjucsc.PacketMasterWebApplication - Starting PacketMasterWebApplication on hongqianhuideMacBook-Pro.local with PID 27047 (/Users/hongqianhui/JavaProjects/packet-master-web/target/classes started by hongqianhui in /Users/hongqianhui/JavaProjects/packet-master-web)
2019-05-01 01:33:21.682 febs [main] INFO  c.zjucsc.PacketMasterWebApplication - No active profile set, falling back to default profiles: default
2019-05-01 01:33:23.065 febs [main] INFO  o.s.d.r.c.RepositoryConfigurationDelegate - Multiple Spring Data modules found, entering strict repository configuration mode!
2019-05-01 01:33:23.067 febs [main] INFO  o.s.d.r.c.RepositoryConfigurationDelegate - Bootstrapping Spring Data repositories in DEFAULT mode.
2019-05-01 01:33:23.093 febs [main] INFO  o.s.d.r.c.RepositoryConfigurationDelegate - Finished Spring Data repository scanning in 18ms. Found 0 repository interfaces.
2019-05-01 01:33:23.436 febs [main] INFO  o.s.c.s.PostProcessorRegistrationDelegate$BeanPostProcessorChecker - Bean 'spring.datasource.dynamic-com.baomidou.dynamic.datasource.spring.boot.autoconfigure.DynamicDataSourceProperties' of type [com.baomidou.dynamic.datasource.spring.boot.autoconfigure.DynamicDataSourceProperties] is not eligible for getting processed by all BeanPostProcessors (for example: not eligible for auto-proxying)
2019-05-01 01:33:23.439 febs [main] INFO  o.s.c.s.PostProcessorRegistrationDelegate$BeanPostProcessorChecker - Bean 'com.baomidou.dynamic.datasource.spring.boot.autoconfigure.DynamicDataSourceAutoConfiguration' of type [com.baomidou.dynamic.datasource.spring.boot.autoconfigure.DynamicDataSourceAutoConfiguration$$EnhancerBySpringCGLIB$$b47e7b6c] is not eligible for getting processed by all BeanPostProcessors (for example: not eligible for auto-proxying)
2019-05-01 01:33:23.446 febs [main] INFO  o.s.c.s.PostProcessorRegistrationDelegate$BeanPostProcessorChecker - Bean 'dsProcessor' of type [com.baomidou.dynamic.datasource.processor.DsHeaderProcessor] is not eligible for getting processed by all BeanPostProcessors (for example: not eligible for auto-proxying)
2019-05-01 01:33:23.448 febs [main] INFO  o.s.c.s.PostProcessorRegistrationDelegate$BeanPostProcessorChecker - Bean 'dynamicDatasourceAnnotationAdvisor' of type [com.baomidou.dynamic.datasource.aop.DynamicDataSourceAnnotationAdvisor] is not eligible for getting processed by all BeanPostProcessors (for example: not eligible for auto-proxying)
2019-05-01 01:33:23.479 febs [main] INFO  o.s.c.s.PostProcessorRegistrationDelegate$BeanPostProcessorChecker - Bean 'org.springframework.transaction.annotation.ProxyTransactionManagementConfiguration' of type [org.springframework.transaction.annotation.ProxyTransactionManagementConfiguration$$EnhancerBySpringCGLIB$$4af00a9b] is not eligible for getting processed by all BeanPostProcessors (for example: not eligible for auto-proxying)
2019-05-01 01:33:23.882 febs [main] INFO  o.s.b.w.e.tomcat.TomcatWebServer - Tomcat initialized with port(s): 8080 (http)
2019-05-01 01:33:23.892 febs [main] INFO  o.a.coyote.http11.Http11NioProtocol - Initializing ProtocolHandler ["http-nio-8080"]
2019-05-01 01:33:23.899 febs [main] INFO  o.a.catalina.core.StandardService - Starting service [Tomcat]
2019-05-01 01:33:23.900 febs [main] INFO  o.a.catalina.core.StandardEngine - Starting Servlet engine: [Apache Tomcat/9.0.17]
2019-05-01 01:33:23.981 febs [main] INFO  o.a.c.c.C.[Tomcat].[localhost].[/] - Initializing Spring embedded WebApplicationContext
2019-05-01 01:33:23.981 febs [main] INFO  o.s.web.context.ContextLoader - Root WebApplicationContext: initialization completed in 2133 ms
2019-05-01 01:33:24.360 febs [main] INFO  c.b.d.d.DynamicRoutingDataSource - 动态数据源-检测到并开启了p6spy
2019-05-01 01:33:24.366 febs [main] INFO  com.zaxxer.hikari.HikariDataSource - primary - Starting...
2019-05-01 01:33:24.599 febs [main] INFO  com.zaxxer.hikari.HikariDataSource - primary - Start completed.
2019-05-01 01:33:24.600 febs [main] INFO  c.b.d.d.DynamicRoutingDataSource - 初始共加载 1 个数据源
2019-05-01 01:33:24.600 febs [main] INFO  c.b.d.d.DynamicRoutingDataSource - 动态数据源-加载 primary 成功
2019-05-01 01:33:24.600 febs [main] INFO  c.b.d.d.DynamicRoutingDataSource - 当前的默认数据源是单数据源，数据源名为 primary
2019-05-01 01:33:25.643 febs [main] INFO  o.s.b.a.e.web.EndpointLinksResolver - Exposing 2 endpoint(s) beneath base path '/actuator'
2019-05-01 01:33:25.843 febs [main] INFO  o.s.s.c.ThreadPoolTaskExecutor - Initializing ExecutorService 'applicationTaskExecutor'
2019-05-01 01:33:26.313 febs [main] INFO  org.quartz.impl.StdSchedulerFactory - Using default implementation for ThreadExecutor
2019-05-01 01:33:26.321 febs [main] INFO  o.quartz.core.SchedulerSignalerImpl - Initialized Scheduler Signaller of type: class org.quartz.core.SchedulerSignalerImpl
2019-05-01 01:33:26.321 febs [main] INFO  org.quartz.core.QuartzScheduler - Quartz Scheduler v.2.3.1 created.
2019-05-01 01:33:26.322 febs [main] INFO  org.quartz.simpl.RAMJobStore - RAMJobStore initialized.
2019-05-01 01:33:26.323 febs [main] INFO  org.quartz.core.QuartzScheduler - Scheduler meta-data: Quartz Scheduler (v2.3.1) 'quartzScheduler' with instanceId 'NON_CLUSTERED'
  Scheduler class: 'org.quartz.core.QuartzScheduler' - running locally.
  NOT STARTED.
  Currently in standby mode.
  Number of jobs executed: 0
  Using thread pool 'org.quartz.simpl.SimpleThreadPool' - with 10 threads.
  Using job-store 'org.quartz.simpl.RAMJobStore' - which does not support persistence. and is not clustered.

2019-05-01 01:33:26.323 febs [main] INFO  org.quartz.impl.StdSchedulerFactory - Quartz scheduler 'quartzScheduler' initialized from an externally provided properties instance.
2019-05-01 01:33:26.323 febs [main] INFO  org.quartz.impl.StdSchedulerFactory - Quartz scheduler version: 2.3.1
2019-05-01 01:33:26.323 febs [main] INFO  org.quartz.core.QuartzScheduler - JobFactory set to: org.springframework.scheduling.quartz.SpringBeanJobFactory@24fc2c80
2019-05-01 01:33:26.347 febs [main] INFO  o.s.s.c.ThreadPoolTaskScheduler - Initializing ExecutorService 'taskScheduler'
2019-05-01 01:33:26.411 febs [main] INFO  s.d.s.w.p.DocumentationPluginsBootstrapper - Context refreshed
2019-05-01 01:33:26.423 febs [main] INFO  s.d.s.w.p.DocumentationPluginsBootstrapper - Found 1 custom documentation plugin(s)
2019-05-01 01:33:26.437 febs [main] INFO  s.d.s.w.s.ApiListingReferenceScanner - Scanning for api listing references
2019-05-01 01:33:26.634 febs [main] INFO  o.s.s.quartz.SchedulerFactoryBean - Starting Quartz Scheduler now
2019-05-01 01:33:26.634 febs [main] INFO  org.quartz.core.QuartzScheduler - Scheduler quartzScheduler_$_NON_CLUSTERED started.
2019-05-01 01:33:26.648 febs [main] INFO  o.a.coyote.http11.Http11NioProtocol - Starting ProtocolHandler ["http-nio-8080"]
2019-05-01 01:33:26.681 febs [main] INFO  o.s.b.w.e.tomcat.TomcatWebServer - Tomcat started on port(s): 8080 (http) with context path ''
2019-05-01 01:33:26.684 febs [main] INFO  c.zjucsc.PacketMasterWebApplication - Started PacketMasterWebApplication in 5.865 seconds (JVM running for 6.608)
2019-05-01 01:33:26.941 febs [RMI TCP Connection(2)-127.0.0.1] INFO  o.a.c.c.C.[Tomcat].[localhost].[/] - Initializing Spring DispatcherServlet 'dispatcherServlet'
2019-05-01 01:33:26.941 febs [RMI TCP Connection(2)-127.0.0.1] INFO  o.s.web.servlet.DispatcherServlet - Initializing Servlet 'dispatcherServlet'
2019-05-01 01:33:26.947 febs [RMI TCP Connection(4)-127.0.0.1] INFO  p6spy - 1556645606947|6|statement|connection 3|url jdbc:mysql://localhost:3306/packet_master_web?useUnicode=true&characterEncoding=UTF-8&useJDBCCompliantTimezoneShift=true&useLegacyDatetimeCode=false&serverTimezone=UTC|select 1|select 1
2019-05-01 01:33:26.957 febs [RMI TCP Connection(2)-127.0.0.1] INFO  o.s.web.servlet.DispatcherServlet - Completed initialization in 16 ms
2019-05-01 01:33:27.301 febs [RMI TCP Connection(4)-127.0.0.1] INFO  io.lettuce.core.EpollProvider - Starting without optional epoll library
2019-05-01 01:33:27.388 febs [RMI TCP Connection(4)-127.0.0.1] INFO  io.lettuce.core.KqueueProvider - Starting with kqueue library
2019-05-01 01:33:54.092 febs [Thread-24] INFO  c.z.a.t.c.AbstractPacketService - run command : /Applications/Wireshark.app/Contents/MacOS/tshark -l -n -e frame.protocols -e eth.dst -e eth.src -e ip.src -e ip.addr -e tcp.srcport -e tcp.dstport -e s7comm.param.func -e modbus.func_code -e tcp.payload -e frame.cap_len -T ek -c 1 -r /Users/hongqianhui/JavaProjects/packet-master-web/src/main/resources/pcap/question_1531953261_01.pcap
2019-05-01 01:34:36.577 febs [Thread-15] INFO  org.quartz.core.QuartzScheduler - Scheduler quartzScheduler_$_NON_CLUSTERED paused.
2019-05-01 01:34:36.581 febs [Thread-15] INFO  o.s.s.c.ThreadPoolTaskScheduler - Shutting down ExecutorService 'taskScheduler'
2019-05-01 01:34:36.581 febs [Thread-15] INFO  o.s.s.quartz.SchedulerFactoryBean - Shutting down Quartz Scheduler
2019-05-01 01:34:36.581 febs [Thread-15] INFO  org.quartz.core.QuartzScheduler - Scheduler quartzScheduler_$_NON_CLUSTERED shutting down.
2019-05-01 01:34:36.581 febs [Thread-15] INFO  org.quartz.core.QuartzScheduler - Scheduler quartzScheduler_$_NON_CLUSTERED paused.
2019-05-01 01:34:36.582 febs [Thread-15] INFO  org.quartz.core.QuartzScheduler - Scheduler quartzScheduler_$_NON_CLUSTERED shutdown complete.
2019-05-01 01:34:36.583 febs [Thread-15] INFO  o.s.s.c.ThreadPoolTaskExecutor - Shutting down ExecutorService 'applicationTaskExecutor'
2019-05-01 01:34:36.585 febs [Thread-15] INFO  c.b.d.d.DynamicRoutingDataSource - closing dynamicDatasource  ing....
2019-05-01 01:34:36.585 febs [Thread-15] INFO  o.s.b.f.s.DisposableBeanAdapter - Invocation of destroy method failed on bean with name 'dataSource': java.lang.NoSuchMethodException: com.p6spy.engine.spy.P6DataSource.close()
