2019-05-05 12:59:27.609 febs [main] ERROR o.s.boot.SpringApplication - Application run failed
java.lang.IllegalStateException: Failed to execute ApplicationRunner
	at org.springframework.boot.SpringApplication.callRunner(SpringApplication.java:807)
	at org.springframework.boot.SpringApplication.callRunners(SpringApplication.java:794)
	at org.springframework.boot.SpringApplication.run(SpringApplication.java:324)
	at org.springframework.boot.test.context.SpringBootContextLoader.loadContext(SpringBootContextLoader.java:127)
	at org.springframework.test.context.cache.DefaultCacheAwareContextLoaderDelegate.loadContextInternal(DefaultCacheAwareContextLoaderDelegate.java:99)
	at org.springframework.test.context.cache.DefaultCacheAwareContextLoaderDelegate.loadContext(DefaultCacheAwareContextLoaderDelegate.java:117)
	at org.springframework.test.context.support.DefaultTestContext.getApplicationContext(DefaultTestContext.java:108)
	at org.springframework.test.context.web.ServletTestExecutionListener.setUpRequestContextIfNecessary(ServletTestExecutionListener.java:190)
	at org.springframework.test.context.web.ServletTestExecutionListener.prepareTestInstance(ServletTestExecutionListener.java:132)
	at org.springframework.test.context.TestContextManager.prepareTestInstance(TestContextManager.java:246)
	at org.springframework.test.context.junit4.SpringJUnit4ClassRunner.createTest(SpringJUnit4ClassRunner.java:227)
	at org.springframework.test.context.junit4.SpringJUnit4ClassRunner$1.runReflectiveCall(SpringJUnit4ClassRunner.java:289)
	at org.junit.internal.runners.model.ReflectiveCallable.run(ReflectiveCallable.java:12)
	at org.springframework.test.context.junit4.SpringJUnit4ClassRunner.methodBlock(SpringJUnit4ClassRunner.java:291)
	at org.springframework.test.context.junit4.SpringJUnit4ClassRunner.runChild(SpringJUnit4ClassRunner.java:246)
	at org.springframework.test.context.junit4.SpringJUnit4ClassRunner.runChild(SpringJUnit4ClassRunner.java:97)
	at org.junit.runners.ParentRunner$3.run(ParentRunner.java:290)
	at org.junit.runners.ParentRunner$1.schedule(ParentRunner.java:71)
	at org.junit.runners.ParentRunner.runChildren(ParentRunner.java:288)
	at org.junit.runners.ParentRunner.access$000(ParentRunner.java:58)
	at org.junit.runners.ParentRunner$2.evaluate(ParentRunner.java:268)
	at org.springframework.test.context.junit4.statements.RunBeforeTestClassCallbacks.evaluate(RunBeforeTestClassCallbacks.java:61)
	at org.springframework.test.context.junit4.statements.RunAfterTestClassCallbacks.evaluate(RunAfterTestClassCallbacks.java:70)
	at org.junit.runners.ParentRunner.run(ParentRunner.java:363)
	at org.springframework.test.context.junit4.SpringJUnit4ClassRunner.run(SpringJUnit4ClassRunner.java:190)
	at org.junit.runner.JUnitCore.run(JUnitCore.java:137)
	at com.intellij.junit4.JUnit4IdeaTestRunner.startRunnerWithArgs(JUnit4IdeaTestRunner.java:68)
	at com.intellij.rt.execution.junit.IdeaTestRunner$Repeater.startRunnerWithArgs(IdeaTestRunner.java:47)
	at com.intellij.rt.execution.junit.JUnitStarter.prepareStreamsAndStart(JUnitStarter.java:242)
	at com.intellij.rt.execution.junit.JUnitStarter.main(JUnitStarter.java:70)
Caused by: java.lang.NoSuchFieldException: modbus_ID
	at java.lang.Class.getDeclaredField(Class.java:2070)
	at com.zjucsc.application.task.InitConfigurationService.run(InitConfigurationService.java:53)
	at org.springframework.boot.SpringApplication.callRunner(SpringApplication.java:804)
	... 29 common frames omitted
2019-05-05 12:59:27.625 febs [main] ERROR o.s.test.context.TestContextManager - Caught exception while allowing TestExecutionListener [org.springframework.test.context.web.ServletTestExecutionListener@74235045] to prepare test instance [com.zjucsc.packetmasterweb.spring.ApplicationTest@3451fc88]
java.lang.IllegalStateException: Failed to load ApplicationContext
	at org.springframework.test.context.cache.DefaultCacheAwareContextLoaderDelegate.loadContext(DefaultCacheAwareContextLoaderDelegate.java:125)
	at org.springframework.test.context.support.DefaultTestContext.getApplicationContext(DefaultTestContext.java:108)
	at org.springframework.test.context.web.ServletTestExecutionListener.setUpRequestContextIfNecessary(ServletTestExecutionListener.java:190)
	at org.springframework.test.context.web.ServletTestExecutionListener.prepareTestInstance(ServletTestExecutionListener.java:132)
	at org.springframework.test.context.TestContextManager.prepareTestInstance(TestContextManager.java:246)
	at org.springframework.test.context.junit4.SpringJUnit4ClassRunner.createTest(SpringJUnit4ClassRunner.java:227)
	at org.springframework.test.context.junit4.SpringJUnit4ClassRunner$1.runReflectiveCall(SpringJUnit4ClassRunner.java:289)
	at org.junit.internal.runners.model.ReflectiveCallable.run(ReflectiveCallable.java:12)
	at org.springframework.test.context.junit4.SpringJUnit4ClassRunner.methodBlock(SpringJUnit4ClassRunner.java:291)
	at org.springframework.test.context.junit4.SpringJUnit4ClassRunner.runChild(SpringJUnit4ClassRunner.java:246)
	at org.springframework.test.context.junit4.SpringJUnit4ClassRunner.runChild(SpringJUnit4ClassRunner.java:97)
	at org.junit.runners.ParentRunner$3.run(ParentRunner.java:290)
	at org.junit.runners.ParentRunner$1.schedule(ParentRunner.java:71)
	at org.junit.runners.ParentRunner.runChildren(ParentRunner.java:288)
	at org.junit.runners.ParentRunner.access$000(ParentRunner.java:58)
	at org.junit.runners.ParentRunner$2.evaluate(ParentRunner.java:268)
	at org.springframework.test.context.junit4.statements.RunBeforeTestClassCallbacks.evaluate(RunBeforeTestClassCallbacks.java:61)
	at org.springframework.test.context.junit4.statements.RunAfterTestClassCallbacks.evaluate(RunAfterTestClassCallbacks.java:70)
	at org.junit.runners.ParentRunner.run(ParentRunner.java:363)
	at org.springframework.test.context.junit4.SpringJUnit4ClassRunner.run(SpringJUnit4ClassRunner.java:190)
	at org.junit.runner.JUnitCore.run(JUnitCore.java:137)
	at com.intellij.junit4.JUnit4IdeaTestRunner.startRunnerWithArgs(JUnit4IdeaTestRunner.java:68)
	at com.intellij.rt.execution.junit.IdeaTestRunner$Repeater.startRunnerWithArgs(IdeaTestRunner.java:47)
	at com.intellij.rt.execution.junit.JUnitStarter.prepareStreamsAndStart(JUnitStarter.java:242)
	at com.intellij.rt.execution.junit.JUnitStarter.main(JUnitStarter.java:70)
Caused by: java.lang.IllegalStateException: Failed to execute ApplicationRunner
	at org.springframework.boot.SpringApplication.callRunner(SpringApplication.java:807)
	at org.springframework.boot.SpringApplication.callRunners(SpringApplication.java:794)
	at org.springframework.boot.SpringApplication.run(SpringApplication.java:324)
	at org.springframework.boot.test.context.SpringBootContextLoader.loadContext(SpringBootContextLoader.java:127)
	at org.springframework.test.context.cache.DefaultCacheAwareContextLoaderDelegate.loadContextInternal(DefaultCacheAwareContextLoaderDelegate.java:99)
	at org.springframework.test.context.cache.DefaultCacheAwareContextLoaderDelegate.loadContext(DefaultCacheAwareContextLoaderDelegate.java:117)
	... 24 common frames omitted
Caused by: java.lang.NoSuchFieldException: modbus_ID
	at java.lang.Class.getDeclaredField(Class.java:2070)
	at com.zjucsc.application.task.InitConfigurationService.run(InitConfigurationService.java:53)
	at org.springframework.boot.SpringApplication.callRunner(SpringApplication.java:804)
	... 29 common frames omitted
2019-05-05 13:00:39.706 febs [main] ERROR c.z.a.tshark.capture.PacketMain - can not exec command >> /Applications/Wireshark.app/Contents/MacOS/tshark -l -n -Y tcp -e frame.protocols -e eth.dst -e frame.cap_len -e eth.src -e ip.src -e ip.dst -e tcp.srcport -e tcp.dstport -e s7comm.param.func -e modbus.func_code -e tcp.payload -e s7comm.header.rosctr -T ek -r /Users/hongqianhui/JavaProjects/packet-master-web/src/main/resources/pcap4j/question_1531953261_01.pcap4j << 
error msg : 
java.io.IOException: Cannot run program "/Applications/Wireshark.app/Contents/MacOS/tshark": CreateProcess error=2, 系统找不到指定的文件。
	at java.lang.ProcessBuilder.start(ProcessBuilder.java:1048)
	at java.lang.Runtime.exec(Runtime.java:620)
	at java.lang.Runtime.exec(Runtime.java:450)
	at java.lang.Runtime.exec(Runtime.java:347)
	at com.zjucsc.application.tshark.capture.PacketMain.runTargetCommand(PacketMain.java:153)
	at com.zjucsc.application.tshark.capture.AbstractPacketService.start(AbstractPacketService.java:40)
	at com.zjucsc.application.tshark.capture.AbstractPacketService.start(AbstractPacketService.java:34)
	at com.zjucsc.application.tshark.capture.AbstractPacketService.start(AbstractPacketService.java:30)
	at com.zjucsc.packetmasterweb.spring.ApplicationTest.fv_packet_filter_test(ApplicationTest.java:84)
	at sun.reflect.NativeMethodAccessorImpl.invoke0(Native Method)
	at sun.reflect.NativeMethodAccessorImpl.invoke(NativeMethodAccessorImpl.java:62)
	at sun.reflect.DelegatingMethodAccessorImpl.invoke(DelegatingMethodAccessorImpl.java:43)
	at java.lang.reflect.Method.invoke(Method.java:498)
	at org.junit.runners.model.FrameworkMethod$1.runReflectiveCall(FrameworkMethod.java:50)
	at org.junit.internal.runners.model.ReflectiveCallable.run(ReflectiveCallable.java:12)
	at org.junit.runners.model.FrameworkMethod.invokeExplosively(FrameworkMethod.java:47)
	at org.junit.internal.runners.statements.InvokeMethod.evaluate(InvokeMethod.java:17)
	at org.springframework.test.context.junit4.statements.RunBeforeTestExecutionCallbacks.evaluate(RunBeforeTestExecutionCallbacks.java:74)
	at org.springframework.test.context.junit4.statements.RunAfterTestExecutionCallbacks.evaluate(RunAfterTestExecutionCallbacks.java:84)
	at org.springframework.test.context.junit4.statements.RunBeforeTestMethodCallbacks.evaluate(RunBeforeTestMethodCallbacks.java:75)
	at org.springframework.test.context.junit4.statements.RunAfterTestMethodCallbacks.evaluate(RunAfterTestMethodCallbacks.java:86)
	at org.springframework.test.context.junit4.statements.SpringRepeat.evaluate(SpringRepeat.java:84)
	at org.junit.runners.ParentRunner.runLeaf(ParentRunner.java:325)
	at org.springframework.test.context.junit4.SpringJUnit4ClassRunner.runChild(SpringJUnit4ClassRunner.java:251)
	at org.springframework.test.context.junit4.SpringJUnit4ClassRunner.runChild(SpringJUnit4ClassRunner.java:97)
	at org.junit.runners.ParentRunner$3.run(ParentRunner.java:290)
	at org.junit.runners.ParentRunner$1.schedule(ParentRunner.java:71)
	at org.junit.runners.ParentRunner.runChildren(ParentRunner.java:288)
	at org.junit.runners.ParentRunner.access$000(ParentRunner.java:58)
	at org.junit.runners.ParentRunner$2.evaluate(ParentRunner.java:268)
	at org.springframework.test.context.junit4.statements.RunBeforeTestClassCallbacks.evaluate(RunBeforeTestClassCallbacks.java:61)
	at org.springframework.test.context.junit4.statements.RunAfterTestClassCallbacks.evaluate(RunAfterTestClassCallbacks.java:70)
	at org.junit.runners.ParentRunner.run(ParentRunner.java:363)
	at org.springframework.test.context.junit4.SpringJUnit4ClassRunner.run(SpringJUnit4ClassRunner.java:190)
	at org.junit.runner.JUnitCore.run(JUnitCore.java:137)
	at com.intellij.junit4.JUnit4IdeaTestRunner.startRunnerWithArgs(JUnit4IdeaTestRunner.java:68)
	at com.intellij.rt.execution.junit.IdeaTestRunner$Repeater.startRunnerWithArgs(IdeaTestRunner.java:47)
	at com.intellij.rt.execution.junit.JUnitStarter.prepareStreamsAndStart(JUnitStarter.java:242)
	at com.intellij.rt.execution.junit.JUnitStarter.main(JUnitStarter.java:70)
Caused by: java.io.IOException: CreateProcess error=2, 系统找不到指定的文件。
	at java.lang.ProcessImpl.create(Native Method)
	at java.lang.ProcessImpl.<init>(ProcessImpl.java:386)
	at java.lang.ProcessImpl.start(ProcessImpl.java:137)
	at java.lang.ProcessBuilder.start(ProcessBuilder.java:1029)
	... 38 common frames omitted
2019-05-05 14:44:52.612 febs [nioEventLoopGroup-3-2] ERROR c.c.s.l.DefaultExceptionListener - 远程主机强迫关闭了一个现有的连接。
java.io.IOException: 远程主机强迫关闭了一个现有的连接。
	at sun.nio.ch.SocketDispatcher.read0(Native Method)
	at sun.nio.ch.SocketDispatcher.read(SocketDispatcher.java:43)
	at sun.nio.ch.IOUtil.readIntoNativeBuffer(IOUtil.java:223)
	at sun.nio.ch.IOUtil.read(IOUtil.java:192)
	at sun.nio.ch.SocketChannelImpl.read(SocketChannelImpl.java:380)
	at io.netty.buffer.PooledUnsafeDirectByteBuf.setBytes(PooledUnsafeDirectByteBuf.java:288)
	at io.netty.buffer.AbstractByteBuf.writeBytes(AbstractByteBuf.java:1125)
	at io.netty.channel.socket.nio.NioSocketChannel.doReadBytes(NioSocketChannel.java:347)
	at io.netty.channel.nio.AbstractNioByteChannel$NioByteUnsafe.read(AbstractNioByteChannel.java:148)
	at io.netty.channel.nio.NioEventLoop.processSelectedKey(NioEventLoop.java:682)
	at io.netty.channel.nio.NioEventLoop.processSelectedKeysOptimized(NioEventLoop.java:617)
	at io.netty.channel.nio.NioEventLoop.processSelectedKeys(NioEventLoop.java:534)
	at io.netty.channel.nio.NioEventLoop.run(NioEventLoop.java:496)
	at io.netty.util.concurrent.SingleThreadEventExecutor$5.run(SingleThreadEventExecutor.java:906)
	at io.netty.util.internal.ThreadExecutorMap$2.run(ThreadExecutorMap.java:74)
	at io.netty.util.concurrent.FastThreadLocalRunnable.run(FastThreadLocalRunnable.java:30)
	at java.lang.Thread.run(Thread.java:748)
2019-05-05 17:06:50.194 febs [nioEventLoopGroup-2-1] ERROR c.c.socketio.SocketIOServer - SocketIO server start failed at port: 8081!
2019-05-05 17:07:53.488 febs [nioEventLoopGroup-3-2] ERROR c.c.s.l.DefaultExceptionListener - 远程主机强迫关闭了一个现有的连接。
java.io.IOException: 远程主机强迫关闭了一个现有的连接。
	at sun.nio.ch.SocketDispatcher.read0(Native Method)
	at sun.nio.ch.SocketDispatcher.read(SocketDispatcher.java:43)
	at sun.nio.ch.IOUtil.readIntoNativeBuffer(IOUtil.java:223)
	at sun.nio.ch.IOUtil.read(IOUtil.java:192)
	at sun.nio.ch.SocketChannelImpl.read(SocketChannelImpl.java:380)
	at io.netty.buffer.PooledUnsafeDirectByteBuf.setBytes(PooledUnsafeDirectByteBuf.java:288)
	at io.netty.buffer.AbstractByteBuf.writeBytes(AbstractByteBuf.java:1125)
	at io.netty.channel.socket.nio.NioSocketChannel.doReadBytes(NioSocketChannel.java:347)
	at io.netty.channel.nio.AbstractNioByteChannel$NioByteUnsafe.read(AbstractNioByteChannel.java:148)
	at io.netty.channel.nio.NioEventLoop.processSelectedKey(NioEventLoop.java:682)
	at io.netty.channel.nio.NioEventLoop.processSelectedKeysOptimized(NioEventLoop.java:617)
	at io.netty.channel.nio.NioEventLoop.processSelectedKeys(NioEventLoop.java:534)
	at io.netty.channel.nio.NioEventLoop.run(NioEventLoop.java:496)
	at io.netty.util.concurrent.SingleThreadEventExecutor$5.run(SingleThreadEventExecutor.java:906)
	at io.netty.util.internal.ThreadExecutorMap$2.run(ThreadExecutorMap.java:74)
	at io.netty.util.concurrent.FastThreadLocalRunnable.run(FastThreadLocalRunnable.java:30)
	at java.lang.Thread.run(Thread.java:748)
2019-05-05 19:10:22.447 febs [-packet-decoder-handler-] ERROR c.z.a.handler.ThreadExceptionHandler - thread Thread[-packet-decoder-handler-,5,main] catch a unhandle exception : 

java.lang.ClassCastException: com.zjucsc.application.tshark.domain.packet.FiveDimensionPacketWrapper cannot be cast to com.zjucsc.application.tshark.domain.beans.PacketInfo$PacketWrapper
	at com.zjucsc.application.tshark.handler.PacketDecodeHandler.handle(PacketDecodeHandler.java:61)
	at com.zjucsc.application.tshark.handler.PacketDecodeHandler.handle(PacketDecodeHandler.java:28)
	at com.zjucsc.application.tshark.decode.AbstractAsyncHandler$1.run(AbstractAsyncHandler.java:45)
	at java.util.concurrent.ThreadPoolExecutor.runWorker(ThreadPoolExecutor.java:1142)
	at java.util.concurrent.ThreadPoolExecutor$Worker.run(ThreadPoolExecutor.java:617)
	at java.lang.Thread.run(Thread.java:748)
2019-05-05 19:10:22.447 febs [-packet-decoder-handler-] ERROR c.z.a.handler.ThreadExceptionHandler - thread Thread[-packet-decoder-handler-,5,main] catch a unhandle exception : 

java.lang.ClassCastException: com.zjucsc.application.tshark.domain.packet.FiveDimensionPacketWrapper cannot be cast to com.zjucsc.application.tshark.domain.beans.PacketInfo$PacketWrapper
	at com.zjucsc.application.tshark.handler.PacketDecodeHandler.handle(PacketDecodeHandler.java:61)
	at com.zjucsc.application.tshark.handler.PacketDecodeHandler.handle(PacketDecodeHandler.java:28)
	at com.zjucsc.application.tshark.decode.AbstractAsyncHandler$1.run(AbstractAsyncHandler.java:45)
	at java.util.concurrent.ThreadPoolExecutor.runWorker(ThreadPoolExecutor.java:1142)
	at java.util.concurrent.ThreadPoolExecutor$Worker.run(ThreadPoolExecutor.java:617)
	at java.lang.Thread.run(Thread.java:748)
2019-05-05 19:10:22.446 febs [-packet-decoder-handler-] ERROR c.z.a.handler.ThreadExceptionHandler - thread Thread[-packet-decoder-handler-,5,main] catch a unhandle exception : 

java.lang.ClassCastException: com.zjucsc.application.tshark.domain.packet.FiveDimensionPacketWrapper cannot be cast to com.zjucsc.application.tshark.domain.beans.PacketInfo$PacketWrapper
	at com.zjucsc.application.tshark.handler.PacketDecodeHandler.handle(PacketDecodeHandler.java:61)
	at com.zjucsc.application.tshark.handler.PacketDecodeHandler.handle(PacketDecodeHandler.java:28)
	at com.zjucsc.application.tshark.decode.AbstractAsyncHandler$1.run(AbstractAsyncHandler.java:45)
	at java.util.concurrent.ThreadPoolExecutor.runWorker(ThreadPoolExecutor.java:1142)
	at java.util.concurrent.ThreadPoolExecutor$Worker.run(ThreadPoolExecutor.java:617)
	at java.lang.Thread.run(Thread.java:748)
2019-05-05 19:10:22.449 febs [-packet-decoder-handler-] ERROR c.z.a.handler.ThreadExceptionHandler - thread Thread[-packet-decoder-handler-,5,main] catch a unhandle exception : 

java.lang.ClassCastException: com.zjucsc.application.tshark.domain.packet.FiveDimensionPacketWrapper cannot be cast to com.zjucsc.application.tshark.domain.beans.PacketInfo$PacketWrapper
	at com.zjucsc.application.tshark.handler.PacketDecodeHandler.handle(PacketDecodeHandler.java:61)
	at com.zjucsc.application.tshark.handler.PacketDecodeHandler.handle(PacketDecodeHandler.java:28)
	at com.zjucsc.application.tshark.decode.AbstractAsyncHandler$1.run(AbstractAsyncHandler.java:45)
	at java.util.concurrent.ThreadPoolExecutor.runWorker(ThreadPoolExecutor.java:1142)
	at java.util.concurrent.ThreadPoolExecutor$Worker.run(ThreadPoolExecutor.java:617)
	at java.lang.Thread.run(Thread.java:748)
2019-05-05 19:10:22.453 febs [-packet-decoder-handler-] ERROR c.z.a.handler.ThreadExceptionHandler - thread Thread[-packet-decoder-handler-,5,main] catch a unhandle exception : 

java.lang.ClassCastException: com.zjucsc.application.tshark.domain.packet.FiveDimensionPacketWrapper cannot be cast to com.zjucsc.application.tshark.domain.beans.PacketInfo$PacketWrapper
	at com.zjucsc.application.tshark.handler.PacketDecodeHandler.handle(PacketDecodeHandler.java:61)
	at com.zjucsc.application.tshark.handler.PacketDecodeHandler.handle(PacketDecodeHandler.java:28)
	at com.zjucsc.application.tshark.decode.AbstractAsyncHandler$1.run(AbstractAsyncHandler.java:45)
	at java.util.concurrent.ThreadPoolExecutor.runWorker(ThreadPoolExecutor.java:1142)
	at java.util.concurrent.ThreadPoolExecutor$Worker.run(ThreadPoolExecutor.java:617)
	at java.lang.Thread.run(Thread.java:748)
2019-05-05 19:10:22.453 febs [-packet-decoder-handler-] ERROR c.z.a.handler.ThreadExceptionHandler - thread Thread[-packet-decoder-handler-,5,main] catch a unhandle exception : 

java.lang.ClassCastException: com.zjucsc.application.tshark.domain.packet.FiveDimensionPacketWrapper cannot be cast to com.zjucsc.application.tshark.domain.beans.PacketInfo$PacketWrapper
	at com.zjucsc.application.tshark.handler.PacketDecodeHandler.handle(PacketDecodeHandler.java:61)
	at com.zjucsc.application.tshark.handler.PacketDecodeHandler.handle(PacketDecodeHandler.java:28)
	at com.zjucsc.application.tshark.decode.AbstractAsyncHandler$1.run(AbstractAsyncHandler.java:45)
	at java.util.concurrent.ThreadPoolExecutor.runWorker(ThreadPoolExecutor.java:1142)
	at java.util.concurrent.ThreadPoolExecutor$Worker.run(ThreadPoolExecutor.java:617)
	at java.lang.Thread.run(Thread.java:748)
2019-05-05 19:10:56.840 febs [-packet-decoder-handler-] ERROR c.z.a.handler.ThreadExceptionHandler - thread Thread[-packet-decoder-handler-,5,main] catch a unhandle exception : 

java.lang.ClassCastException: com.zjucsc.application.tshark.domain.packet.FiveDimensionPacketWrapper cannot be cast to com.zjucsc.application.tshark.domain.beans.PacketInfo$PacketWrapper
	at com.zjucsc.application.tshark.handler.PacketDecodeHandler.handle(PacketDecodeHandler.java:61)
	at com.zjucsc.application.tshark.handler.PacketDecodeHandler.handle(PacketDecodeHandler.java:28)
	at com.zjucsc.application.tshark.decode.AbstractAsyncHandler$1.run(AbstractAsyncHandler.java:45)
	at java.util.concurrent.ThreadPoolExecutor.runWorker(ThreadPoolExecutor.java:1142)
	at java.util.concurrent.ThreadPoolExecutor$Worker.run(ThreadPoolExecutor.java:617)
	at java.lang.Thread.run(Thread.java:748)
2019-05-05 19:14:26.535 febs [-packet-decoder-handler-] ERROR c.z.a.handler.ThreadExceptionHandler - thread Thread[-packet-decoder-handler-,5,main] catch a unhandle exception : 

java.lang.ClassCastException: com.zjucsc.application.tshark.domain.packet.FiveDimensionPacketWrapper cannot be cast to com.zjucsc.application.tshark.domain.beans.PacketInfo$PacketWrapper
	at com.zjucsc.application.tshark.handler.PacketDecodeHandler.handle(PacketDecodeHandler.java:61)
	at com.zjucsc.application.tshark.handler.PacketDecodeHandler.handle(PacketDecodeHandler.java:28)
	at com.zjucsc.application.tshark.decode.AbstractAsyncHandler$1.run(AbstractAsyncHandler.java:45)
	at java.util.concurrent.ThreadPoolExecutor.runWorker(ThreadPoolExecutor.java:1142)
	at java.util.concurrent.ThreadPoolExecutor$Worker.run(ThreadPoolExecutor.java:617)
	at java.lang.Thread.run(Thread.java:748)
2019-05-05 19:14:26.535 febs [-packet-decoder-handler-] ERROR c.z.a.handler.ThreadExceptionHandler - thread Thread[-packet-decoder-handler-,5,main] catch a unhandle exception : 

java.lang.ClassCastException: com.zjucsc.application.tshark.domain.packet.FiveDimensionPacketWrapper cannot be cast to com.zjucsc.application.tshark.domain.beans.PacketInfo$PacketWrapper
	at com.zjucsc.application.tshark.handler.PacketDecodeHandler.handle(PacketDecodeHandler.java:61)
	at com.zjucsc.application.tshark.handler.PacketDecodeHandler.handle(PacketDecodeHandler.java:28)
	at com.zjucsc.application.tshark.decode.AbstractAsyncHandler$1.run(AbstractAsyncHandler.java:45)
	at java.util.concurrent.ThreadPoolExecutor.runWorker(ThreadPoolExecutor.java:1142)
	at java.util.concurrent.ThreadPoolExecutor$Worker.run(ThreadPoolExecutor.java:617)
	at java.lang.Thread.run(Thread.java:748)
2019-05-05 19:14:26.582 febs [-packet-decoder-handler-] ERROR c.z.a.handler.ThreadExceptionHandler - thread Thread[-packet-decoder-handler-,5,main] catch a unhandle exception : 

java.lang.ClassCastException: com.zjucsc.application.tshark.domain.packet.FiveDimensionPacketWrapper cannot be cast to com.zjucsc.application.tshark.domain.beans.PacketInfo$PacketWrapper
	at com.zjucsc.application.tshark.handler.PacketDecodeHandler.handle(PacketDecodeHandler.java:61)
	at com.zjucsc.application.tshark.handler.PacketDecodeHandler.handle(PacketDecodeHandler.java:28)
	at com.zjucsc.application.tshark.decode.AbstractAsyncHandler$1.run(AbstractAsyncHandler.java:45)
	at java.util.concurrent.ThreadPoolExecutor.runWorker(ThreadPoolExecutor.java:1142)
	at java.util.concurrent.ThreadPoolExecutor$Worker.run(ThreadPoolExecutor.java:617)
	at java.lang.Thread.run(Thread.java:748)
2019-05-05 19:14:26.583 febs [-packet-decoder-handler-] ERROR c.z.a.handler.ThreadExceptionHandler - thread Thread[-packet-decoder-handler-,5,main] catch a unhandle exception : 

java.lang.ClassCastException: com.zjucsc.application.tshark.domain.packet.FiveDimensionPacketWrapper cannot be cast to com.zjucsc.application.tshark.domain.beans.PacketInfo$PacketWrapper
	at com.zjucsc.application.tshark.handler.PacketDecodeHandler.handle(PacketDecodeHandler.java:61)
	at com.zjucsc.application.tshark.handler.PacketDecodeHandler.handle(PacketDecodeHandler.java:28)
	at com.zjucsc.application.tshark.decode.AbstractAsyncHandler$1.run(AbstractAsyncHandler.java:45)
	at java.util.concurrent.ThreadPoolExecutor.runWorker(ThreadPoolExecutor.java:1142)
	at java.util.concurrent.ThreadPoolExecutor$Worker.run(ThreadPoolExecutor.java:617)
	at java.lang.Thread.run(Thread.java:748)
2019-05-05 19:14:26.583 febs [-packet-decoder-handler-] ERROR c.z.a.handler.ThreadExceptionHandler - thread Thread[-packet-decoder-handler-,5,main] catch a unhandle exception : 

java.lang.ClassCastException: com.zjucsc.application.tshark.domain.packet.FiveDimensionPacketWrapper cannot be cast to com.zjucsc.application.tshark.domain.beans.PacketInfo$PacketWrapper
	at com.zjucsc.application.tshark.handler.PacketDecodeHandler.handle(PacketDecodeHandler.java:61)
	at com.zjucsc.application.tshark.handler.PacketDecodeHandler.handle(PacketDecodeHandler.java:28)
	at com.zjucsc.application.tshark.decode.AbstractAsyncHandler$1.run(AbstractAsyncHandler.java:45)
	at java.util.concurrent.ThreadPoolExecutor.runWorker(ThreadPoolExecutor.java:1142)
	at java.util.concurrent.ThreadPoolExecutor$Worker.run(ThreadPoolExecutor.java:617)
	at java.lang.Thread.run(Thread.java:748)
2019-05-05 19:14:26.582 febs [-packet-decoder-handler-] ERROR c.z.a.handler.ThreadExceptionHandler - thread Thread[-packet-decoder-handler-,5,main] catch a unhandle exception : 

java.lang.ClassCastException: com.zjucsc.application.tshark.domain.packet.FiveDimensionPacketWrapper cannot be cast to com.zjucsc.application.tshark.domain.beans.PacketInfo$PacketWrapper
	at com.zjucsc.application.tshark.handler.PacketDecodeHandler.handle(PacketDecodeHandler.java:61)
	at com.zjucsc.application.tshark.handler.PacketDecodeHandler.handle(PacketDecodeHandler.java:28)
	at com.zjucsc.application.tshark.decode.AbstractAsyncHandler$1.run(AbstractAsyncHandler.java:45)
	at java.util.concurrent.ThreadPoolExecutor.runWorker(ThreadPoolExecutor.java:1142)
	at java.util.concurrent.ThreadPoolExecutor$Worker.run(ThreadPoolExecutor.java:617)
	at java.lang.Thread.run(Thread.java:748)
2019-05-05 19:16:28.464 febs [-packet-decoder-handler-] ERROR c.z.a.handler.ThreadExceptionHandler - thread Thread[-packet-decoder-handler-,5,main] catch a unhandle exception : 

java.lang.ClassCastException: com.zjucsc.application.tshark.domain.packet.FiveDimensionPacketWrapper cannot be cast to com.zjucsc.application.tshark.domain.beans.PacketInfo$PacketWrapper
	at com.zjucsc.application.tshark.handler.PacketDecodeHandler.handle(PacketDecodeHandler.java:61)
	at com.zjucsc.application.tshark.handler.PacketDecodeHandler.handle(PacketDecodeHandler.java:28)
	at com.zjucsc.application.tshark.decode.AbstractAsyncHandler$1.run(AbstractAsyncHandler.java:45)
	at java.util.concurrent.ThreadPoolExecutor.runWorker(ThreadPoolExecutor.java:1142)
	at java.util.concurrent.ThreadPoolExecutor$Worker.run(ThreadPoolExecutor.java:617)
	at java.lang.Thread.run(Thread.java:748)
2019-05-05 19:20:28.607 febs [-bad-packet-analyze-] ERROR c.z.a.handler.ThreadExceptionHandler - thread Thread[-bad-packet-analyze-,5,main] catch a unhandle exception : 

java.lang.ClassCastException: com.zjucsc.application.tshark.domain.packet.FiveDimensionPacketWrapper cannot be cast to java.lang.String
	at com.zjucsc.application.domain.analyzer.OtherPacketAnalyzer.analyze(OtherPacketAnalyzer.java:29)
	at com.zjucsc.application.tshark.handler.BadPacketAnalyzeHandler.operationAnalyze(BadPacketAnalyzeHandler.java:86)
	at com.zjucsc.application.tshark.handler.BadPacketAnalyzeHandler.handle(BadPacketAnalyzeHandler.java:43)
	at com.zjucsc.application.tshark.handler.BadPacketAnalyzeHandler.handle(BadPacketAnalyzeHandler.java:21)
	at com.zjucsc.application.tshark.decode.AbstractAsyncHandler$1.run(AbstractAsyncHandler.java:45)
	at java.util.concurrent.ThreadPoolExecutor.runWorker(ThreadPoolExecutor.java:1142)
	at java.util.concurrent.ThreadPoolExecutor$Worker.run(ThreadPoolExecutor.java:617)
	at java.lang.Thread.run(Thread.java:748)
2019-05-05 19:20:28.607 febs [-bad-packet-analyze-] ERROR c.z.a.handler.ThreadExceptionHandler - thread Thread[-bad-packet-analyze-,5,main] catch a unhandle exception : 

java.lang.ClassCastException: com.zjucsc.application.tshark.domain.packet.FiveDimensionPacketWrapper cannot be cast to java.lang.String
	at com.zjucsc.application.domain.analyzer.OtherPacketAnalyzer.analyze(OtherPacketAnalyzer.java:29)
	at com.zjucsc.application.tshark.handler.BadPacketAnalyzeHandler.operationAnalyze(BadPacketAnalyzeHandler.java:86)
	at com.zjucsc.application.tshark.handler.BadPacketAnalyzeHandler.handle(BadPacketAnalyzeHandler.java:43)
	at com.zjucsc.application.tshark.handler.BadPacketAnalyzeHandler.handle(BadPacketAnalyzeHandler.java:21)
	at com.zjucsc.application.tshark.decode.AbstractAsyncHandler$1.run(AbstractAsyncHandler.java:45)
	at java.util.concurrent.ThreadPoolExecutor.runWorker(ThreadPoolExecutor.java:1142)
	at java.util.concurrent.ThreadPoolExecutor$Worker.run(ThreadPoolExecutor.java:617)
	at java.lang.Thread.run(Thread.java:748)
2019-05-05 19:20:28.607 febs [-bad-packet-analyze-] ERROR c.z.a.handler.ThreadExceptionHandler - thread Thread[-bad-packet-analyze-,5,main] catch a unhandle exception : 

java.lang.ClassCastException: com.zjucsc.application.tshark.domain.packet.FiveDimensionPacketWrapper cannot be cast to java.lang.String
	at com.zjucsc.application.domain.analyzer.OtherPacketAnalyzer.analyze(OtherPacketAnalyzer.java:29)
	at com.zjucsc.application.tshark.handler.BadPacketAnalyzeHandler.operationAnalyze(BadPacketAnalyzeHandler.java:86)
	at com.zjucsc.application.tshark.handler.BadPacketAnalyzeHandler.handle(BadPacketAnalyzeHandler.java:43)
	at com.zjucsc.application.tshark.handler.BadPacketAnalyzeHandler.handle(BadPacketAnalyzeHandler.java:21)
	at com.zjucsc.application.tshark.decode.AbstractAsyncHandler$1.run(AbstractAsyncHandler.java:45)
	at java.util.concurrent.ThreadPoolExecutor.runWorker(ThreadPoolExecutor.java:1142)
	at java.util.concurrent.ThreadPoolExecutor$Worker.run(ThreadPoolExecutor.java:617)
	at java.lang.Thread.run(Thread.java:748)
