2019-05-06 10:48:44.560 febs [main] ERROR o.s.boot.SpringApplication - Application run failed
org.springframework.beans.factory.BeanDefinitionStoreException: Failed to parse configuration class [com.zjucsc.PacketMasterWebApplication]; nested exception is org.springframework.context.annotation.ConflictingBeanDefinitionException: Annotation-specified bean name 'fiveDimensionFilterServiceImpl' for bean class [com.zjucsc.application.system.service.impl.FiveDimensionFilterServiceImpl] conflicts with existing, non-compatible bean definition of same name and class [com.zjucsc.application.system.service.filter.FiveDimensionFilterServiceImpl]
	at org.springframework.context.annotation.ConfigurationClassParser.parse(ConfigurationClassParser.java:181)
	at org.springframework.context.annotation.ConfigurationClassPostProcessor.processConfigBeanDefinitions(ConfigurationClassPostProcessor.java:315)
	at org.springframework.context.annotation.ConfigurationClassPostProcessor.postProcessBeanDefinitionRegistry(ConfigurationClassPostProcessor.java:232)
	at org.springframework.context.support.PostProcessorRegistrationDelegate.invokeBeanDefinitionRegistryPostProcessors(PostProcessorRegistrationDelegate.java:275)
	at org.springframework.context.support.PostProcessorRegistrationDelegate.invokeBeanFactoryPostProcessors(PostProcessorRegistrationDelegate.java:95)
	at org.springframework.context.support.AbstractApplicationContext.invokeBeanFactoryPostProcessors(AbstractApplicationContext.java:705)
	at org.springframework.context.support.AbstractApplicationContext.refresh(AbstractApplicationContext.java:531)
	at org.springframework.boot.web.servlet.context.ServletWebServerApplicationContext.refresh(ServletWebServerApplicationContext.java:142)
	at org.springframework.boot.SpringApplication.refresh(SpringApplication.java:775)
	at org.springframework.boot.SpringApplication.refreshContext(SpringApplication.java:397)
	at org.springframework.boot.SpringApplication.run(SpringApplication.java:316)
	at org.springframework.boot.SpringApplication.run(SpringApplication.java:1260)
	at org.springframework.boot.SpringApplication.run(SpringApplication.java:1248)
	at com.zjucsc.PacketMasterWebApplication.main(PacketMasterWebApplication.java:21)
Caused by: org.springframework.context.annotation.ConflictingBeanDefinitionException: Annotation-specified bean name 'fiveDimensionFilterServiceImpl' for bean class [com.zjucsc.application.system.service.impl.FiveDimensionFilterServiceImpl] conflicts with existing, non-compatible bean definition of same name and class [com.zjucsc.application.system.service.filter.FiveDimensionFilterServiceImpl]
	at org.springframework.context.annotation.ClassPathBeanDefinitionScanner.checkCandidate(ClassPathBeanDefinitionScanner.java:348)
	at org.springframework.context.annotation.ClassPathBeanDefinitionScanner.doScan(ClassPathBeanDefinitionScanner.java:286)
	at org.springframework.context.annotation.ComponentScanAnnotationParser.parse(ComponentScanAnnotationParser.java:132)
	at org.springframework.context.annotation.ConfigurationClassParser.doProcessConfigurationClass(ConfigurationClassParser.java:287)
	at org.springframework.context.annotation.ConfigurationClassParser.processConfigurationClass(ConfigurationClassParser.java:242)
	at org.springframework.context.annotation.ConfigurationClassParser.parse(ConfigurationClassParser.java:199)
	at org.springframework.context.annotation.ConfigurationClassParser.parse(ConfigurationClassParser.java:167)
	... 13 common frames omitted
2019-05-06 10:50:26.145 febs [main] ERROR o.s.boot.SpringApplication - Application run failed
org.springframework.context.annotation.ConflictingBeanDefinitionException: Annotation-specified bean name 'fiveDimensionFilterMapper' for bean class [com.zjucsc.application.system.dao.filter.FiveDimensionFilterMapper] conflicts with existing, non-compatible bean definition of same name and class [com.zjucsc.application.system.dao.FiveDimensionFilterMapper]
	at org.springframework.context.annotation.ClassPathBeanDefinitionScanner.checkCandidate(ClassPathBeanDefinitionScanner.java:348)
	at org.mybatis.spring.mapper.ClassPathMapperScanner.checkCandidate(ClassPathMapperScanner.java:224)
	at org.springframework.context.annotation.ClassPathBeanDefinitionScanner.doScan(ClassPathBeanDefinitionScanner.java:286)
	at org.mybatis.spring.mapper.ClassPathMapperScanner.doScan(ClassPathMapperScanner.java:155)
	at org.mybatis.spring.annotation.MapperScannerRegistrar.registerBeanDefinitions(MapperScannerRegistrar.java:123)
	at org.mybatis.spring.annotation.MapperScannerRegistrar.registerBeanDefinitions(MapperScannerRegistrar.java:72)
	at org.springframework.context.annotation.ConfigurationClassBeanDefinitionReader.lambda$loadBeanDefinitionsFromRegistrars$1(ConfigurationClassBeanDefinitionReader.java:364)
	at java.util.LinkedHashMap.forEach(LinkedHashMap.java:684)
	at org.springframework.context.annotation.ConfigurationClassBeanDefinitionReader.loadBeanDefinitionsFromRegistrars(ConfigurationClassBeanDefinitionReader.java:363)
	at org.springframework.context.annotation.ConfigurationClassBeanDefinitionReader.loadBeanDefinitionsForConfigurationClass(ConfigurationClassBeanDefinitionReader.java:145)
	at org.springframework.context.annotation.ConfigurationClassBeanDefinitionReader.loadBeanDefinitions(ConfigurationClassBeanDefinitionReader.java:117)
	at org.springframework.context.annotation.ConfigurationClassPostProcessor.processConfigBeanDefinitions(ConfigurationClassPostProcessor.java:327)
	at org.springframework.context.annotation.ConfigurationClassPostProcessor.postProcessBeanDefinitionRegistry(ConfigurationClassPostProcessor.java:232)
	at org.springframework.context.support.PostProcessorRegistrationDelegate.invokeBeanDefinitionRegistryPostProcessors(PostProcessorRegistrationDelegate.java:275)
	at org.springframework.context.support.PostProcessorRegistrationDelegate.invokeBeanFactoryPostProcessors(PostProcessorRegistrationDelegate.java:95)
	at org.springframework.context.support.AbstractApplicationContext.invokeBeanFactoryPostProcessors(AbstractApplicationContext.java:705)
	at org.springframework.context.support.AbstractApplicationContext.refresh(AbstractApplicationContext.java:531)
	at org.springframework.boot.web.servlet.context.ServletWebServerApplicationContext.refresh(ServletWebServerApplicationContext.java:142)
	at org.springframework.boot.SpringApplication.refresh(SpringApplication.java:775)
	at org.springframework.boot.SpringApplication.refreshContext(SpringApplication.java:397)
	at org.springframework.boot.SpringApplication.run(SpringApplication.java:316)
	at org.springframework.boot.SpringApplication.run(SpringApplication.java:1260)
	at org.springframework.boot.SpringApplication.run(SpringApplication.java:1248)
	at com.zjucsc.PacketMasterWebApplication.main(PacketMasterWebApplication.java:21)
2019-05-06 13:11:46.114 febs [-bad-packet-analyze-] ERROR c.z.a.handler.ThreadExceptionHandler - thread Thread[-bad-packet-analyze-,5,main] catch a unhandle exception : 

java.lang.ClassCastException: java.lang.String cannot be cast to com.zjucsc.application.tshark.domain.packet.FiveDimensionPacketWrapper
	at com.zjucsc.application.domain.analyzer.OperationAnalyzer.analyze(OperationAnalyzer.java:19)
	at com.zjucsc.application.tshark.handler.BadPacketAnalyzeHandler$AnalyzerConsumerForOperation.accept(BadPacketAnalyzeHandler.java:83)
	at com.zjucsc.application.tshark.handler.BadPacketAnalyzeHandler$AnalyzerConsumerForOperation.accept(BadPacketAnalyzeHandler.java:67)
	at java.util.concurrent.ConcurrentHashMap.forEach(ConcurrentHashMap.java:1597)
	at com.zjucsc.application.tshark.handler.BadPacketAnalyzeHandler.operationAnalyze(BadPacketAnalyzeHandler.java:64)
	at com.zjucsc.application.tshark.handler.BadPacketAnalyzeHandler.handle(BadPacketAnalyzeHandler.java:36)
	at com.zjucsc.application.tshark.handler.BadPacketAnalyzeHandler.handle(BadPacketAnalyzeHandler.java:25)
	at com.zjucsc.application.tshark.decode.AbstractAsyncHandler$1.run(AbstractAsyncHandler.java:45)
	at java.util.concurrent.ThreadPoolExecutor.runWorker(ThreadPoolExecutor.java:1142)
	at java.util.concurrent.ThreadPoolExecutor$Worker.run(ThreadPoolExecutor.java:617)
	at java.lang.Thread.run(Thread.java:748)
2019-05-06 13:11:46.129 febs [-bad-packet-analyze-] ERROR c.z.a.handler.ThreadExceptionHandler - thread Thread[-bad-packet-analyze-,5,main] catch a unhandle exception : 

java.lang.ClassCastException: java.lang.String cannot be cast to com.zjucsc.application.tshark.domain.packet.FiveDimensionPacketWrapper
	at com.zjucsc.application.domain.analyzer.OperationAnalyzer.analyze(OperationAnalyzer.java:19)
	at com.zjucsc.application.tshark.handler.BadPacketAnalyzeHandler$AnalyzerConsumerForOperation.accept(BadPacketAnalyzeHandler.java:83)
	at com.zjucsc.application.tshark.handler.BadPacketAnalyzeHandler$AnalyzerConsumerForOperation.accept(BadPacketAnalyzeHandler.java:67)
	at java.util.concurrent.ConcurrentHashMap.forEach(ConcurrentHashMap.java:1597)
	at com.zjucsc.application.tshark.handler.BadPacketAnalyzeHandler.operationAnalyze(BadPacketAnalyzeHandler.java:64)
	at com.zjucsc.application.tshark.handler.BadPacketAnalyzeHandler.handle(BadPacketAnalyzeHandler.java:36)
	at com.zjucsc.application.tshark.handler.BadPacketAnalyzeHandler.handle(BadPacketAnalyzeHandler.java:25)
	at com.zjucsc.application.tshark.decode.AbstractAsyncHandler$1.run(AbstractAsyncHandler.java:45)
	at java.util.concurrent.ThreadPoolExecutor.runWorker(ThreadPoolExecutor.java:1142)
	at java.util.concurrent.ThreadPoolExecutor$Worker.run(ThreadPoolExecutor.java:617)
	at java.lang.Thread.run(Thread.java:748)
2019-05-06 13:11:46.148 febs [-bad-packet-analyze-] ERROR c.z.a.handler.ThreadExceptionHandler - thread Thread[-bad-packet-analyze-,5,main] catch a unhandle exception : 

java.lang.ClassCastException: java.lang.String cannot be cast to com.zjucsc.application.tshark.domain.packet.FiveDimensionPacketWrapper
	at com.zjucsc.application.domain.analyzer.OperationAnalyzer.analyze(OperationAnalyzer.java:19)
	at com.zjucsc.application.tshark.handler.BadPacketAnalyzeHandler$AnalyzerConsumerForOperation.accept(BadPacketAnalyzeHandler.java:83)
	at com.zjucsc.application.tshark.handler.BadPacketAnalyzeHandler$AnalyzerConsumerForOperation.accept(BadPacketAnalyzeHandler.java:67)
	at java.util.concurrent.ConcurrentHashMap.forEach(ConcurrentHashMap.java:1597)
	at com.zjucsc.application.tshark.handler.BadPacketAnalyzeHandler.operationAnalyze(BadPacketAnalyzeHandler.java:64)
	at com.zjucsc.application.tshark.handler.BadPacketAnalyzeHandler.handle(BadPacketAnalyzeHandler.java:36)
	at com.zjucsc.application.tshark.handler.BadPacketAnalyzeHandler.handle(BadPacketAnalyzeHandler.java:25)
	at com.zjucsc.application.tshark.decode.AbstractAsyncHandler$1.run(AbstractAsyncHandler.java:45)
	at java.util.concurrent.ThreadPoolExecutor.runWorker(ThreadPoolExecutor.java:1142)
	at java.util.concurrent.ThreadPoolExecutor$Worker.run(ThreadPoolExecutor.java:617)
	at java.lang.Thread.run(Thread.java:748)
2019-05-06 13:11:46.148 febs [-bad-packet-analyze-] ERROR c.z.a.handler.ThreadExceptionHandler - thread Thread[-bad-packet-analyze-,5,main] catch a unhandle exception : 

java.lang.ClassCastException: java.lang.String cannot be cast to com.zjucsc.application.tshark.domain.packet.FiveDimensionPacketWrapper
	at com.zjucsc.application.domain.analyzer.OperationAnalyzer.analyze(OperationAnalyzer.java:19)
	at com.zjucsc.application.tshark.handler.BadPacketAnalyzeHandler$AnalyzerConsumerForOperation.accept(BadPacketAnalyzeHandler.java:83)
	at com.zjucsc.application.tshark.handler.BadPacketAnalyzeHandler$AnalyzerConsumerForOperation.accept(BadPacketAnalyzeHandler.java:67)
	at java.util.concurrent.ConcurrentHashMap.forEach(ConcurrentHashMap.java:1597)
	at com.zjucsc.application.tshark.handler.BadPacketAnalyzeHandler.operationAnalyze(BadPacketAnalyzeHandler.java:64)
	at com.zjucsc.application.tshark.handler.BadPacketAnalyzeHandler.handle(BadPacketAnalyzeHandler.java:36)
	at com.zjucsc.application.tshark.handler.BadPacketAnalyzeHandler.handle(BadPacketAnalyzeHandler.java:25)
	at com.zjucsc.application.tshark.decode.AbstractAsyncHandler$1.run(AbstractAsyncHandler.java:45)
	at java.util.concurrent.ThreadPoolExecutor.runWorker(ThreadPoolExecutor.java:1142)
	at java.util.concurrent.ThreadPoolExecutor$Worker.run(ThreadPoolExecutor.java:617)
	at java.lang.Thread.run(Thread.java:748)
2019-05-06 14:54:10.516 febs [http-nio-192.168.0.121-8080-exec-2] ERROR c.zjucsc.application.util.PcapUtils - can not find the target [name] of 127.0.0.1 , please check ip again
2019-05-06 14:54:10.517 febs [http-nio-192.168.0.121-8080-exec-2] ERROR c.zjucsc.application.util.PcapUtils - interface ip is invalid : 0:0:0:0:0:0:0:1
2019-05-06 14:54:10.524 febs [http-nio-192.168.0.121-8080-exec-2] ERROR c.zjucsc.application.util.PcapUtils - interface ip is invalid : fe80:0:0:0:a544:85eb:fc15:3a80%wlan0
2019-05-06 14:54:10.550 febs [http-nio-192.168.0.121-8080-exec-2] ERROR c.zjucsc.application.util.PcapUtils - interface ip is invalid : fe80:0:0:0:58e4:8869:ef28:7377%eth7
2019-05-06 14:54:10.556 febs [http-nio-192.168.0.121-8080-exec-2] ERROR c.zjucsc.application.util.PcapUtils - interface ip is invalid : 2001:da8:e000:1215:b813:5259:72ae:4c3b
2019-05-06 14:54:10.556 febs [http-nio-192.168.0.121-8080-exec-2] ERROR c.zjucsc.application.util.PcapUtils - interface ip is invalid : 2001:da8:e000:1215:c163:4aad:cf1c:f37c
2019-05-06 14:54:10.557 febs [http-nio-192.168.0.121-8080-exec-2] ERROR c.zjucsc.application.util.PcapUtils - interface ip is invalid : 2001:da8:e000:1215:e987:95ee:1bd5:492e
2019-05-06 14:54:10.557 febs [http-nio-192.168.0.121-8080-exec-2] ERROR c.zjucsc.application.util.PcapUtils - interface ip is invalid : fe80:0:0:0:e987:95ee:1bd5:492e%eth8
2019-05-06 16:25:07.791 febs [http-nio-192.168.0.121-8080-exec-2] ERROR c.z.a.tshark.capture.PacketMain - can not exec command >> C:\Users\Administrator\Desktop\tshark_min_win\tshark.exe -l -n -e frame.protocols -e eth.dst -e eth.src -e ip.src -e ip.addr -e tcp.srcport -e tcp.dstport -e s7comm.param.func -e modbus.func_code -T ek -c 5 -r C:\Users\Administrator\Desktop\pcap_files\question_1531953285_02.pcap4j << 
error msg : 
java.io.IOException: Cannot run program "C:\Users\Administrator\Desktop\tshark_min_win\tshark.exe": CreateProcess error=2, 系统找不到指定的文件。
	at java.lang.ProcessBuilder.start(ProcessBuilder.java:1048)
	at java.lang.Runtime.exec(Runtime.java:620)
	at java.lang.Runtime.exec(Runtime.java:450)
	at java.lang.Runtime.exec(Runtime.java:347)
	at com.zjucsc.application.tshark.capture.PacketMain.runTargetCommand(PacketMain.java:151)
	at com.zjucsc.application.tshark.capture.AbstractPacketService.start(AbstractPacketService.java:40)
	at com.zjucsc.application.system.controller.PacketController.doStartService(PacketController.java:62)
	at com.zjucsc.application.system.controller.PacketController.startCaptureService(PacketController.java:44)
	at sun.reflect.NativeMethodAccessorImpl.invoke0(Native Method)
	at sun.reflect.NativeMethodAccessorImpl.invoke(NativeMethodAccessorImpl.java:62)
	at sun.reflect.DelegatingMethodAccessorImpl.invoke(DelegatingMethodAccessorImpl.java:43)
	at java.lang.reflect.Method.invoke(Method.java:498)
	at org.springframework.web.method.support.InvocableHandlerMethod.doInvoke(InvocableHandlerMethod.java:189)
	at org.springframework.web.method.support.InvocableHandlerMethod.invokeForRequest(InvocableHandlerMethod.java:138)
	at org.springframework.web.servlet.mvc.method.annotation.ServletInvocableHandlerMethod.invokeAndHandle(ServletInvocableHandlerMethod.java:102)
	at org.springframework.web.servlet.mvc.method.annotation.RequestMappingHandlerAdapter.invokeHandlerMethod(RequestMappingHandlerAdapter.java:892)
	at org.springframework.web.servlet.mvc.method.annotation.RequestMappingHandlerAdapter.handleInternal(RequestMappingHandlerAdapter.java:797)
	at org.springframework.web.servlet.mvc.method.AbstractHandlerMethodAdapter.handle(AbstractHandlerMethodAdapter.java:87)
	at org.springframework.web.servlet.DispatcherServlet.doDispatch(DispatcherServlet.java:1038)
	at org.springframework.web.servlet.DispatcherServlet.doService(DispatcherServlet.java:942)
	at org.springframework.web.servlet.FrameworkServlet.processRequest(FrameworkServlet.java:1005)
	at org.springframework.web.servlet.FrameworkServlet.doPost(FrameworkServlet.java:908)
	at javax.servlet.http.HttpServlet.service(HttpServlet.java:660)
	at org.springframework.web.servlet.FrameworkServlet.service(FrameworkServlet.java:882)
	at javax.servlet.http.HttpServlet.service(HttpServlet.java:741)
	at org.apache.catalina.core.ApplicationFilterChain.internalDoFilter(ApplicationFilterChain.java:231)
	at org.apache.catalina.core.ApplicationFilterChain.doFilter(ApplicationFilterChain.java:166)
	at org.apache.tomcat.websocket.server.WsFilter.doFilter(WsFilter.java:53)
	at org.apache.catalina.core.ApplicationFilterChain.internalDoFilter(ApplicationFilterChain.java:193)
	at org.apache.catalina.core.ApplicationFilterChain.doFilter(ApplicationFilterChain.java:166)
	at com.zjucsc.application.config.LoginAuthFilter.doFilter(LoginAuthFilter.java:34)
	at org.apache.catalina.core.ApplicationFilterChain.internalDoFilter(ApplicationFilterChain.java:193)
	at org.apache.catalina.core.ApplicationFilterChain.doFilter(ApplicationFilterChain.java:166)
	at org.springframework.boot.actuate.web.trace.servlet.HttpTraceFilter.doFilterInternal(HttpTraceFilter.java:90)
	at org.springframework.web.filter.OncePerRequestFilter.doFilter(OncePerRequestFilter.java:107)
	at org.apache.catalina.core.ApplicationFilterChain.internalDoFilter(ApplicationFilterChain.java:193)
	at org.apache.catalina.core.ApplicationFilterChain.doFilter(ApplicationFilterChain.java:166)
	at org.springframework.web.filter.RequestContextFilter.doFilterInternal(RequestContextFilter.java:99)
	at org.springframework.web.filter.OncePerRequestFilter.doFilter(OncePerRequestFilter.java:107)
	at org.apache.catalina.core.ApplicationFilterChain.internalDoFilter(ApplicationFilterChain.java:193)
	at org.apache.catalina.core.ApplicationFilterChain.doFilter(ApplicationFilterChain.java:166)
	at org.springframework.web.filter.FormContentFilter.doFilterInternal(FormContentFilter.java:92)
	at org.springframework.web.filter.OncePerRequestFilter.doFilter(OncePerRequestFilter.java:107)
	at org.apache.catalina.core.ApplicationFilterChain.internalDoFilter(ApplicationFilterChain.java:193)
	at org.apache.catalina.core.ApplicationFilterChain.doFilter(ApplicationFilterChain.java:166)
	at org.springframework.web.filter.HiddenHttpMethodFilter.doFilterInternal(HiddenHttpMethodFilter.java:93)
	at org.springframework.web.filter.OncePerRequestFilter.doFilter(OncePerRequestFilter.java:107)
	at org.apache.catalina.core.ApplicationFilterChain.internalDoFilter(ApplicationFilterChain.java:193)
	at org.apache.catalina.core.ApplicationFilterChain.doFilter(ApplicationFilterChain.java:166)
	at org.springframework.boot.actuate.metrics.web.servlet.WebMvcMetricsFilter.filterAndRecordMetrics(WebMvcMetricsFilter.java:117)
	at org.springframework.boot.actuate.metrics.web.servlet.WebMvcMetricsFilter.doFilterInternal(WebMvcMetricsFilter.java:106)
	at org.springframework.web.filter.OncePerRequestFilter.doFilter(OncePerRequestFilter.java:107)
	at org.apache.catalina.core.ApplicationFilterChain.internalDoFilter(ApplicationFilterChain.java:193)
	at org.apache.catalina.core.ApplicationFilterChain.doFilter(ApplicationFilterChain.java:166)
	at org.springframework.web.filter.CharacterEncodingFilter.doFilterInternal(CharacterEncodingFilter.java:200)
	at org.springframework.web.filter.OncePerRequestFilter.doFilter(OncePerRequestFilter.java:107)
	at org.apache.catalina.core.ApplicationFilterChain.internalDoFilter(ApplicationFilterChain.java:193)
	at org.apache.catalina.core.ApplicationFilterChain.doFilter(ApplicationFilterChain.java:166)
	at org.apache.catalina.core.StandardWrapperValve.invoke(StandardWrapperValve.java:200)
	at org.apache.catalina.core.StandardContextValve.invoke(StandardContextValve.java:96)
	at org.apache.catalina.authenticator.AuthenticatorBase.invoke(AuthenticatorBase.java:490)
	at org.apache.catalina.core.StandardHostValve.invoke(StandardHostValve.java:139)
	at org.apache.catalina.valves.ErrorReportValve.invoke(ErrorReportValve.java:92)
	at org.apache.catalina.core.StandardEngineValve.invoke(StandardEngineValve.java:74)
	at org.apache.catalina.connector.CoyoteAdapter.service(CoyoteAdapter.java:343)
	at org.apache.coyote.http11.Http11Processor.service(Http11Processor.java:408)
	at org.apache.coyote.AbstractProcessorLight.process(AbstractProcessorLight.java:66)
	at org.apache.coyote.AbstractProtocol$ConnectionHandler.process(AbstractProtocol.java:834)
	at org.apache.tomcat.util.net.NioEndpoint$SocketProcessor.doRun(NioEndpoint.java:1415)
	at org.apache.tomcat.util.net.SocketProcessorBase.run(SocketProcessorBase.java:49)
	at java.util.concurrent.ThreadPoolExecutor.runWorker(ThreadPoolExecutor.java:1142)
	at java.util.concurrent.ThreadPoolExecutor$Worker.run(ThreadPoolExecutor.java:617)
	at org.apache.tomcat.util.threads.TaskThread$WrappingRunnable.run(TaskThread.java:61)
	at java.lang.Thread.run(Thread.java:748)
Caused by: java.io.IOException: CreateProcess error=2, 系统找不到指定的文件。
	at java.lang.ProcessImpl.create(Native Method)
	at java.lang.ProcessImpl.<init>(ProcessImpl.java:386)
	at java.lang.ProcessImpl.start(ProcessImpl.java:137)
	at java.lang.ProcessBuilder.start(ProcessBuilder.java:1029)
	... 73 common frames omitted
2019-05-06 16:38:12.606 febs [http-nio-192.168.0.121-8080-exec-7] ERROR c.zjucsc.application.util.PcapUtils - can not find the target [name] of 127.0.0.1 , please check ip again
2019-05-06 16:38:12.606 febs [http-nio-192.168.0.121-8080-exec-7] ERROR c.zjucsc.application.util.PcapUtils - interface ip is invalid : 0:0:0:0:0:0:0:1
2019-05-06 16:38:12.614 febs [http-nio-192.168.0.121-8080-exec-7] ERROR c.zjucsc.application.util.PcapUtils - interface ip is invalid : fe80:0:0:0:a544:85eb:fc15:3a80%wlan0
2019-05-06 16:38:12.637 febs [http-nio-192.168.0.121-8080-exec-7] ERROR c.zjucsc.application.util.PcapUtils - interface ip is invalid : fe80:0:0:0:58e4:8869:ef28:7377%eth7
2019-05-06 16:38:12.642 febs [http-nio-192.168.0.121-8080-exec-7] ERROR c.zjucsc.application.util.PcapUtils - interface ip is invalid : 2001:da8:e000:1215:b813:5259:72ae:4c3b
2019-05-06 16:38:12.643 febs [http-nio-192.168.0.121-8080-exec-7] ERROR c.zjucsc.application.util.PcapUtils - interface ip is invalid : 2001:da8:e000:1215:c163:4aad:cf1c:f37c
2019-05-06 16:38:12.643 febs [http-nio-192.168.0.121-8080-exec-7] ERROR c.zjucsc.application.util.PcapUtils - interface ip is invalid : 2001:da8:e000:1215:e987:95ee:1bd5:492e
2019-05-06 16:38:12.643 febs [http-nio-192.168.0.121-8080-exec-7] ERROR c.zjucsc.application.util.PcapUtils - interface ip is invalid : fe80:0:0:0:e987:95ee:1bd5:492e%eth8
2019-05-06 16:39:24.907 febs [-packet-decoder-handler-] ERROR c.z.a.handler.ThreadExceptionHandler - thread Thread[-packet-decoder-handler-,5,main] catch a unhandle exception : 

java.lang.ArrayIndexOutOfBoundsException: -20
	at com.zjucsc.application.util.PacketDecodeUtil.decodeTimeStamp(PacketDecodeUtil.java:62)
	at com.zjucsc.application.tshark.handler.PacketDecodeHandler.decodeModbusPacket(PacketDecodeHandler.java:102)
	at com.zjucsc.application.tshark.handler.PacketDecodeHandler.handle(PacketDecodeHandler.java:85)
	at com.zjucsc.application.tshark.handler.PacketDecodeHandler.handle(PacketDecodeHandler.java:28)
	at com.zjucsc.application.tshark.decode.AbstractAsyncHandler$1.run(AbstractAsyncHandler.java:45)
	at java.util.concurrent.ThreadPoolExecutor.runWorker(ThreadPoolExecutor.java:1142)
	at java.util.concurrent.ThreadPoolExecutor$Worker.run(ThreadPoolExecutor.java:617)
	at java.lang.Thread.run(Thread.java:748)
2019-05-06 16:39:24.907 febs [-packet-decoder-handler-] ERROR c.z.a.handler.ThreadExceptionHandler - thread Thread[-packet-decoder-handler-,5,main] catch a unhandle exception : 

java.lang.ArrayIndexOutOfBoundsException: -20
	at com.zjucsc.application.util.PacketDecodeUtil.decodeTimeStamp(PacketDecodeUtil.java:62)
	at com.zjucsc.application.tshark.handler.PacketDecodeHandler.decodeModbusPacket(PacketDecodeHandler.java:102)
	at com.zjucsc.application.tshark.handler.PacketDecodeHandler.handle(PacketDecodeHandler.java:85)
	at com.zjucsc.application.tshark.handler.PacketDecodeHandler.handle(PacketDecodeHandler.java:28)
	at com.zjucsc.application.tshark.decode.AbstractAsyncHandler$1.run(AbstractAsyncHandler.java:45)
	at java.util.concurrent.ThreadPoolExecutor.runWorker(ThreadPoolExecutor.java:1142)
	at java.util.concurrent.ThreadPoolExecutor$Worker.run(ThreadPoolExecutor.java:617)
	at java.lang.Thread.run(Thread.java:748)
2019-05-06 16:39:24.907 febs [-packet-decoder-handler-] ERROR c.z.a.handler.ThreadExceptionHandler - thread Thread[-packet-decoder-handler-,5,main] catch a unhandle exception : 

java.lang.ArrayIndexOutOfBoundsException: -20
	at com.zjucsc.application.util.PacketDecodeUtil.decodeTimeStamp(PacketDecodeUtil.java:62)
	at com.zjucsc.application.tshark.handler.PacketDecodeHandler.decodeModbusPacket(PacketDecodeHandler.java:102)
	at com.zjucsc.application.tshark.handler.PacketDecodeHandler.handle(PacketDecodeHandler.java:85)
	at com.zjucsc.application.tshark.handler.PacketDecodeHandler.handle(PacketDecodeHandler.java:28)
	at com.zjucsc.application.tshark.decode.AbstractAsyncHandler$1.run(AbstractAsyncHandler.java:45)
	at java.util.concurrent.ThreadPoolExecutor.runWorker(ThreadPoolExecutor.java:1142)
	at java.util.concurrent.ThreadPoolExecutor$Worker.run(ThreadPoolExecutor.java:617)
	at java.lang.Thread.run(Thread.java:748)
2019-05-06 16:39:24.907 febs [-packet-decoder-handler-] ERROR c.z.a.handler.ThreadExceptionHandler - thread Thread[-packet-decoder-handler-,5,main] catch a unhandle exception : 

java.lang.ArrayIndexOutOfBoundsException: -20
	at com.zjucsc.application.util.PacketDecodeUtil.decodeTimeStamp(PacketDecodeUtil.java:62)
	at com.zjucsc.application.tshark.handler.PacketDecodeHandler.decodeModbusPacket(PacketDecodeHandler.java:102)
	at com.zjucsc.application.tshark.handler.PacketDecodeHandler.handle(PacketDecodeHandler.java:85)
	at com.zjucsc.application.tshark.handler.PacketDecodeHandler.handle(PacketDecodeHandler.java:28)
	at com.zjucsc.application.tshark.decode.AbstractAsyncHandler$1.run(AbstractAsyncHandler.java:45)
	at java.util.concurrent.ThreadPoolExecutor.runWorker(ThreadPoolExecutor.java:1142)
	at java.util.concurrent.ThreadPoolExecutor$Worker.run(ThreadPoolExecutor.java:617)
	at java.lang.Thread.run(Thread.java:748)
2019-05-06 16:39:24.907 febs [-packet-decoder-handler-] ERROR c.z.a.handler.ThreadExceptionHandler - thread Thread[-packet-decoder-handler-,5,main] catch a unhandle exception : 

java.lang.ArrayIndexOutOfBoundsException: -20
	at com.zjucsc.application.util.PacketDecodeUtil.decodeTimeStamp(PacketDecodeUtil.java:62)
	at com.zjucsc.application.tshark.handler.PacketDecodeHandler.decodeS7commPacket(PacketDecodeHandler.java:122)
	at com.zjucsc.application.tshark.handler.PacketDecodeHandler.handle(PacketDecodeHandler.java:89)
	at com.zjucsc.application.tshark.handler.PacketDecodeHandler.handle(PacketDecodeHandler.java:28)
	at com.zjucsc.application.tshark.decode.AbstractAsyncHandler$1.run(AbstractAsyncHandler.java:45)
	at java.util.concurrent.ThreadPoolExecutor.runWorker(ThreadPoolExecutor.java:1142)
	at java.util.concurrent.ThreadPoolExecutor$Worker.run(ThreadPoolExecutor.java:617)
	at java.lang.Thread.run(Thread.java:748)
2019-05-06 16:47:49.780 febs [-packet-decoder-handler-] ERROR c.z.a.handler.ThreadExceptionHandler - thread Thread[-packet-decoder-handler-,5,main] catch a unhandle exception : 

java.lang.NullPointerException: null
	at com.zjucsc.application.tshark.handler.PacketDecodeHandler.decodeS7commPacket(PacketDecodeHandler.java:125)
	at com.zjucsc.application.tshark.handler.PacketDecodeHandler.handle(PacketDecodeHandler.java:89)
	at com.zjucsc.application.tshark.handler.PacketDecodeHandler.handle(PacketDecodeHandler.java:28)
	at com.zjucsc.application.tshark.decode.AbstractAsyncHandler$1.run(AbstractAsyncHandler.java:45)
	at java.util.concurrent.ThreadPoolExecutor.runWorker(ThreadPoolExecutor.java:1142)
	at java.util.concurrent.ThreadPoolExecutor$Worker.run(ThreadPoolExecutor.java:617)
	at java.lang.Thread.run(Thread.java:748)
2019-05-06 16:47:49.795 febs [-packet-decoder-handler-] ERROR c.z.a.handler.ThreadExceptionHandler - thread Thread[-packet-decoder-handler-,5,main] catch a unhandle exception : 

java.lang.NullPointerException: null
	at com.zjucsc.application.tshark.handler.PacketDecodeHandler.decodeModbusPacket(PacketDecodeHandler.java:105)
	at com.zjucsc.application.tshark.handler.PacketDecodeHandler.handle(PacketDecodeHandler.java:85)
	at com.zjucsc.application.tshark.handler.PacketDecodeHandler.handle(PacketDecodeHandler.java:28)
	at com.zjucsc.application.tshark.decode.AbstractAsyncHandler$1.run(AbstractAsyncHandler.java:45)
	at java.util.concurrent.ThreadPoolExecutor.runWorker(ThreadPoolExecutor.java:1142)
	at java.util.concurrent.ThreadPoolExecutor$Worker.run(ThreadPoolExecutor.java:617)
	at java.lang.Thread.run(Thread.java:748)
2019-05-06 16:47:49.780 febs [-packet-decoder-handler-] ERROR c.z.a.handler.ThreadExceptionHandler - thread Thread[-packet-decoder-handler-,5,main] catch a unhandle exception : 

java.lang.NullPointerException: null
	at com.zjucsc.application.tshark.handler.PacketDecodeHandler.decodeModbusPacket(PacketDecodeHandler.java:105)
	at com.zjucsc.application.tshark.handler.PacketDecodeHandler.handle(PacketDecodeHandler.java:85)
	at com.zjucsc.application.tshark.handler.PacketDecodeHandler.handle(PacketDecodeHandler.java:28)
	at com.zjucsc.application.tshark.decode.AbstractAsyncHandler$1.run(AbstractAsyncHandler.java:45)
	at java.util.concurrent.ThreadPoolExecutor.runWorker(ThreadPoolExecutor.java:1142)
	at java.util.concurrent.ThreadPoolExecutor$Worker.run(ThreadPoolExecutor.java:617)
	at java.lang.Thread.run(Thread.java:748)
2019-05-06 16:47:49.795 febs [-packet-decoder-handler-] ERROR c.z.a.handler.ThreadExceptionHandler - thread Thread[-packet-decoder-handler-,5,main] catch a unhandle exception : 

java.lang.NullPointerException: null
	at com.zjucsc.application.tshark.handler.PacketDecodeHandler.decodeModbusPacket(PacketDecodeHandler.java:105)
	at com.zjucsc.application.tshark.handler.PacketDecodeHandler.handle(PacketDecodeHandler.java:85)
	at com.zjucsc.application.tshark.handler.PacketDecodeHandler.handle(PacketDecodeHandler.java:28)
	at com.zjucsc.application.tshark.decode.AbstractAsyncHandler$1.run(AbstractAsyncHandler.java:45)
	at java.util.concurrent.ThreadPoolExecutor.runWorker(ThreadPoolExecutor.java:1142)
	at java.util.concurrent.ThreadPoolExecutor$Worker.run(ThreadPoolExecutor.java:617)
	at java.lang.Thread.run(Thread.java:748)
2019-05-06 16:47:49.795 febs [-packet-decoder-handler-] ERROR c.z.a.handler.ThreadExceptionHandler - thread Thread[-packet-decoder-handler-,5,main] catch a unhandle exception : 

java.lang.NullPointerException: null
	at com.zjucsc.application.tshark.handler.PacketDecodeHandler.decodeModbusPacket(PacketDecodeHandler.java:105)
	at com.zjucsc.application.tshark.handler.PacketDecodeHandler.handle(PacketDecodeHandler.java:85)
	at com.zjucsc.application.tshark.handler.PacketDecodeHandler.handle(PacketDecodeHandler.java:28)
	at com.zjucsc.application.tshark.decode.AbstractAsyncHandler$1.run(AbstractAsyncHandler.java:45)
	at java.util.concurrent.ThreadPoolExecutor.runWorker(ThreadPoolExecutor.java:1142)
	at java.util.concurrent.ThreadPoolExecutor$Worker.run(ThreadPoolExecutor.java:617)
	at java.lang.Thread.run(Thread.java:748)
2019-05-06 16:52:59.960 febs [main] ERROR c.z.a.tshark.capture.PacketMain - can not exec command >> C:\Users\Administrator\Desktop\tshark_min\tshark.exe -l -n -Y tcp -e frame.protocols -e eth.dst -e frame.cap_len -e eth.src -e ip.src -e ip.dst -e tcp.srcport -e tcp.dstport -e s7comm.param.func -e modbus.func_code -e tcp.payload -e s7comm.header.rosctr -T ek -c 5 -r C:\Users\Administrator\IdeaProjects\packet-master-web\src\main\resources\pcap\question_1531953261_01.pcap << 
error msg : 
java.io.IOException: Cannot run program "C:\Users\Administrator\Desktop\tshark_min\tshark.exe": CreateProcess error=2, 系统找不到指定的文件。
	at java.lang.ProcessBuilder.start(ProcessBuilder.java:1048)
	at java.lang.Runtime.exec(Runtime.java:620)
	at java.lang.Runtime.exec(Runtime.java:450)
	at java.lang.Runtime.exec(Runtime.java:347)
	at com.zjucsc.application.tshark.capture.PacketMain.runTargetCommand(PacketMain.java:151)
	at com.zjucsc.application.tshark.capture.AbstractPacketService.start(AbstractPacketService.java:40)
	at com.zjucsc.application.system.controller.PacketController.doStartService(PacketController.java:65)
	at com.zjucsc.application.system.controller.PacketController.startCaptureService(PacketController.java:46)
	at com.zjucsc.packetmasterweb.spring.ApplicationTest.startCaptureTest(ApplicationTest.java:58)
	at sun.reflect.NativeMethodAccessorImpl.invoke0(Native Method)
	at sun.reflect.NativeMethodAccessorImpl.invoke(NativeMethodAccessorImpl.java:62)
	at sun.reflect.DelegatingMethodAccessorImpl.invoke(DelegatingMethodAccessorImpl.java:43)
	at java.lang.reflect.Method.invoke(Method.java:498)
	at org.junit.runners.model.FrameworkMethod$1.runReflectiveCall(FrameworkMethod.java:50)
	at org.junit.internal.runners.model.ReflectiveCallable.run(ReflectiveCallable.java:12)
	at org.junit.runners.model.FrameworkMethod.invokeExplosively(FrameworkMethod.java:47)
	at org.junit.internal.runners.statements.InvokeMethod.evaluate(InvokeMethod.java:17)
	at org.springframework.test.context.junit4.statements.RunBeforeTestExecutionCallbacks.evaluate(RunBeforeTestExecutionCallbacks.java:74)
	at org.springframework.test.context.junit4.statements.RunAfterTestExecutionCallbacks.evaluate(RunAfterTestExecutionCallbacks.java:84)
	at org.springframework.test.context.junit4.statements.RunBeforeTestMethodCallbacks.evaluate(RunBeforeTestMethodCallbacks.java:75)
	at org.springframework.test.context.junit4.statements.RunAfterTestMethodCallbacks.evaluate(RunAfterTestMethodCallbacks.java:86)
	at org.springframework.test.context.junit4.statements.SpringRepeat.evaluate(SpringRepeat.java:84)
	at org.junit.runners.ParentRunner.runLeaf(ParentRunner.java:325)
	at org.springframework.test.context.junit4.SpringJUnit4ClassRunner.runChild(SpringJUnit4ClassRunner.java:251)
	at org.springframework.test.context.junit4.SpringJUnit4ClassRunner.runChild(SpringJUnit4ClassRunner.java:97)
	at org.junit.runners.ParentRunner$3.run(ParentRunner.java:290)
	at org.junit.runners.ParentRunner$1.schedule(ParentRunner.java:71)
	at org.junit.runners.ParentRunner.runChildren(ParentRunner.java:288)
	at org.junit.runners.ParentRunner.access$000(ParentRunner.java:58)
	at org.junit.runners.ParentRunner$2.evaluate(ParentRunner.java:268)
	at org.springframework.test.context.junit4.statements.RunBeforeTestClassCallbacks.evaluate(RunBeforeTestClassCallbacks.java:61)
	at org.springframework.test.context.junit4.statements.RunAfterTestClassCallbacks.evaluate(RunAfterTestClassCallbacks.java:70)
	at org.junit.runners.ParentRunner.run(ParentRunner.java:363)
	at org.springframework.test.context.junit4.SpringJUnit4ClassRunner.run(SpringJUnit4ClassRunner.java:190)
	at org.junit.runner.JUnitCore.run(JUnitCore.java:137)
	at com.intellij.junit4.JUnit4IdeaTestRunner.startRunnerWithArgs(JUnit4IdeaTestRunner.java:68)
	at com.intellij.rt.execution.junit.IdeaTestRunner$Repeater.startRunnerWithArgs(IdeaTestRunner.java:47)
	at com.intellij.rt.execution.junit.JUnitStarter.prepareStreamsAndStart(JUnitStarter.java:242)
	at com.intellij.rt.execution.junit.JUnitStarter.main(JUnitStarter.java:70)
Caused by: java.io.IOException: CreateProcess error=2, 系统找不到指定的文件。
	at java.lang.ProcessImpl.create(Native Method)
	at java.lang.ProcessImpl.<init>(ProcessImpl.java:386)
	at java.lang.ProcessImpl.start(ProcessImpl.java:137)
	at java.lang.ProcessBuilder.start(ProcessBuilder.java:1029)
	... 38 common frames omitted
2019-05-06 17:05:32.306 febs [nioEventLoopGroup-3-2] ERROR c.c.s.l.DefaultExceptionListener - 远程主机强迫关闭了一个现有的连接。
java.io.IOException: 远程主机强迫关闭了一个现有的连接。
	at sun.nio.ch.SocketDispatcher.read0(Native Method)
	at sun.nio.ch.SocketDispatcher.read(SocketDispatcher.java:43)
	at sun.nio.ch.IOUtil.readIntoNativeBuffer(IOUtil.java:223)
	at sun.nio.ch.IOUtil.read(IOUtil.java:192)
	at sun.nio.ch.SocketChannelImpl.read(SocketChannelImpl.java:380)
	at io.netty.buffer.PooledUnsafeDirectByteBuf.setBytes(PooledUnsafeDirectByteBuf.java:288)
	at io.netty.buffer.AbstractByteBuf.writeBytes(AbstractByteBuf.java:1125)
	at io.netty.channel.socket.nio.NioSocketChannel.doReadBytes(NioSocketChannel.java:347)
	at io.netty.channel.nio.AbstractNioByteChannel$NioByteUnsafe.read(AbstractNioByteChannel.java:148)
	at io.netty.channel.nio.NioEventLoop.processSelectedKey(NioEventLoop.java:682)
	at io.netty.channel.nio.NioEventLoop.processSelectedKeysOptimized(NioEventLoop.java:617)
	at io.netty.channel.nio.NioEventLoop.processSelectedKeys(NioEventLoop.java:534)
	at io.netty.channel.nio.NioEventLoop.run(NioEventLoop.java:496)
	at io.netty.util.concurrent.SingleThreadEventExecutor$5.run(SingleThreadEventExecutor.java:906)
	at io.netty.util.internal.ThreadExecutorMap$2.run(ThreadExecutorMap.java:74)
	at io.netty.util.concurrent.FastThreadLocalRunnable.run(FastThreadLocalRunnable.java:30)
	at java.lang.Thread.run(Thread.java:748)
