2019-05-21 23:12:11.439 febs [main] INFO  c.zjucsc.PacketMasterWebApplication - Starting PacketMasterWebApplication on hongqianhuideMacBook-Pro.local with PID 14306 (/Users/hongqianhui/JavaProjects/packet-master-web/out/artifacts/packet_master_web_jar/packet-master-web.jar started by hongqianhui in /Users/hongqianhui/JavaProjects/packet-master-web/out/artifacts/packet_master_web_jar)
2019-05-21 23:12:11.442 febs [main] INFO  c.zjucsc.PacketMasterWebApplication - No active profile set, falling back to default profiles: default
2019-05-21 23:12:13.333 febs [main] INFO  o.s.c.s.PostProcessorRegistrationDelegate$BeanPostProcessorChecker - Bean 'org.springframework.kafka.annotation.KafkaBootstrapConfiguration' of type [org.springframework.kafka.annotation.KafkaBootstrapConfiguration$$EnhancerBySpringCGLIB$$a9fde2ad] is not eligible for getting processed by all BeanPostProcessors (for example: not eligible for auto-proxying)
2019-05-21 23:12:13.456 febs [main] INFO  o.s.c.s.PostProcessorRegistrationDelegate$BeanPostProcessorChecker - Bean 'spring.datasource.dynamic-com.baomidou.dynamic.datasource.spring.boot.autoconfigure.DynamicDataSourceProperties' of type [com.baomidou.dynamic.datasource.spring.boot.autoconfigure.DynamicDataSourceProperties] is not eligible for getting processed by all BeanPostProcessors (for example: not eligible for auto-proxying)
2019-05-21 23:12:13.786 febs [main] INFO  o.s.c.s.PostProcessorRegistrationDelegate$BeanPostProcessorChecker - Bean 'com.baomidou.dynamic.datasource.spring.boot.autoconfigure.DynamicDataSourceAutoConfiguration' of type [com.baomidou.dynamic.datasource.spring.boot.autoconfigure.DynamicDataSourceAutoConfiguration$$EnhancerBySpringCGLIB$$3fda41fb] is not eligible for getting processed by all BeanPostProcessors (for example: not eligible for auto-proxying)
2019-05-21 23:12:13.795 febs [main] INFO  o.s.c.s.PostProcessorRegistrationDelegate$BeanPostProcessorChecker - Bean 'dsProcessor' of type [com.baomidou.dynamic.datasource.processor.DsHeaderProcessor] is not eligible for getting processed by all BeanPostProcessors (for example: not eligible for auto-proxying)
2019-05-21 23:12:13.800 febs [main] INFO  o.s.c.s.PostProcessorRegistrationDelegate$BeanPostProcessorChecker - Bean 'dynamicDatasourceAnnotationAdvisor' of type [com.baomidou.dynamic.datasource.aop.DynamicDataSourceAnnotationAdvisor] is not eligible for getting processed by all BeanPostProcessors (for example: not eligible for auto-proxying)
2019-05-21 23:12:13.953 febs [main] INFO  o.s.c.s.PostProcessorRegistrationDelegate$BeanPostProcessorChecker - Bean 'org.springframework.transaction.annotation.ProxyTransactionManagementConfiguration' of type [org.springframework.transaction.annotation.ProxyTransactionManagementConfiguration$$EnhancerBySpringCGLIB$$d64bd12a] is not eligible for getting processed by all BeanPostProcessors (for example: not eligible for auto-proxying)
2019-05-21 23:12:14.598 febs [main] INFO  o.s.b.w.e.tomcat.TomcatWebServer - Tomcat initialized with port(s): 8080 (http)
2019-05-21 23:12:14.621 febs [main] INFO  o.a.coyote.http11.Http11NioProtocol - Initializing ProtocolHandler ["http-nio-192.168.1.104-8080"]
2019-05-21 23:12:14.641 febs [main] INFO  o.a.catalina.core.StandardService - Starting service [Tomcat]
2019-05-21 23:12:14.641 febs [main] INFO  o.a.catalina.core.StandardEngine - Starting Servlet engine: [Apache Tomcat/9.0.17]
2019-05-21 23:12:14.750 febs [main] INFO  o.a.c.c.C.[Tomcat].[localhost].[/] - Initializing Spring embedded WebApplicationContext
2019-05-21 23:12:14.750 febs [main] INFO  o.s.web.context.ContextLoader - Root WebApplicationContext: initialization completed in 3239 ms
2019-05-21 23:12:15.056 febs [main] INFO  c.b.d.d.DynamicRoutingDataSource - 动态数据源-检测到并开启了p6spy
2019-05-21 23:12:15.068 febs [main] INFO  com.zaxxer.hikari.HikariDataSource - primary - Starting...
2019-05-21 23:12:15.561 febs [main] INFO  com.zaxxer.hikari.HikariDataSource - primary - Start completed.
2019-05-21 23:12:15.561 febs [main] INFO  c.b.d.d.DynamicRoutingDataSource - 初始共加载 1 个数据源
2019-05-21 23:12:15.561 febs [main] INFO  c.b.d.d.DynamicRoutingDataSource - 动态数据源-加载 primary 成功
2019-05-21 23:12:15.562 febs [main] INFO  c.b.d.d.DynamicRoutingDataSource - 当前的默认数据源是单数据源，数据源名为 primary
2019-05-21 23:12:15.854 febs [main] INFO  o.s.b.a.e.w.ServletEndpointRegistrar - Registered '/actuator/jolokia' to jolokia-actuator-endpoint
2019-05-21 23:12:17.665 febs [main] INFO  o.s.b.a.e.web.EndpointLinksResolver - Exposing 17 endpoint(s) beneath base path '/actuator'
2019-05-21 23:12:17.781 febs [main] INFO  o.s.s.c.ThreadPoolTaskExecutor - Initializing ExecutorService
2019-05-21 23:12:17.782 febs [main] INFO  o.s.s.c.ThreadPoolTaskExecutor - Initializing ExecutorService 'global_single_thread_executor'
2019-05-21 23:12:17.789 febs [main] INFO  o.s.s.c.ThreadPoolTaskExecutor - Initializing ExecutorService
2019-05-21 23:12:17.789 febs [main] INFO  o.s.s.c.ThreadPoolTaskExecutor - Initializing ExecutorService 'attack_info_thread_pool'
2019-05-21 23:12:18.661 febs [main] INFO  o.s.s.c.ThreadPoolTaskScheduler - Initializing ExecutorService 'taskScheduler'
2019-05-21 23:12:18.725 febs [main] INFO  s.d.s.w.p.DocumentationPluginsBootstrapper - Context refreshed
2019-05-21 23:12:18.747 febs [main] INFO  s.d.s.w.p.DocumentationPluginsBootstrapper - Found 1 custom documentation plugin(s)
2019-05-21 23:12:18.759 febs [main] INFO  s.d.s.w.s.ApiListingReferenceScanner - Scanning for api listing references
2019-05-21 23:12:19.094 febs [main] INFO  o.a.coyote.http11.Http11NioProtocol - Starting ProtocolHandler ["http-nio-192.168.1.104-8080"]
2019-05-21 23:12:19.130 febs [main] INFO  o.s.b.w.e.tomcat.TomcatWebServer - Tomcat started on port(s): 8080 (http) with context path ''
2019-05-21 23:12:19.134 febs [main] INFO  c.zjucsc.PacketMasterWebApplication - Started PacketMasterWebApplication in 8.581 seconds (JVM running for 9.156)
2019-05-21 23:12:19.255 febs [main] INFO  p6spy - 1558451539255|1|statement|connection 1|url jdbc:mysql://localhost:3306/packet_master_web?useUnicode=true&characterEncoding=UTF-8&useJDBCCompliantTimezoneShift=true&useLegacyDatetimeCode=false&serverTimezone=UTC|SELECT  id,protocol_id,protocol_name  FROM protocol_id|SELECT  id,protocol_id,protocol_name  FROM protocol_id
2019-05-21 23:12:19.277 febs [main] INFO  p6spy - 1558451539276|1|statement|connection 2|url jdbc:mysql://localhost:3306/packet_master_web?useUnicode=true&characterEncoding=UTF-8&useJDBCCompliantTimezoneShift=true&useLegacyDatetimeCode=false&serverTimezone=UTC|SELECT  id,protocol_id,protocol_name  FROM protocol_id|SELECT  id,protocol_id,protocol_name  FROM protocol_id
2019-05-21 23:12:19.302 febs [main] INFO  p6spy - 1558451539302|8|statement|connection 3|url jdbc:mysql://localhost:3306/packet_master_web?useUnicode=true&characterEncoding=UTF-8&useJDBCCompliantTimezoneShift=true&useLegacyDatetimeCode=false&serverTimezone=UTC|SELECT  id,protocol_id,fun_code,opt  FROM configuration_setting|SELECT  id,protocol_id,fun_code,opt  FROM configuration_setting
2019-05-21 23:12:19.326 febs [main] INFO  p6spy - 1558451539326|1|statement|connection 4|url jdbc:mysql://localhost:3306/packet_master_web?useUnicode=true&characterEncoding=UTF-8&useJDBCCompliantTimezoneShift=true&useLegacyDatetimeCode=false&serverTimezone=UTC|SELECT  id,protocol_id,fun_code,opt  FROM configuration_setting|SELECT  id,protocol_id,fun_code,opt  FROM configuration_setting
2019-05-21 23:12:19.336 febs [main] INFO  c.z.a.task.InitConfigurationService - 
******************** 
 AUTH_MAP : {2147483647=admin, 0=visitor, 100=operator} 
********************
2019-05-21 23:12:19.339 febs [main] INFO  c.z.a.task.InitConfigurationService - 
******************** 
 size : 25 ; CONFIGURATION_MAP : {udp={}, s7comm_ack_data={}, s7comm={0=CPU服务, 240=建立通信, 4=读取值, 5=写入值, 40=程序调用服务, 41=关闭PLC, 26=请求下载, 27=下载块, 28=下载结束, 29=开始上传, 30=上传, 31=上传结束}, clnp={}, goose={}, opcaua={769=设置监控模式请求, 772=设置监控模式响应, 775=设置触发请求, 778=设置触发响应, 397=服务故障, 781=删除监控项请求, 527=浏览请求, 784=删除监控项响应, 530=浏览响应, 787=创建订阅请求, 533=浏览下一个请求, 790=创建订阅响应, 536=浏览下一个响应, 664=历史更新请求, 793=修改订阅请求, 410=测试堆栈请求, 667=历史更新响应, 796=修改订阅响应, 413=测试堆栈响应, 799=设置发布模式请求, 416=测试栈前请求, 673=写请求, 802=设置发布模式响应, 419=测试栈前响应, 676=写响应, 422=查询服务器请求, 425=查询服务器响应, 554=将浏览路径转换为节点ID的请求, 428=获取断点请求, 557=将浏览路径转换为节点ID的响应, 431=获取断点响应, 12208=查询在网服务器请求, 560=注册节点请求, 12209=查询在网服务器响应, 12211=注册要请求的服务器, 563=注册节点响应, 12212=注册要响应的服务器, 437=注册服务器请求, 566=注销节点请求, 440=注册服务器响应, 569=注销节点响应, 826=发布请求, 700=历史更新请求, 829=发布响应, 446=开放安全信道请求, 703=历史更新响应, 832=重新发布请求, 449=开放安全信道响应, 835=重新发布响应, 452=关闭安全信道请求, 455=关闭安全信道响应, 712=调用请求, 841=转移订阅请求, 715=调用响应, 844=转移订阅响应, 461=创建会话请求, 847=删除订阅请求, 464=创建会话响应, 850=删除订阅响应, 467=激活会话请求, 470=激活会话响应, 473=关闭会话请求, 476=关闭会话响应, 479=取消请求, 482=取消响应, 615=查询首项请求, 488=添加节点请求, 618=查询首项响应, 491=添加节点响应, 621=查询下一项请求, 494=添加引用请求, 751=创建监视项请求, 624=查询下一项响应, 497=添加引用响应, 754=创建监视项响应, 500=删除节点请求, 503=删除节点响应, 631=读取请求, 506=删除引用请求, 634=读取响应, 763=修改监视项请求, 509=删除引用响应, 766=修改监视项响应}, nbns={}, unknown={}, ipv4={}, ipv6={}, unknown packet={}, arp={}, tcp={}, iec104={}, s7comm_job={}, dns={}, dnp3.0={}, five_dimension={}, stp={}, icmpv6={}, igmp={}, ethernet={}, modbus={16=写多个寄存器, 4=读输入寄存器, 20=读文件记录, 5=写单个线圈, 21=写文件记录, 6=写单个寄存器, 22=屏蔽写寄存器, 23=读/写多个寄存器, 43=读设备识别码, 15=写多个线圈}, esis={}, lldp={}}
********************
2019-05-21 23:12:19.339 febs [main] INFO  c.z.a.task.InitConfigurationService - 
******************** 
 size : 25 ; PROTOCOL_STR_TO_INT : {1=modbus, 2=s7comm, 3=s7comm_job, 4=s7comm_ack_data, 5=tcp, 6=ipv4, 7=udp, -1=unknown packet, 8=arp, 9=ipv6, -2=five_dimension, 10=dns, 11=ethernet, 12=opcaua, 13=iec104, 14=dnp3.0, 15=nbns, 16=goose, 17=stp, 18=clnp, 19=esis, 20=icmpv6, 21=igmp, 22=lldp, -100=unknown} 
********************
2019-05-21 23:12:19.341 febs [main] INFO  c.z.a.task.InitConfigurationService - 
******************** 
 size : 0 ; ART_FILTER MAP: {} 
********************
2019-05-21 23:12:22.742 febs [Thread-3] INFO  o.s.s.c.ThreadPoolTaskScheduler - Shutting down ExecutorService 'taskScheduler'
2019-05-21 23:12:22.755 febs [Thread-3] INFO  o.s.s.c.ThreadPoolTaskExecutor - Shutting down ExecutorService 'attack_info_thread_pool'
2019-05-21 23:12:22.755 febs [Thread-3] INFO  o.s.s.c.ThreadPoolTaskExecutor - Shutting down ExecutorService 'global_single_thread_executor'
2019-05-21 23:12:22.760 febs [Thread-3] INFO  c.b.d.d.DynamicRoutingDataSource - closing dynamicDatasource  ing....
2019-05-21 23:12:22.760 febs [Thread-3] INFO  com.zaxxer.hikari.HikariDataSource - primary - Shutdown initiated...
2019-05-21 23:12:22.782 febs [Thread-3] INFO  com.zaxxer.hikari.HikariDataSource - primary - Shutdown completed.
