2019-05-22 19:48:34.994 febs [main] INFO  c.zjucsc.PacketMasterWebApplication - Starting PacketMasterWebApplication on SC-201705181836 with PID 9044 (C:\Users\Administrator\IdeaProjects\packet-master-web\out\artifacts\packet_master_web_jar\packet-master-web.jar started by Administrator in C:\Users\Administrator\IdeaProjects\packet-master-web\out\artifacts\packet_master_web_jar)
2019-05-22 19:48:34.994 febs [main] INFO  c.zjucsc.PacketMasterWebApplication - No active profile set, falling back to default profiles: default
2019-05-22 19:48:37.866 febs [main] INFO  o.s.c.s.PostProcessorRegistrationDelegate$BeanPostProcessorChecker - Bean 'org.springframework.kafka.annotation.KafkaBootstrapConfiguration' of type [org.springframework.kafka.annotation.KafkaBootstrapConfiguration$$EnhancerBySpringCGLIB$$5db3d58c] is not eligible for getting processed by all BeanPostProcessors (for example: not eligible for auto-proxying)
2019-05-22 19:48:38.022 febs [main] INFO  o.s.c.s.PostProcessorRegistrationDelegate$BeanPostProcessorChecker - Bean 'spring.datasource.dynamic-com.baomidou.dynamic.datasource.spring.boot.autoconfigure.DynamicDataSourceProperties' of type [com.baomidou.dynamic.datasource.spring.boot.autoconfigure.DynamicDataSourceProperties] is not eligible for getting processed by all BeanPostProcessors (for example: not eligible for auto-proxying)
2019-05-22 19:48:38.178 febs [main] INFO  o.s.c.s.PostProcessorRegistrationDelegate$BeanPostProcessorChecker - Bean 'com.baomidou.dynamic.datasource.spring.boot.autoconfigure.DynamicDataSourceAutoConfiguration' of type [com.baomidou.dynamic.datasource.spring.boot.autoconfigure.DynamicDataSourceAutoConfiguration$$EnhancerBySpringCGLIB$$f39034da] is not eligible for getting processed by all BeanPostProcessors (for example: not eligible for auto-proxying)
2019-05-22 19:48:38.194 febs [main] INFO  o.s.c.s.PostProcessorRegistrationDelegate$BeanPostProcessorChecker - Bean 'dsProcessor' of type [com.baomidou.dynamic.datasource.processor.DsHeaderProcessor] is not eligible for getting processed by all BeanPostProcessors (for example: not eligible for auto-proxying)
2019-05-22 19:48:38.194 febs [main] INFO  o.s.c.s.PostProcessorRegistrationDelegate$BeanPostProcessorChecker - Bean 'dynamicDatasourceAnnotationAdvisor' of type [com.baomidou.dynamic.datasource.aop.DynamicDataSourceAnnotationAdvisor] is not eligible for getting processed by all BeanPostProcessors (for example: not eligible for auto-proxying)
2019-05-22 19:48:38.366 febs [main] INFO  o.s.c.s.PostProcessorRegistrationDelegate$BeanPostProcessorChecker - Bean 'org.springframework.transaction.annotation.ProxyTransactionManagementConfiguration' of type [org.springframework.transaction.annotation.ProxyTransactionManagementConfiguration$$EnhancerBySpringCGLIB$$8a01c409] is not eligible for getting processed by all BeanPostProcessors (for example: not eligible for auto-proxying)
2019-05-22 19:48:39.737 febs [main] INFO  o.s.b.w.e.tomcat.TomcatWebServer - Tomcat initialized with port(s): 8080 (http)
2019-05-22 19:48:39.752 febs [main] INFO  o.a.coyote.http11.Http11NioProtocol - Initializing ProtocolHandler ["http-nio-192.168.0.121-8080"]
2019-05-22 19:48:39.768 febs [main] INFO  o.a.catalina.core.StandardService - Starting service [Tomcat]
2019-05-22 19:48:39.768 febs [main] INFO  o.a.catalina.core.StandardEngine - Starting Servlet engine: [Apache Tomcat/9.0.17]
2019-05-22 19:48:39.909 febs [main] INFO  o.a.c.c.C.[Tomcat].[localhost].[/] - Initializing Spring embedded WebApplicationContext
2019-05-22 19:48:39.909 febs [main] INFO  o.s.web.context.ContextLoader - Root WebApplicationContext: initialization completed in 4727 ms
2019-05-22 19:48:40.359 febs [main] INFO  c.b.d.d.DynamicRoutingDataSource - 动态数据源-检测到并开启了p6spy
2019-05-22 19:48:40.375 febs [main] INFO  com.zaxxer.hikari.HikariDataSource - primary - Starting...
2019-05-22 19:48:41.312 febs [main] INFO  com.zaxxer.hikari.HikariDataSource - primary - Start completed.
2019-05-22 19:48:41.312 febs [main] INFO  c.b.d.d.DynamicRoutingDataSource - 初始共加载 1 个数据源
2019-05-22 19:48:41.312 febs [main] INFO  c.b.d.d.DynamicRoutingDataSource - 动态数据源-加载 primary 成功
2019-05-22 19:48:41.312 febs [main] INFO  c.b.d.d.DynamicRoutingDataSource - 当前的默认数据源是单数据源，数据源名为 primary
2019-05-22 19:48:41.734 febs [main] INFO  o.s.b.a.e.w.ServletEndpointRegistrar - Registered '/actuator/jolokia' to jolokia-actuator-endpoint
2019-05-22 19:48:44.099 febs [main] INFO  o.s.b.a.e.web.EndpointLinksResolver - Exposing 17 endpoint(s) beneath base path '/actuator'
2019-05-22 19:48:44.219 febs [main] INFO  o.s.s.c.ThreadPoolTaskExecutor - Initializing ExecutorService
2019-05-22 19:48:44.219 febs [main] INFO  o.s.s.c.ThreadPoolTaskExecutor - Initializing ExecutorService 'global_single_thread_executor'
2019-05-22 19:48:44.219 febs [main] INFO  o.s.s.c.ThreadPoolTaskExecutor - Initializing ExecutorService
2019-05-22 19:48:44.219 febs [main] INFO  o.s.s.c.ThreadPoolTaskExecutor - Initializing ExecutorService 'attack_info_thread_pool'
2019-05-22 19:48:45.069 febs [main] INFO  o.s.s.c.ThreadPoolTaskScheduler - Initializing ExecutorService
2019-05-22 19:48:45.392 febs [main] INFO  o.s.s.c.ThreadPoolTaskScheduler - Initializing ExecutorService 'taskScheduler'
2019-05-22 19:48:45.485 febs [main] INFO  s.d.s.w.p.DocumentationPluginsBootstrapper - Context refreshed
2019-05-22 19:48:45.517 febs [main] INFO  s.d.s.w.p.DocumentationPluginsBootstrapper - Found 1 custom documentation plugin(s)
2019-05-22 19:48:45.532 febs [main] INFO  s.d.s.w.s.ApiListingReferenceScanner - Scanning for api listing references
2019-05-22 19:48:46.088 febs [main] INFO  o.a.coyote.http11.Http11NioProtocol - Starting ProtocolHandler ["http-nio-192.168.0.121-8080"]
2019-05-22 19:48:46.151 febs [main] INFO  o.s.b.w.e.tomcat.TomcatWebServer - Tomcat started on port(s): 8080 (http) with context path ''
2019-05-22 19:48:46.156 febs [main] INFO  c.zjucsc.PacketMasterWebApplication - Started PacketMasterWebApplication in 12.054 seconds (JVM running for 12.972)
2019-05-22 19:48:46.335 febs [main] INFO  p6spy - 1558525726335|2|statement|connection 1|url jdbc:mysql://localhost:3306/packet_master_web?useUnicode=true&characterEncoding=UTF-8&useJDBCCompliantTimezoneShift=true&useLegacyDatetimeCode=false&serverTimezone=UTC|SELECT  id,protocol_id,protocol_name  FROM protocol_id|SELECT  id,protocol_id,protocol_name  FROM protocol_id
2019-05-22 19:48:46.366 febs [main] INFO  p6spy - 1558525726366|1|statement|connection 2|url jdbc:mysql://localhost:3306/packet_master_web?useUnicode=true&characterEncoding=UTF-8&useJDBCCompliantTimezoneShift=true&useLegacyDatetimeCode=false&serverTimezone=UTC|SELECT  id,protocol_id,protocol_name  FROM protocol_id|SELECT  id,protocol_id,protocol_name  FROM protocol_id
2019-05-22 19:48:46.413 febs [main] INFO  p6spy - 1558525726413|13|statement|connection 3|url jdbc:mysql://localhost:3306/packet_master_web?useUnicode=true&characterEncoding=UTF-8&useJDBCCompliantTimezoneShift=true&useLegacyDatetimeCode=false&serverTimezone=UTC|SELECT  id,protocol_id,fun_code,opt  FROM configuration_setting|SELECT  id,protocol_id,fun_code,opt  FROM configuration_setting
2019-05-22 19:48:46.476 febs [main] INFO  p6spy - 1558525726476|3|statement|connection 4|url jdbc:mysql://localhost:3306/packet_master_web?useUnicode=true&characterEncoding=UTF-8&useJDBCCompliantTimezoneShift=true&useLegacyDatetimeCode=false&serverTimezone=UTC|SELECT  id,protocol_id,fun_code,opt  FROM configuration_setting|SELECT  id,protocol_id,fun_code,opt  FROM configuration_setting
2019-05-22 19:48:46.507 febs [main] INFO  c.z.a.task.InitConfigurationService - 
******************** 
 AUTH_MAP : {2147483647=admin, 0=visitor, 100=operator} 
********************
2019-05-22 19:48:46.507 febs [main] INFO  c.z.a.task.InitConfigurationService - 
******************** 
 size : 4 ; CONFIGURATION_MAP : {s7comm={0=CPU服务, 240=建立通信, 4=读取值, 5=写入值, 40=程序调用服务, 41=关闭PLC, 26=请求下载, 27=下载块, 28=下载结束, 29=开始上传, 30=上传, 31=上传结束}, modbus={1=读线圈, 2=读输入离散量, 3=读多个寄存器, 4=读输入寄存器, 5=写单个线圈, 6=写单个寄存器, 43=读设备识别码, 15=写多个线圈, 16=写多个寄存器, 20=读文件记录, 21=写文件记录, 22=屏蔽写寄存器, 23=读/写多个寄存器}, iec104={1=单点信息, 3=双点信息, 5=步位置信息, 7=32位比特串, 9=测量值，归一化值, 11=测量值，标度化值, 13=测量值，短浮点数, 15=累计量, 20=带状态检出的成组单点信息, 21=不带品质描述的归一化测量值, 30=带时标CP56Time2a的单点信息, 31=带时标CP56Time2a的双点信息, 32=带时标CP56Time2a的步位置信息, 33=带时标CP56Time2a的带时标CP56Time2a的32位比特串, 34=测量值，带时标CP56Time2a的归一化值, 35=测量值，带时标CP56Time2a的标度化值, 36=测量值，带时标CP56Time2a的短浮点数, 37=带时标CP56Time2a的累计量, 38=带时标CP56Time2a的继电保护装置事件, 39=带时标CP56Time2a的被控站成组启动事件, 40=带时标CP56Time2a的继电保护装置成组输出电路信息, 41=包含带时标的安全统计的累计量, 45=单命令, 46=双命令, 47=步调节命令, 48=设点命令，归一化值, 49=设点命令，标度化值, 50=设点命令，短浮点数, 51=32位比特串, 58=带时标CP56Time2a的单命令, 59=带时标CP56Time2a的双命令, 60=带时标CP56Time2a的步调节命令, 61=设点命令，带时标CP56Time2a的归一化值, 62=设点命令，带时标CP56Time2a的标度化值, 63=设点命令，带时标CP56Time2a的短浮点数, 64=带时标CP56Time2a的32比特串, 70=初始化结束, 81=身份认证质询, 82=身份认证响应, 83=主动模式身份认证请求会话密钥状态请求, 84=会话密钥状态请求, 85=会话密钥状态, 86=会话密钥变化, 87=身份认证错误, 90=用户状态变化, 91=更新密钥变化请求, 92=更新密钥变化响应, 93=更新对称密钥变化, 94=更新非对称密钥变化, 95=更新密钥变化配置, 100=总查询命令, 101=电能脉冲（计数器）查询命令, 102=读命令, 103=时钟同步命令, 105=复位进程命令, 107=带时标CP56Time2a的测试命令, 110=测量值参数，归一化值, 111=测量值参数，标度化值, 112=测量值参数，短浮点数, 113=参数激活, 120=文件已准备好, 121=节已准备好, 122=召唤目录；选择文件；召唤文件；召唤节, 123=最后的节，最后的段, 124=确认文件，确认节, 125=段, 126=目录, 127=日志查询-请求存档文件}, opcaua={769=设置监控模式请求, 772=设置监控模式响应, 775=设置触发请求, 778=设置触发响应, 397=服务故障, 781=删除监控项请求, 527=浏览请求, 784=删除监控项响应, 530=浏览响应, 787=创建订阅请求, 533=浏览下一个请求, 790=创建订阅响应, 536=浏览下一个响应, 664=历史更新请求, 793=修改订阅请求, 410=测试堆栈请求, 667=历史更新响应, 796=修改订阅响应, 413=测试堆栈响应, 799=设置发布模式请求, 416=测试栈前请求, 673=写请求, 802=设置发布模式响应, 419=测试栈前响应, 676=写响应, 422=查询服务器请求, 425=查询服务器响应, 554=将浏览路径转换为节点ID的请求, 428=获取断点请求, 557=将浏览路径转换为节点ID的响应, 431=获取断点响应, 12208=查询在网服务器请求, 560=注册节点请求, 12209=查询在网服务器响应, 12211=注册要请求的服务器, 563=注册节点响应, 12212=注册要响应的服务器, 437=注册服务器请求, 566=注销节点请求, 440=注册服务器响应, 569=注销节点响应, 826=发布请求, 700=历史更新请求, 829=发布响应, 446=开放安全信道请求, 703=历史更新响应, 832=重新发布请求, 449=开放安全信道响应, 835=重新发布响应, 452=关闭安全信道请求, 455=关闭安全信道响应, 712=调用请求, 841=转移订阅请求, 715=调用响应, 844=转移订阅响应, 461=创建会话请求, 847=删除订阅请求, 464=创建会话响应, 850=删除订阅响应, 467=激活会话请求, 470=激活会话响应, 473=关闭会话请求, 476=关闭会话响应, 479=取消请求, 482=取消响应, 615=查询首项请求, 488=添加节点请求, 618=查询首项响应, 491=添加节点响应, 621=查询下一项请求, 494=添加引用请求, 751=创建监视项请求, 624=查询下一项响应, 497=添加引用响应, 754=创建监视项响应, 500=删除节点请求, 503=删除节点响应, 631=读取请求, 506=删除引用请求, 634=读取响应, 763=修改监视项请求, 509=删除引用响应, 766=修改监视项响应}}
********************
2019-05-22 19:48:46.523 febs [main] INFO  c.z.a.task.InitConfigurationService - 
******************** 
 size : 16 ; PROTOCOL_STR_TO_INT : {1=modbus, 2=s7comm, 3=s7comm_job, 4=s7comm_ack_data, 5=tcp, 6=ipv4, 7=udp, -1=unknown packet, 8=arp, 9=ipv6, -2=five_dimension, 10=dns, 11=ethernet, 12=opcaua, -100=unknown, 13=iec104} 
********************
2019-05-22 19:48:46.523 febs [main] INFO  c.z.a.task.InitConfigurationService - 
******************** 
 size : 1 ; ART_FILTER MAP: {s7comm=com.zjucsc.application.system.art.S7commDecode@123c48d0} 
********************
2019-05-22 19:49:50.725 febs [Thread-3] INFO  o.s.s.c.ThreadPoolTaskScheduler - Shutting down ExecutorService 'taskScheduler'
2019-05-22 19:49:50.741 febs [Thread-3] INFO  o.s.s.c.ThreadPoolTaskScheduler - Shutting down ExecutorService
2019-05-22 19:49:50.741 febs [Thread-3] INFO  o.s.s.c.ThreadPoolTaskExecutor - Shutting down ExecutorService 'attack_info_thread_pool'
2019-05-22 19:49:50.741 febs [Thread-3] INFO  o.s.s.c.ThreadPoolTaskExecutor - Shutting down ExecutorService 'global_single_thread_executor'
2019-05-22 19:49:50.741 febs [Thread-3] INFO  c.b.d.d.DynamicRoutingDataSource - closing dynamicDatasource  ing....
2019-05-22 19:49:50.741 febs [Thread-3] INFO  com.zaxxer.hikari.HikariDataSource - primary - Shutdown initiated...
2019-05-22 19:49:50.756 febs [Thread-3] INFO  com.zaxxer.hikari.HikariDataSource - primary - Shutdown completed.
